#
# A fatal error has been detected by the Java Runtime Environment:
#
#  EXCEPTION_ACCESS_VIOLATION (0xc0000005) at pc=0x677259dc, pid=3400, tid=6544
#
# JRE version: 7.0_15-b03
# Java VM: Java HotSpot(TM) Client VM (23.7-b01 mixed mode, sharing windows-x86 )
# Problematic frame:
# C  [libtesseract302.dll+0x59dc]  STRING::strdup+0x467c
#
# Failed to write core dump. Minidumps are not enabled by default on client versions of Windows
#
# If you would like to submit a bug report, please visit:
#   http://bugreport.sun.com/bugreport/crash.jsp
# The crash happened outside the Java Virtual Machine in native code.
# See problematic frame for where to report the bug.
#

---------------  T H R E A D  ---------------

Current thread (0x084b6c00):  JavaThread "AWT-EventQueue-0" [_thread_in_native, id=6544, stack(0x082d0000,0x08320000)]

siginfo: ExceptionCode=0xc0000005, reading address 0x00000000

Registers:
EAX=0x00000000, EBX=0x0899a144, ECX=0x00000000, EDX=0x08910048
ESP=0x0831ce68, EBP=0x089959e8, ESI=0x08995f10, EDI=0x08995a78
EIP=0x677259dc, EFLAGS=0x00010206

Top of Stack: (sp=0x0831ce68)
0x0831ce68:   00000000 09750048 08995f10 089959e8
0x0831ce78:   0899a144 00000000 00000000 00000000
0x0831ce88:   00000000 00000000 00000000 00000000
0x0831ce98:   00000000 00000000 00000000 00000000
0x0831cea8:   00000000 00000000 00000000 00000000
0x0831ceb8:   00000000 00000000 00000000 00000000
0x0831cec8:   00000000 00000000 00000000 00000000
0x0831ced8:   00000000 00000000 00000000 00000000 

Instructions: (pc=0x677259dc)
0x677259bc:   86 b8 00 00 00 ff 86 b0 0f 00 00 57 50 e8 3a 6e
0x677259cc:   10 00 8b 8e b8 00 00 00 8b f8 8b 86 94 06 00 00
0x677259dc:   8b 00 83 c4 04 3b c8 89 7c 24 10 7c 02 8b c1 50
0x677259ec:   e8 17 6e 10 00 8b 9c 24 34 08 00 00 8b 94 24 30 


Register to memory mapping:

EAX=0x00000000 is an unknown value
EBX=0x0899a144 is an unknown value
ECX=0x00000000 is an unknown value
EDX=0x08910048 is an unknown value
ESP=0x0831ce68 is pointing into the stack for thread: 0x084b6c00
EBP=0x089959e8 is an unknown value
ESI=0x08995f10 is an unknown value
EDI=0x08995a78 is an unknown value


Stack: [0x082d0000,0x08320000],  sp=0x0831ce68,  free space=307k
Native frames: (J=compiled Java code, j=interpreted, Vv=VM code, C=native code)
C  [libtesseract302.dll+0x59dc]  STRING::strdup+0x467c

Java frames: (J=compiled Java code, j=interpreted, Vv=VM code)
j  com.sun.jna.Native.invokePointer(JI[Ljava/lang/Object;)J+0
j  com.sun.jna.Function.invokePointer(I[Ljava/lang/Object;)Lcom/sun/jna/Pointer;+6
j  com.sun.jna.Function.invoke([Ljava/lang/Object;Ljava/lang/Class;Z)Ljava/lang/Object;+642
j  com.sun.jna.Function.invoke(Ljava/lang/Class;[Ljava/lang/Object;Ljava/util/Map;)Ljava/lang/Object;+214
j  com.sun.jna.Library$Handler.invoke(Ljava/lang/Object;Ljava/lang/reflect/Method;[Ljava/lang/Object;)Ljava/lang/Object;+341
j  com.sun.proxy.$Proxy0.TessBaseAPIGetUTF8Text(Lnet/sourceforge/tess4j/TessAPI$TessBaseAPI;)Lcom/sun/jna/Pointer;+16
j  net.sourceforge.tess4j.Tesseract.doOCR(IILjava/nio/ByteBuffer;Ljava/awt/Rectangle;I)Ljava/lang/String;+215
j  net.sourceforge.tess4j.Tesseract.doOCR(Ljava/util/List;Ljava/awt/Rectangle;)Ljava/lang/String;+95
j  net.sourceforge.tess4j.Tesseract.doOCR(Ljava/awt/image/BufferedImage;Ljava/awt/Rectangle;)Ljava/lang/String;+33
j  net.sourceforge.tess4j.Tesseract.doOCR(Ljava/awt/image/BufferedImage;)Ljava/lang/String;+3
j  QuickSave.MainGui.OCR(Ljava/awt/image/BufferedImage;Ljava/lang/String;)Ljava/lang/String;+8
j  QuickSave.MainGui.ReadCheck()V+84
j  QuickSave.MainGui.DisplayImage()V+108
j  QuickSave.MainGui.jRadioButtonMenuItem1ActionPerformed(Ljava/awt/event/ActionEvent;)V+25
j  QuickSave.MainGui.access$1500(LQuickSave/MainGui;Ljava/awt/event/ActionEvent;)V+2
j  QuickSave.MainGui$22.actionPerformed(Ljava/awt/event/ActionEvent;)V+5
j  javax.swing.AbstractButton.fireActionPerformed(Ljava/awt/event/ActionEvent;)V+84
j  javax.swing.AbstractButton$Handler.actionPerformed(Ljava/awt/event/ActionEvent;)V+5
j  javax.swing.DefaultButtonModel.fireActionPerformed(Ljava/awt/event/ActionEvent;)V+35
j  javax.swing.JToggleButton$ToggleButtonModel.setPressed(Z)V+148
j  javax.swing.AbstractButton.doClick(I)V+64
j  javax.swing.plaf.basic.BasicMenuItemUI.doClick(Ljavax/swing/MenuSelectionManager;)V+53
j  javax.swing.plaf.basic.BasicMenuItemUI$Handler.mouseReleased(Ljava/awt/event/MouseEvent;)V+76
j  java.awt.Component.processMouseEvent(Ljava/awt/event/MouseEvent;)V+64
j  javax.swing.JComponent.processMouseEvent(Ljava/awt/event/MouseEvent;)V+23
j  java.awt.Component.processEvent(Ljava/awt/AWTEvent;)V+81
j  java.awt.Container.processEvent(Ljava/awt/AWTEvent;)V+18
j  java.awt.Component.dispatchEventImpl(Ljava/awt/AWTEvent;)V+581
j  java.awt.Container.dispatchEventImpl(Ljava/awt/AWTEvent;)V+42
j  java.awt.Component.dispatchEvent(Ljava/awt/AWTEvent;)V+2
j  java.awt.LightweightDispatcher.retargetMouseEvent(Ljava/awt/Component;ILjava/awt/event/MouseEvent;)V+327
j  java.awt.LightweightDispatcher.processMouseEvent(Ljava/awt/event/MouseEvent;)Z+139
j  java.awt.LightweightDispatcher.dispatchEvent(Ljava/awt/AWTEvent;)Z+50
j  java.awt.Container.dispatchEventImpl(Ljava/awt/AWTEvent;)V+12
j  java.awt.Window.dispatchEventImpl(Ljava/awt/AWTEvent;)V+19
j  java.awt.Component.dispatchEvent(Ljava/awt/AWTEvent;)V+2
j  java.awt.EventQueue.dispatchEventImpl(Ljava/awt/AWTEvent;Ljava/lang/Object;)V+41
j  java.awt.EventQueue.access$200(Ljava/awt/EventQueue;Ljava/awt/AWTEvent;Ljava/lang/Object;)V+3
j  java.awt.EventQueue$3.run()Ljava/lang/Void;+12
j  java.awt.EventQueue$3.run()Ljava/lang/Object;+1
v  ~StubRoutines::call_stub
j  java.security.AccessController.doPrivileged(Ljava/security/PrivilegedAction;Ljava/security/AccessControlContext;)Ljava/lang/Object;+0
j  java.security.ProtectionDomain$1.doIntersectionPrivilege(Ljava/security/PrivilegedAction;Ljava/security/AccessControlContext;Ljava/security/AccessControlContext;)Ljava/lang/Object;+28
j  java.security.ProtectionDomain$1.doIntersectionPrivilege(Ljava/security/PrivilegedAction;Ljava/security/AccessControlContext;)Ljava/lang/Object;+6
j  java.awt.EventQueue$4.run()Ljava/lang/Void;+11
j  java.awt.EventQueue$4.run()Ljava/lang/Object;+1
v  ~StubRoutines::call_stub
j  java.security.AccessController.doPrivileged(Ljava/security/PrivilegedAction;Ljava/security/AccessControlContext;)Ljava/lang/Object;+0
j  java.security.ProtectionDomain$1.doIntersectionPrivilege(Ljava/security/PrivilegedAction;Ljava/security/AccessControlContext;Ljava/security/AccessControlContext;)Ljava/lang/Object;+28
j  java.awt.EventQueue.dispatchEvent(Ljava/awt/AWTEvent;)V+73
j  java.awt.EventDispatchThread.pumpOneEventForFilters(I)V+245
j  java.awt.EventDispatchThread.pumpEventsForFilter(ILjava/awt/Conditional;Ljava/awt/EventFilter;)V+35
j  java.awt.EventDispatchThread.pumpEventsForHierarchy(ILjava/awt/Conditional;Ljava/awt/Component;)V+11
j  java.awt.EventDispatchThread.pumpEvents(ILjava/awt/Conditional;)V+4
j  java.awt.EventDispatchThread.pumpEvents(Ljava/awt/Conditional;)V+3
j  java.awt.EventDispatchThread.run()V+9
v  ~StubRoutines::call_stub

---------------  P R O C E S S  ---------------

Java Threads: ( => current thread )
  0x0023b000 JavaThread "DestroyJavaVM" [_thread_blocked, id=5048, stack(0x006d0000,0x00720000)]
  0x08539800 JavaThread "D3D Screen Updater" daemon [_thread_blocked, id=3220, stack(0x05390000,0x053e0000)]
  0x0852f000 JavaThread "Thread-6" [_thread_blocked, id=2872, stack(0x05220000,0x05270000)]
  0x0852a400 JavaThread "Thread-4" [_thread_blocked, id=5636, stack(0x095a0000,0x095f0000)]
=>0x084b6c00 JavaThread "AWT-EventQueue-0" [_thread_in_native, id=6544, stack(0x082d0000,0x08320000)]
  0x04bf4c00 JavaThread "Image Fetcher 0" daemon [_thread_blocked, id=888, stack(0x07ed0000,0x07f20000)]
  0x04af5800 JavaThread "AWT-Windows" daemon [_thread_in_native, id=1868, stack(0x04fc0000,0x05010000)]
  0x04af5000 JavaThread "AWT-Shutdown" [_thread_blocked, id=3836, stack(0x04d70000,0x04dc0000)]
  0x04af2400 JavaThread "Java2D Disposer" daemon [_thread_blocked, id=6400, stack(0x04de0000,0x04e30000)]
  0x0066e000 JavaThread "Service Thread" daemon [_thread_blocked, id=4976, stack(0x04a50000,0x04aa0000)]
  0x00660400 JavaThread "C1 CompilerThread0" daemon [_thread_blocked, id=4824, stack(0x04990000,0x049e0000)]
  0x0065f000 JavaThread "Attach Listener" daemon [_thread_blocked, id=5752, stack(0x01050000,0x010a0000)]
  0x0065e000 JavaThread "Signal Dispatcher" daemon [_thread_blocked, id=2840, stack(0x047f0000,0x04840000)]
  0x0064a400 JavaThread "Finalizer" daemon [_thread_blocked, id=6536, stack(0x01150000,0x011a0000)]
  0x00645400 JavaThread "Reference Handler" daemon [_thread_blocked, id=6952, stack(0x01000000,0x01050000)]

Other Threads:
  0x00644000 VMThread [stack: 0x00ba0000,0x00bf0000] [id=4264]
  0x00677c00 WatcherThread [stack: 0x04860000,0x048b0000] [id=6860]

VM state:not at safepoint (normal execution)

VM Mutex/Monitor currently owned by a thread: None

Heap
 def new generation   total 27328K, used 6603K [0x23f60000, 0x25d00000, 0x294b0000)
  eden space 24320K,  24% used [0x23f60000, 0x2453efe8, 0x25720000)
  from space 3008K,  19% used [0x25a10000, 0x25aa3e58, 0x25d00000)
  to   space 3008K,   0% used [0x25720000, 0x25720000, 0x25a10000)
 tenured generation   total 60608K, used 51001K [0x294b0000, 0x2cfe0000, 0x33f60000)
   the space 60608K,  84% used [0x294b0000, 0x2c67e488, 0x2c67e600, 0x2cfe0000)
 compacting perm gen  total 12288K, used 4618K [0x33f60000, 0x34b60000, 0x37f60000)
   the space 12288K,  37% used [0x33f60000, 0x343e2a38, 0x343e2c00, 0x34b60000)
    ro space 10240K,  45% used [0x37f60000, 0x383e7290, 0x383e7400, 0x38960000)
    rw space 12288K,  54% used [0x38960000, 0x38feace8, 0x38feae00, 0x39560000)

Card table byte_map: [0x00a50000,0x00b00000] byte_map_base: 0x00930500

Polling page: 0x001e0000

Code Cache  [0x027c0000, 0x02938000, 0x047c0000)
 total_blobs=789 nmethods=537 adapters=186 free_code_cache=31271Kb largest_free_block=32021504

Compilation events (10 events):
Event: 4.490 Thread 0x00660400  533             sun.misc.ProxyGenerator$ConstantPool$IndirectEntry::<init> (21 bytes)
Event: 4.490 Thread 0x00660400 nmethod 533 0x02934388 code [0x02934480, 0x02934510]
Event: 4.490 Thread 0x00660400  534             sun.misc.ProxyGenerator$ConstantPool$IndirectEntry::<init> (21 bytes)
Event: 4.490 Thread 0x00660400 nmethod 534 0x02934548 code [0x02934640, 0x029346d0]
Event: 4.490 Thread 0x00660400  535             java.io.DataOutputStream::writeUTF (435 bytes)
Event: 4.491 Thread 0x00660400 nmethod 535 0x02934708 code [0x029348f0, 0x029351bc]
Event: 4.491 Thread 0x00660400  536             java.io.DataOutputStream::writeShort (35 bytes)
Event: 4.491 Thread 0x00660400 nmethod 536 0x02935d48 code [0x02935e60, 0x02935f58]
Event: 4.500 Thread 0x00660400  538             java.lang.String::<init> (15 bytes)
Event: 4.500 Thread 0x00660400 nmethod 538 0x02936248 code [0x02936340, 0x029363d0]

GC Heap History (10 events):
Event: 1.932 GC heap before
{Heap before GC invocations=5 (full 2):
 def new generation   total 14784K, used 13183K [0x23f60000, 0x24f60000, 0x294b0000)
  eden space 13184K,  99% used [0x23f60000, 0x24c3fcd0, 0x24c40000)
  from space 1600K,   0% used [0x24c40000, 0x24c40000, 0x24dd0000)
  to   space 1600K,   0% used [0x24dd0000, 0x24dd0000, 0x24f60000)
 tenured generation   total 32712K, used 19625K [0x294b0000, 0x2b4a2000, 0x33f60000)
   the space 32712K,  59% used [0x294b0000, 0x2a7da6b0, 0x2a7da800, 0x2b4a2000)
 compacting perm gen  total 12288K, used 3767K [0x33f60000, 0x34b60000, 0x37f60000)
   the space 12288K,  30% used [0x33f60000, 0x3430de90, 0x3430e000, 0x34b60000)
    ro space 10240K,  45% used [0x37f60000, 0x383e7290, 0x383e7400, 0x38960000)
    rw space 12288K,  54% used [0x38960000, 0x38feace8, 0x38feae00, 0x39560000)
Event: 1.941 GC heap after
Heap after GC invocations=6 (full 2):
 def new generation   total 14784K, used 5K [0x23f60000, 0x24f60000, 0x294b0000)
  eden space 13184K,   0% used [0x23f60000, 0x23f60000, 0x24c40000)
  from space 1600K,   0% used [0x24dd0000, 0x24dd1758, 0x24f60000)
  to   space 1600K,   0% used [0x24c40000, 0x24c40000, 0x24dd0000)
 tenured generation   total 32712K, used 30645K [0x294b0000, 0x2b4a2000, 0x33f60000)
   the space 32712K,  93% used [0x294b0000, 0x2b29d5b0, 0x2b29d600, 0x2b4a2000)
 compacting perm gen  total 12288K, used 3767K [0x33f60000, 0x34b60000, 0x37f60000)
   the space 12288K,  30% used [0x33f60000, 0x3430de90, 0x3430e000, 0x34b60000)
    ro space 10240K,  45% used [0x37f60000, 0x383e7290, 0x383e7400, 0x38960000)
    rw space 12288K,  54% used [0x38960000, 0x38feace8, 0x38feae00, 0x39560000)
}
Event: 2.078 GC heap before
{Heap before GC invocations=6 (full 2):
 def new generation   total 14784K, used 12100K [0x23f60000, 0x24f60000, 0x294b0000)
  eden space 13184K,  91% used [0x23f60000, 0x24b2f9c8, 0x24c40000)
  from space 1600K,   0% used [0x24dd0000, 0x24dd1758, 0x24f60000)
  to   space 1600K,   0% used [0x24c40000, 0x24c40000, 0x24dd0000)
 tenured generation   total 47272K, used 45202K [0x294b0000, 0x2c2da000, 0x33f60000)
   the space 47272K,  95% used [0x294b0000, 0x2c0d4998, 0x2c0d4a00, 0x2c2da000)
 compacting perm gen  total 12288K, used 3787K [0x33f60000, 0x34b60000, 0x37f60000)
   the space 12288K,  30% used [0x33f60000, 0x34312d40, 0x34312e00, 0x34b60000)
    ro space 10240K,  45% used [0x37f60000, 0x383e7290, 0x383e7400, 0x38960000)
    rw space 12288K,  54% used [0x38960000, 0x38feace8, 0x38feae00, 0x39560000)
Event: 2.081 GC heap after
Heap after GC invocations=7 (full 2):
 def new generation   total 14784K, used 634K [0x23f60000, 0x24f60000, 0x294b0000)
  eden space 13184K,   0% used [0x23f60000, 0x23f60000, 0x24c40000)
  from space 1600K,  39% used [0x24c40000, 0x24cde880, 0x24dd0000)
  to   space 1600K,   0% used [0x24dd0000, 0x24dd0000, 0x24f60000)
 tenured generation   total 47272K, used 47000K [0x294b0000, 0x2c2da000, 0x33f60000)
   the space 47272K,  99% used [0x294b0000, 0x2c296338, 0x2c296400, 0x2c2da000)
 compacting perm gen  total 12288K, used 3787K [0x33f60000, 0x34b60000, 0x37f60000)
   the space 12288K,  30% used [0x33f60000, 0x34312d40, 0x34312e00, 0x34b60000)
    ro space 10240K,  45% used [0x37f60000, 0x383e7290, 0x383e7400, 0x38960000)
    rw space 12288K,  54% used [0x38960000, 0x38feace8, 0x38feae00, 0x39560000)
}
Event: 2.102 GC heap before
{Heap before GC invocations=7 (full 2):
 def new generation   total 14784K, used 3488K [0x23f60000, 0x24f60000, 0x294b0000)
  eden space 13184K,  21% used [0x23f60000, 0x242297e8, 0x24c40000)
  from space 1600K,  39% used [0x24c40000, 0x24cde880, 0x24dd0000)
  to   space 1600K,   0% used [0x24dd0000, 0x24dd0000, 0x24f60000)
 tenured generation   total 58192K, used 57918K [0x294b0000, 0x2cd84000, 0x33f60000)
   the space 58192K,  99% used [0x294b0000, 0x2cd3fa30, 0x2cd3fc00, 0x2cd84000)
 compacting perm gen  total 12288K, used 3787K [0x33f60000, 0x34b60000, 0x37f60000)
   the space 12288K,  30% used [0x33f60000, 0x34312d60, 0x34312e00, 0x34b60000)
    ro space 10240K,  45% used [0x37f60000, 0x383e7290, 0x383e7400, 0x38960000)
    rw space 12288K,  54% used [0x38960000, 0x38feace8, 0x38feae00, 0x39560000)
Event: 2.105 GC heap after
Heap after GC invocations=8 (full 2):
 def new generation   total 14784K, used 1230K [0x23f60000, 0x24f60000, 0x294b0000)
  eden space 13184K,   0% used [0x23f60000, 0x23f60000, 0x24c40000)
  from space 1600K,  76% used [0x24dd0000, 0x24f03a28, 0x24f60000)
  to   space 1600K,   0% used [0x24c40000, 0x24c40000, 0x24dd0000)
 tenured generation   total 59992K, used 59716K [0x294b0000, 0x2cf46000, 0x33f60000)
   the space 59992K,  99% used [0x294b0000, 0x2cf013d0, 0x2cf01400, 0x2cf46000)
 compacting perm gen  total 12288K, used 3787K [0x33f60000, 0x34b60000, 0x37f60000)
   the space 12288K,  30% used [0x33f60000, 0x34312d60, 0x34312e00, 0x34b60000)
    ro space 10240K,  45% used [0x37f60000, 0x383e7290, 0x383e7400, 0x38960000)
    rw space 12288K,  54% used [0x38960000, 0x38feace8, 0x38feae00, 0x39560000)
}
Event: 2.226 GC heap before
{Heap before GC invocations=8 (full 2):
 def new generation   total 14784K, used 12825K [0x23f60000, 0x24f60000, 0x294b0000)
  eden space 13184K,  87% used [0x23f60000, 0x24ab2c68, 0x24c40000)
  from space 1600K,  76% used [0x24dd0000, 0x24f03a28, 0x24f60000)
  to   space 1600K,   0% used [0x24c40000, 0x24c40000, 0x24dd0000)
 tenured generation   total 59992K, used 59716K [0x294b0000, 0x2cf46000, 0x33f60000)
   the space 59992K,  99% used [0x294b0000, 0x2cf013d0, 0x2cf01400, 0x2cf46000)
 compacting perm gen  total 12288K, used 3788K [0x33f60000, 0x34b60000, 0x37f60000)
   the space 12288K,  30% used [0x33f60000, 0x34313398, 0x34313400, 0x34b60000)
    ro space 10240K,  45% used [0x37f60000, 0x383e7290, 0x383e7400, 0x38960000)
    rw space 12288K,  54% used [0x38960000, 0x38feace8, 0x38feae00, 0x39560000)
Event: 2.265 GC heap after
Heap after GC invocations=9 (full 3):
 def new generation   total 27328K, used 0K [0x23f60000, 0x25d00000, 0x294b0000)
  eden space 24320K,   0% used [0x23f60000, 0x23f60000, 0x25720000)
  from space 3008K,   0% used [0x25720000, 0x25720000, 0x25a10000)
  to   space 3008K,   0% used [0x25a10000, 0x25a10000, 0x25d00000)
 tenured generation   total 60608K, used 36362K [0x294b0000, 0x2cfe0000, 0x33f60000)
   the space 60608K,  59% used [0x294b0000, 0x2b832bf8, 0x2b832c00, 0x2cfe0000)
 compacting perm gen  total 12288K, used 3788K [0x33f60000, 0x34b60000, 0x37f60000)
   the space 12288K,  30% used [0x33f60000, 0x34313398, 0x34313400, 0x34b60000)
    ro space 10240K,  45% used [0x37f60000, 0x383e7290, 0x383e7400, 0x38960000)
    rw space 12288K,  54% used [0x38960000, 0x38feace8, 0x38feae00, 0x39560000)
}
Event: 3.575 GC heap before
{Heap before GC invocations=9 (full 3):
 def new generation   total 27328K, used 24320K [0x23f60000, 0x25d00000, 0x294b0000)
  eden space 24320K, 100% used [0x23f60000, 0x25720000, 0x25720000)
  from space 3008K,   0% used [0x25720000, 0x25720000, 0x25a10000)
  to   space 3008K,   0% used [0x25a10000, 0x25a10000, 0x25d00000)
 tenured generation   total 60608K, used 36362K [0x294b0000, 0x2cfe0000, 0x33f60000)
   the space 60608K,  59% used [0x294b0000, 0x2b832bf8, 0x2b832c00, 0x2cfe0000)
 compacting perm gen  total 12288K, used 3815K [0x33f60000, 0x34b60000, 0x37f60000)
   the space 12288K,  31% used [0x33f60000, 0x34319df0, 0x34319e00, 0x34b60000)
    ro space 10240K,  45% used [0x37f60000, 0x383e7290, 0x383e7400, 0x38960000)
    rw space 12288K,  54% used [0x38960000, 0x38feace8, 0x38feae00, 0x39560000)
Event: 3.585 GC heap after
Heap after GC invocations=10 (full 3):
 def new generation   total 27328K, used 591K [0x23f60000, 0x25d00000, 0x294b0000)
  eden space 24320K,   0% used [0x23f60000, 0x23f60000, 0x25720000)
  from space 3008K,  19% used [0x25a10000, 0x25aa3e58, 0x25d00000)
  to   space 3008K,   0% used [0x25720000, 0x25720000, 0x25a10000)
 tenured generation   total 60608K, used 51001K [0x294b0000, 0x2cfe0000, 0x33f60000)
   the space 60608K,  84% used [0x294b0000, 0x2c67e488, 0x2c67e600, 0x2cfe0000)
 compacting perm gen  total 12288K, used 3815K [0x33f60000, 0x34b60000, 0x37f60000)
   the space 12288K,  31% used [0x33f60000, 0x34319df0, 0x34319e00, 0x34b60000)
    ro space 10240K,  45% used [0x37f60000, 0x383e7290, 0x383e7400, 0x38960000)
    rw space 12288K,  54% used [0x38960000, 0x38feace8, 0x38feae00, 0x39560000)
}

Deoptimization events (0 events):
No events

Internal exceptions (10 events):
Event: 4.500 Thread 0x084b6c00 Threw 0x2451fc30 at C:\jdk7u2_32P\jdk7u15\hotspot\src\share\vm\prims\jvm.cpp:1166
Event: 4.501 Thread 0x084b6c00 Threw 0x24521820 at C:\jdk7u2_32P\jdk7u15\hotspot\src\share\vm\prims\jvm.cpp:1166
Event: 4.501 Thread 0x084b6c00 Threw 0x24523860 at C:\jdk7u2_32P\jdk7u15\hotspot\src\share\vm\prims\jvm.cpp:1166
Event: 4.502 Thread 0x084b6c00 Threw 0x245259e8 at C:\jdk7u2_32P\jdk7u15\hotspot\src\share\vm\prims\jvm.cpp:1166
Event: 4.502 Thread 0x084b6c00 Threw 0x24527d50 at C:\jdk7u2_32P\jdk7u15\hotspot\src\share\vm\prims\jvm.cpp:1166
Event: 4.504 Thread 0x084b6c00 Threw 0x2452c480 at C:\jdk7u2_32P\jdk7u15\hotspot\src\share\vm\prims\jvm.cpp:1166
Event: 4.505 Thread 0x084b6c00 Threw 0x2452f570 at C:\jdk7u2_32P\jdk7u15\hotspot\src\share\vm\prims\jvm.cpp:1166
Event: 4.506 Thread 0x084b6c00 Threw 0x24533cb8 at C:\jdk7u2_32P\jdk7u15\hotspot\src\share\vm\prims\jvm.cpp:1166
Event: 4.543 Thread 0x084b6c00 Threw 0x245369b0 at C:\jdk7u2_32P\jdk7u15\hotspot\src\share\vm\prims\jvm.cpp:1166
Event: 4.544 Thread 0x084b6c00 Threw 0x24538e58 at C:\jdk7u2_32P\jdk7u15\hotspot\src\share\vm\prims\jvm.cpp:1166

Events (10 events):
Event: 4.504 loading class 0x085ead60
Event: 4.504 loading class 0x085ead60 done
Event: 4.505 loading class 0x0862b180
Event: 4.505 loading class 0x0862b180 done
Event: 4.506 loading class 0x0862b0d8
Event: 4.506 loading class 0x0862b0d8 done
Event: 4.543 loading class 0x086bb6b0
Event: 4.543 loading class 0x086bb6b0 done
Event: 4.544 loading class 0x085ea070
Event: 4.544 loading class 0x085ea070 done


Dynamic libraries:
0x01390000 - 0x013bf000 	C:\Program Files (x86)\Java\jdk1.7.0_15\bin\java.exe
0x772b0000 - 0x77430000 	C:\Windows\SysWOW64\ntdll.dll
0x76140000 - 0x76250000 	C:\Windows\syswow64\kernel32.dll
0x74a70000 - 0x74ab7000 	C:\Windows\syswow64\KERNELBASE.dll
0x762b0000 - 0x76350000 	C:\Windows\syswow64\ADVAPI32.dll
0x76760000 - 0x7680c000 	C:\Windows\syswow64\msvcrt.dll
0x74fa0000 - 0x74fb9000 	C:\Windows\SysWOW64\sechost.dll
0x74b00000 - 0x74bf0000 	C:\Windows\syswow64\RPCRT4.dll
0x74910000 - 0x74970000 	C:\Windows\syswow64\SspiCli.dll
0x74900000 - 0x7490c000 	C:\Windows\syswow64\CRYPTBASE.dll
0x74cf0000 - 0x74df0000 	C:\Windows\syswow64\USER32.dll
0x766d0000 - 0x76760000 	C:\Windows\syswow64\GDI32.dll
0x75240000 - 0x7524a000 	C:\Windows\syswow64\LPK.dll
0x749d0000 - 0x74a6d000 	C:\Windows\syswow64\USP10.dll
0x729b0000 - 0x72b4e000 	C:\Windows\WinSxS\x86_microsoft.windows.common-controls_6595b64144ccf1df_6.0.7601.17514_none_41e6975e2bd6f2b2\COMCTL32.dll
0x75260000 - 0x752b7000 	C:\Windows\syswow64\SHLWAPI.dll
0x74970000 - 0x749d0000 	C:\Windows\system32\IMM32.DLL
0x74bf0000 - 0x74cbc000 	C:\Windows\syswow64\MSCTF.dll
0x5a900000 - 0x5a9be000 	C:\Program Files (x86)\Java\jdk1.7.0_15\jre\bin\msvcr100.dll
0x5a9c0000 - 0x5ad0c000 	C:\Program Files (x86)\Java\jdk1.7.0_15\jre\bin\client\jvm.dll
0x744c0000 - 0x744c7000 	C:\Windows\system32\WSOCK32.dll
0x74ac0000 - 0x74af5000 	C:\Windows\syswow64\WS2_32.dll
0x74f90000 - 0x74f96000 	C:\Windows\syswow64\NSI.dll
0x74450000 - 0x74482000 	C:\Windows\system32\WINMM.dll
0x76350000 - 0x76355000 	C:\Windows\syswow64\PSAPI.DLL
0x71ad0000 - 0x71adc000 	C:\Program Files (x86)\Java\jdk1.7.0_15\jre\bin\verify.dll
0x711e0000 - 0x71200000 	C:\Program Files (x86)\Java\jdk1.7.0_15\jre\bin\java.dll
0x71320000 - 0x71333000 	C:\Program Files (x86)\Java\jdk1.7.0_15\jre\bin\zip.dll
0x5a7b0000 - 0x5a8f2000 	C:\Program Files (x86)\Java\jdk1.7.0_15\jre\bin\awt.dll
0x752c0000 - 0x7534f000 	C:\Windows\syswow64\OLEAUT32.dll
0x76810000 - 0x7696c000 	C:\Windows\syswow64\ole32.dll
0x71ef0000 - 0x71f70000 	C:\Windows\system32\uxtheme.dll
0x72950000 - 0x72963000 	C:\Windows\system32\dwmapi.dll
0x753d0000 - 0x7601a000 	C:\Windows\syswow64\SHELL32.dll
0x6e470000 - 0x6e49a000 	C:\Program Files (x86)\Java\jdk1.7.0_15\jre\bin\fontmanager.dll
0x70d90000 - 0x70f53000 	C:\Windows\system32\d3d9.dll
0x74600000 - 0x74609000 	C:\Windows\system32\VERSION.dll
0x71b00000 - 0x71b06000 	C:\Windows\system32\d3d8thk.dll
0x6a270000 - 0x6a9cc000 	C:\Windows\system32\nvd3dum.dll
0x71120000 - 0x71145000 	C:\Windows\system32\powrprof.dll
0x74df0000 - 0x74f8d000 	C:\Windows\syswow64\SETUPAPI.dll
0x76280000 - 0x762a7000 	C:\Windows\syswow64\CFGMGR32.dll
0x75020000 - 0x75032000 	C:\Windows\syswow64\DEVOBJ.dll
0x6e930000 - 0x6e944000 	C:\Program Files (x86)\Java\jdk1.7.0_15\jre\bin\net.dll
0x740f0000 - 0x7412c000 	C:\Windows\system32\mswsock.dll
0x725a0000 - 0x725a6000 	C:\Windows\System32\wship6.dll
0x720c0000 - 0x720ce000 	C:\Program Files (x86)\Java\jdk1.7.0_15\jre\bin\nio.dll
0x6e3d0000 - 0x6e401000 	C:\Program Files (x86)\Java\jdk1.7.0_15\jre\bin\t2k.dll
0x76640000 - 0x766c3000 	C:\Windows\syswow64\CLBCatQ.DLL
0x5f800000 - 0x5f8fb000 	C:\Windows\system32\WindowsCodecs.dll
0x71a60000 - 0x71aac000 	C:\Windows\system32\apphelp.dll
0x73040000 - 0x73071000 	C:\Windows\system32\EhStorShell.dll
0x70ac0000 - 0x70bb5000 	C:\Windows\system32\PROPSYS.dll
0x6b930000 - 0x6bd36000 	C:\PROGRA~2\MICROS~2\Office14\GROOVEEX.DLL
0x74750000 - 0x747f3000 	C:\Windows\WinSxS\x86_microsoft.vc90.crt_1fc8b3b9a1e18e3b_9.0.30729.6161_none_50934f2ebcb7eb57\MSVCR90.dll
0x72e20000 - 0x72eae000 	C:\Windows\WinSxS\x86_microsoft.vc90.crt_1fc8b3b9a1e18e3b_9.0.30729.6161_none_50934f2ebcb7eb57\MSVCP90.dll
0x73360000 - 0x7338b000 	C:\Windows\WinSxS\x86_microsoft.vc90.atl_1fc8b3b9a1e18e3b_9.0.30729.6161_none_51cd0a7abbe4e19b\ATL90.DLL
0x68a20000 - 0x68e3a000 	C:\PROGRA~2\COMMON~1\MICROS~1\OFFICE14\Cultures\office.odf
0x57e20000 - 0x58685000 	C:\PROGRA~2\MICROS~2\Office14\1033\GrooveIntlResource.dll
0x6fc90000 - 0x6fd00000 	C:\Windows\system32\ntshrui.dll
0x725c0000 - 0x725d9000 	C:\Windows\system32\srvcli.dll
0x72510000 - 0x7251b000 	C:\Windows\system32\cscapi.dll
0x71390000 - 0x7139a000 	C:\Windows\system32\slc.dll
0x619e0000 - 0x61a08000 	C:\Windows\SysWOW64\pfmshx_640.dll
0x71010000 - 0x71020000 	C:\Windows\system32\NLAapi.dll
0x71000000 - 0x71010000 	C:\Windows\system32\napinsp.dll
0x70fe0000 - 0x70ff2000 	C:\Windows\system32\pnrpnsp.dll
0x73990000 - 0x739d4000 	C:\Windows\system32\DNSAPI.dll
0x70fd0000 - 0x70fd8000 	C:\Windows\System32\winrnr.dll
0x70fa0000 - 0x70fc1000 	C:\Program Files (x86)\Bonjour\mdnsNSP.dll
0x73d90000 - 0x73dac000 	C:\Windows\system32\Iphlpapi.DLL
0x73d80000 - 0x73d87000 	C:\Windows\system32\WINNSI.DLL
0x740e0000 - 0x740e5000 	C:\Windows\System32\wshtcpip.dll
0x73900000 - 0x73906000 	C:\Windows\system32\rasadhlp.dll
0x70f60000 - 0x70f98000 	C:\Windows\System32\fwpuclnt.dll
0x6e3a0000 - 0x6e3c4000 	C:\Program Files (x86)\Java\jdk1.7.0_15\jre\bin\dcpr.dll
0x739e0000 - 0x739f6000 	C:\Windows\system32\CRYPTSP.dll
0x73950000 - 0x7398b000 	C:\Windows\system32\rsaenh.dll
0x74190000 - 0x741a7000 	C:\Windows\system32\USERENV.dll
0x741f0000 - 0x741fb000 	C:\Windows\system32\profapi.dll
0x6ddd0000 - 0x6ddf5000 	C:\Program Files (x86)\Java\jdk1.7.0_15\jre\bin\jpeg.dll
0x10000000 - 0x1003d000 	C:\Users\credit.card\AppData\Local\Temp\jna-credit.card\jna6744265142527774191.dll
0x67720000 - 0x6793a000 	I:\Ted\Programs\Files\NetBeansProjects\QuickSave\libtesseract302.dll
0x67580000 - 0x6771c000 	I:\Ted\Programs\Files\NetBeansProjects\QuickSave\liblept168.dll
0x70bc0000 - 0x70cab000 	C:\Windows\system32\dbghelp.dll

VM Arguments:
jvm_args: -Dfile.encoding=UTF-8 
java_command: QuickSave.Main
Launcher Type: SUN_STANDARD

Environment Variables:
CLASSPATH=C:\Program Files\Java\jre7\bin
PATH=C:\oracle\product\11.2.0\client_1\bin;C:\app\Administrator\product\11.2.0\client_1;C:\Windows\system32;C:\Windows;C:\Windows\System32\Wbem;C:\Program Files (x86)\QuickTime\QTSystem\;C:\Program Files (x86)\Microsoft SQL Server\110\Tools\Binn\ManagementStudio\;C:\Program Files (x86)\Microsoft SQL Server\110\Tools\Binn\;C:\Program Files\Microsoft SQL Server\110\Tools\Binn\;C:\Program Files (x86)\Microsoft Visual Studio 10.0\Common7\IDE\PrivateAssemblies\;C:\Program Files (x86)\Microsoft SQL Server\110\DTS\Binn\;C:\Windows\System32\WindowsPowerShell\v1.0\;C:\Program Files (x86)\Java\jdk1.7.0_15\bin;C:\Windows\System32\WindowsPowerShell\v1.0\;C:\Tesseract;C:\Program Files\Java\jre7\bin
USERNAME=credit.card
OS=Windows_NT
PROCESSOR_IDENTIFIER=Intel64 Family 6 Model 15 Stepping 6, GenuineIntel



---------------  S Y S T E M  ---------------

OS: Windows 7 , 64 bit Build 7601 Service Pack 1

CPU:total 2 (2 cores per cpu, 1 threads per core) family 6 model 15 stepping 6, cmov, cx8, fxsr, mmx, sse, sse2, sse3, ssse3, tsc

Memory: 4k page, physical 8320628k(4442880k free), swap 16639396k(10359480k free)

vm_info: Java HotSpot(TM) Client VM (23.7-b01) for windows-x86 JRE (1.7.0_15-b03), built on Feb 15 2013 14:01:25 by "java_re" with unknown MS VC++:1600

time: Thu May 16 09:16:27 2013
elapsed time: 4 seconds

