#
# A fatal error has been detected by the Java Runtime Environment:
#
#  EXCEPTION_ACCESS_VIOLATION (0xc0000005) at pc=0x721d59dc, pid=328, tid=4160
#
# JRE version: 7.0_15-b03
# Java VM: Java HotSpot(TM) Client VM (23.7-b01 mixed mode, sharing windows-x86 )
# Problematic frame:
# C  [libtesseract302.dll+0x59dc]  STRING::strdup+0x467c
#
# Failed to write core dump. Minidumps are not enabled by default on client versions of Windows
#
# If you would like to submit a bug report, please visit:
#   http://bugreport.sun.com/bugreport/crash.jsp
# The crash happened outside the Java Virtual Machine in native code.
# See problematic frame for where to report the bug.
#

---------------  T H R E A D  ---------------

Current thread (0x0846d000):  JavaThread "Thread-4" [_thread_in_native, id=4160, stack(0x094e0000,0x09530000)]

siginfo: ExceptionCode=0xc0000005, reading address 0x00000000

Registers:
EAX=0x00000000, EBX=0x09349cbc, ECX=0x00000000, EDX=0x092c0048
ESP=0x0952ddc8, EBP=0x093454d8, ESI=0x09345a00, EDI=0x09345568
EIP=0x721d59dc, EFLAGS=0x00010202

Top of Stack: (sp=0x0952ddc8)
0x0952ddc8:   00000000 055e0048 09345a00 093454d8
0x0952ddd8:   09349cbc 00000000 00000000 00000000
0x0952dde8:   00000000 00000000 00000000 00000000
0x0952ddf8:   00000000 00000000 00000000 00000000
0x0952de08:   00000000 00000000 00000000 00000000
0x0952de18:   00000000 00000000 00000000 00000000
0x0952de28:   00000000 00000000 00000000 00000000
0x0952de38:   00000000 00000000 00000000 00000000 

Instructions: (pc=0x721d59dc)
0x721d59bc:   86 b8 00 00 00 ff 86 b0 0f 00 00 57 50 e8 3a 6e
0x721d59cc:   10 00 8b 8e b8 00 00 00 8b f8 8b 86 94 06 00 00
0x721d59dc:   8b 00 83 c4 04 3b c8 89 7c 24 10 7c 02 8b c1 50
0x721d59ec:   e8 17 6e 10 00 8b 9c 24 34 08 00 00 8b 94 24 30 


Register to memory mapping:

EAX=0x00000000 is an unknown value
EBX=0x09349cbc is an unknown value
ECX=0x00000000 is an unknown value
EDX=0x092c0048 is an unknown value
ESP=0x0952ddc8 is pointing into the stack for thread: 0x0846d000
EBP=0x093454d8 is an unknown value
ESI=0x09345a00 is an unknown value
EDI=0x09345568 is an unknown value


Stack: [0x094e0000,0x09530000],  sp=0x0952ddc8,  free space=311k
Native frames: (J=compiled Java code, j=interpreted, Vv=VM code, C=native code)
C  [libtesseract302.dll+0x59dc]  STRING::strdup+0x467c

Java frames: (J=compiled Java code, j=interpreted, Vv=VM code)
j  com.sun.jna.Native.invokePointer(JI[Ljava/lang/Object;)J+0
j  com.sun.jna.Function.invokePointer(I[Ljava/lang/Object;)Lcom/sun/jna/Pointer;+6
j  com.sun.jna.Function.invoke([Ljava/lang/Object;Ljava/lang/Class;Z)Ljava/lang/Object;+642
j  com.sun.jna.Function.invoke(Ljava/lang/Class;[Ljava/lang/Object;Ljava/util/Map;)Ljava/lang/Object;+214
j  com.sun.jna.Library$Handler.invoke(Ljava/lang/Object;Ljava/lang/reflect/Method;[Ljava/lang/Object;)Ljava/lang/Object;+341
j  com.sun.proxy.$Proxy0.TessBaseAPIGetUTF8Text(Lnet/sourceforge/tess4j/TessAPI$TessBaseAPI;)Lcom/sun/jna/Pointer;+16
j  net.sourceforge.tess4j.Tesseract.doOCR(IILjava/nio/ByteBuffer;Ljava/awt/Rectangle;I)Ljava/lang/String;+215
j  net.sourceforge.tess4j.Tesseract.doOCR(Ljava/util/List;Ljava/awt/Rectangle;)Ljava/lang/String;+95
j  net.sourceforge.tess4j.Tesseract.doOCR(Ljava/awt/image/BufferedImage;Ljava/awt/Rectangle;)Ljava/lang/String;+33
j  net.sourceforge.tess4j.Tesseract.doOCR(Ljava/awt/image/BufferedImage;)Ljava/lang/String;+3
j  QuickSave.MainGui.OCR(Ljava/awt/image/BufferedImage;Ljava/lang/String;)Ljava/lang/String;+11
j  QuickSave.MainGui.ReadCheck()V+84
j  QuickSave.MainGui.DisplayImage()V+108
j  QuickSave.MainGui.jSliderZoomStateChanged(Ljavax/swing/event/ChangeEvent;)V+22
j  QuickSave.MainGui.access$600(LQuickSave/MainGui;Ljavax/swing/event/ChangeEvent;)V+2
j  QuickSave.MainGui$7.stateChanged(Ljavax/swing/event/ChangeEvent;)V+5
j  javax.swing.JSlider.fireStateChanged()V+57
j  javax.swing.JSlider$ModelListener.stateChanged(Ljavax/swing/event/ChangeEvent;)V+4
j  javax.swing.DefaultBoundedRangeModel.fireStateChanged()V+57
j  javax.swing.DefaultBoundedRangeModel.setRangeProperties(IIIIZ)V+130
j  javax.swing.DefaultBoundedRangeModel.setValue(I)V+62
j  javax.swing.JSlider.setValue(I)V+20
j  QuickSave.MainGui.NewDoc()V+157
j  QuickSave.tempChecker.run()V+58
j  java.lang.Thread.run()V+11
v  ~StubRoutines::call_stub

---------------  P R O C E S S  ---------------

Java Threads: ( => current thread )
  0x0238b000 JavaThread "DestroyJavaVM" [_thread_blocked, id=3036, stack(0x004b0000,0x00500000)]
  0x0848a000 JavaThread "D3D Screen Updater" daemon [_thread_blocked, id=3792, stack(0x05280000,0x052d0000)]
  0x0847c000 JavaThread "Thread-6" [_thread_blocked, id=4884, stack(0x09d00000,0x09d50000)]
=>0x0846d000 JavaThread "Thread-4" [_thread_in_native, id=4160, stack(0x094e0000,0x09530000)]
  0x083f8800 JavaThread "AWT-EventQueue-0" [_thread_blocked, id=4888, stack(0x07f00000,0x07f50000)]
  0x04ad9000 JavaThread "Image Fetcher 0" daemon [_thread_blocked, id=4560, stack(0x04f90000,0x04fe0000)]
  0x049e7400 JavaThread "AWT-Windows" daemon [_thread_in_native, id=1920, stack(0x04ed0000,0x04f20000)]
  0x049e7000 JavaThread "AWT-Shutdown" [_thread_blocked, id=760, stack(0x04d40000,0x04d90000)]
  0x049e4800 JavaThread "Java2D Disposer" daemon [_thread_blocked, id=2168, stack(0x04d90000,0x04de0000)]
  0x022b5800 JavaThread "Service Thread" daemon [_thread_blocked, id=4876, stack(0x04930000,0x04980000)]
  0x022b0400 JavaThread "C1 CompilerThread0" daemon [_thread_blocked, id=3176, stack(0x04860000,0x048b0000)]
  0x022af000 JavaThread "Attach Listener" daemon [_thread_blocked, id=4496, stack(0x00360000,0x003b0000)]
  0x022ae000 JavaThread "Signal Dispatcher" daemon [_thread_blocked, id=3024, stack(0x04500000,0x04550000)]
  0x0229a400 JavaThread "Finalizer" daemon [_thread_blocked, id=3636, stack(0x045d0000,0x04620000)]
  0x02295400 JavaThread "Reference Handler" daemon [_thread_blocked, id=2436, stack(0x04690000,0x046e0000)]

Other Threads:
  0x02294000 VMThread [stack: 0x04640000,0x04690000] [id=204]
  0x022cb800 WatcherThread [stack: 0x048c0000,0x04910000] [id=3848]

VM state:not at safepoint (normal execution)

VM Mutex/Monitor currently owned by a thread: None

Heap
 def new generation   total 24768K, used 1508K [0x23f60000, 0x25a40000, 0x294b0000)
  eden space 22016K,   3% used [0x23f60000, 0x24023e08, 0x254e0000)
  from space 2752K,  26% used [0x25790000, 0x25845210, 0x25a40000)
  to   space 2752K,   0% used [0x254e0000, 0x254e0000, 0x25790000)
 tenured generation   total 54876K, used 47562K [0x294b0000, 0x2ca47000, 0x33f60000)
   the space 54876K,  86% used [0x294b0000, 0x2c322a78, 0x2c322c00, 0x2ca47000)
 compacting perm gen  total 12288K, used 4611K [0x33f60000, 0x34b60000, 0x37f60000)
   the space 12288K,  37% used [0x33f60000, 0x343e0cd0, 0x343e0e00, 0x34b60000)
    ro space 10240K,  45% used [0x37f60000, 0x383e7290, 0x383e7400, 0x38960000)
    rw space 12288K,  54% used [0x38960000, 0x38feace8, 0x38feae00, 0x39560000)

Card table byte_map: [0x04390000,0x04440000] byte_map_base: 0x04270500

Polling page: 0x00190000

Code Cache  [0x02390000, 0x02500000, 0x04390000)
 total_blobs=769 nmethods=521 adapters=182 free_code_cache=31298Kb largest_free_block=32049152

Compilation events (10 events):
Event: 2.925 Thread 0x022b0400  515             sun.misc.ProxyGenerator$ConstantPool$IndirectEntry::<init> (21 bytes)
Event: 2.926 Thread 0x022b0400 nmethod 515 0x024fd608 code [0x024fd700, 0x024fd790]
Event: 2.926 Thread 0x022b0400  516             java.io.DataOutputStream::writeUTF (435 bytes)
Event: 2.927 Thread 0x022b0400 nmethod 516 0x024fd7c8 code [0x024fd9b0, 0x024fe27c]
Event: 2.927 Thread 0x022b0400  517             java.io.DataOutputStream::writeShort (35 bytes)
Event: 2.927 Thread 0x022b0400 nmethod 517 0x024fee08 code [0x024fef20, 0x024ff018]
Event: 2.937 Thread 0x022b0400  519             java.lang.String::<init> (15 bytes)
Event: 2.937 Thread 0x022b0400 nmethod 519 0x024ff308 code [0x024ff400, 0x024ff490]
Event: 2.946 Thread 0x022b0400  520  s          java.util.Vector::size (5 bytes)
Event: 2.946 Thread 0x022b0400 nmethod 520 0x024ff4c8 code [0x024ff5c0, 0x024ff780]

GC Heap History (10 events):
Event: 1.895 GC heap before
{Heap before GC invocations=6 (full 2):
 def new generation   total 14848K, used 10875K [0x23f60000, 0x24f70000, 0x294b0000)
  eden space 13248K,  82% used [0x23f60000, 0x249fd6b0, 0x24c50000)
  from space 1600K,   0% used [0x24de0000, 0x24de1700, 0x24f70000)
  to   space 1600K,   0% used [0x24c50000, 0x24c50000, 0x24de0000)
 tenured generation   total 32740K, used 30661K [0x294b0000, 0x2b4a9000, 0x33f60000)
   the space 32740K,  93% used [0x294b0000, 0x2b2a1728, 0x2b2a1800, 0x2b4a9000)
 compacting perm gen  total 12288K, used 3807K [0x33f60000, 0x34b60000, 0x37f60000)
   the space 12288K,  30% used [0x33f60000, 0x34317f58, 0x34318000, 0x34b60000)
    ro space 10240K,  45% used [0x37f60000, 0x383e7290, 0x383e7400, 0x38960000)
    rw space 12288K,  54% used [0x38960000, 0x38feace8, 0x38feae00, 0x39560000)
Event: 1.926 GC heap after
Heap after GC invocations=7 (full 3):
 def new generation   total 14848K, used 0K [0x23f60000, 0x24f70000, 0x294b0000)
  eden space 13248K,   0% used [0x23f60000, 0x23f60000, 0x24c50000)
  from space 1600K,   0% used [0x24c50000, 0x24c50000, 0x24de0000)
  to   space 1600K,   0% used [0x24de0000, 0x24de0000, 0x24f70000)
 tenured generation   total 32740K, used 18800K [0x294b0000, 0x2b4a9000, 0x33f60000)
   the space 32740K,  57% used [0x294b0000, 0x2a70c098, 0x2a70c200, 0x2b4a9000)
 compacting perm gen  total 12288K, used 3807K [0x33f60000, 0x34b60000, 0x37f60000)
   the space 12288K,  30% used [0x33f60000, 0x34317f58, 0x34318000, 0x34b60000)
    ro space 10240K,  45% used [0x37f60000, 0x383e7290, 0x383e7400, 0x38960000)
    rw space 12288K,  54% used [0x38960000, 0x38feace8, 0x38feae00, 0x39560000)
}
Event: 1.953 GC heap before
{Heap before GC invocations=7 (full 3):
 def new generation   total 14848K, used 3325K [0x23f60000, 0x24f70000, 0x294b0000)
  eden space 13248K,  25% used [0x23f60000, 0x2429f538, 0x24c50000)
  from space 1600K,   0% used [0x24c50000, 0x24c50000, 0x24de0000)
  to   space 1600K,   0% used [0x24de0000, 0x24de0000, 0x24f70000)
 tenured generation   total 47300K, used 44274K [0x294b0000, 0x2c2e1000, 0x33f60000)
   the space 47300K,  93% used [0x294b0000, 0x2bfecb78, 0x2bfecc00, 0x2c2e1000)
 compacting perm gen  total 12288K, used 3807K [0x33f60000, 0x34b60000, 0x37f60000)
   the space 12288K,  30% used [0x33f60000, 0x34317f58, 0x34318000, 0x34b60000)
    ro space 10240K,  45% used [0x37f60000, 0x383e7290, 0x383e7400, 0x38960000)
    rw space 12288K,  54% used [0x38960000, 0x38feace8, 0x38feae00, 0x39560000)
Event: 1.955 GC heap after
Heap after GC invocations=8 (full 3):
 def new generation   total 14848K, used 1087K [0x23f60000, 0x24f70000, 0x294b0000)
  eden space 13248K,   0% used [0x23f60000, 0x23f60000, 0x24c50000)
  from space 1600K,  67% used [0x24de0000, 0x24eefd70, 0x24f70000)
  to   space 1600K,   0% used [0x24c50000, 0x24c50000, 0x24de0000)
 tenured generation   total 47300K, used 44274K [0x294b0000, 0x2c2e1000, 0x33f60000)
   the space 47300K,  93% used [0x294b0000, 0x2bfecb78, 0x2bfecc00, 0x2c2e1000)
 compacting perm gen  total 12288K, used 3807K [0x33f60000, 0x34b60000, 0x37f60000)
   the space 12288K,  30% used [0x33f60000, 0x34317f58, 0x34318000, 0x34b60000)
    ro space 10240K,  45% used [0x37f60000, 0x383e7290, 0x383e7400, 0x38960000)
    rw space 12288K,  54% used [0x38960000, 0x38feace8, 0x38feae00, 0x39560000)
}
Event: 2.042 GC heap before
{Heap before GC invocations=8 (full 3):
 def new generation   total 14848K, used 14335K [0x23f60000, 0x24f70000, 0x294b0000)
  eden space 13248K, 100% used [0x23f60000, 0x24c50000, 0x24c50000)
  from space 1600K,  67% used [0x24de0000, 0x24eefd70, 0x24f70000)
  to   space 1600K,   0% used [0x24c50000, 0x24c50000, 0x24de0000)
 tenured generation   total 47300K, used 44274K [0x294b0000, 0x2c2e1000, 0x33f60000)
   the space 47300K,  93% used [0x294b0000, 0x2bfecb78, 0x2bfecc00, 0x2c2e1000)
 compacting perm gen  total 12288K, used 4023K [0x33f60000, 0x34b60000, 0x37f60000)
   the space 12288K,  32% used [0x33f60000, 0x3434ddf8, 0x3434de00, 0x34b60000)
    ro space 10240K,  45% used [0x37f60000, 0x383e7290, 0x383e7400, 0x38960000)
    rw space 12288K,  54% used [0x38960000, 0x38feace8, 0x38feae00, 0x39560000)
Event: 2.045 GC heap after
Heap after GC invocations=9 (full 3):
 def new generation   total 14848K, used 337K [0x23f60000, 0x24f70000, 0x294b0000)
  eden space 13248K,   0% used [0x23f60000, 0x23f60000, 0x24c50000)
  from space 1600K,  21% used [0x24c50000, 0x24ca4648, 0x24de0000)
  to   space 1600K,   0% used [0x24de0000, 0x24de0000, 0x24f70000)
 tenured generation   total 47300K, used 45311K [0x294b0000, 0x2c2e1000, 0x33f60000)
   the space 47300K,  95% used [0x294b0000, 0x2c0efd58, 0x2c0efe00, 0x2c2e1000)
 compacting perm gen  total 12288K, used 4023K [0x33f60000, 0x34b60000, 0x37f60000)
   the space 12288K,  32% used [0x33f60000, 0x3434ddf8, 0x3434de00, 0x34b60000)
    ro space 10240K,  45% used [0x37f60000, 0x383e7290, 0x383e7400, 0x38960000)
    rw space 12288K,  54% used [0x38960000, 0x38feace8, 0x38feae00, 0x39560000)
}
Event: 2.086 GC heap before
{Heap before GC invocations=9 (full 3):
 def new generation   total 14848K, used 3217K [0x23f60000, 0x24f70000, 0x294b0000)
  eden space 13248K,  21% used [0x23f60000, 0x2422ff48, 0x24c50000)
  from space 1600K,  21% used [0x24c50000, 0x24ca4648, 0x24de0000)
  to   space 1600K,   0% used [0x24de0000, 0x24de0000, 0x24f70000)
 tenured generation   total 47300K, used 45311K [0x294b0000, 0x2c2e1000, 0x33f60000)
   the space 47300K,  95% used [0x294b0000, 0x2c0efd58, 0x2c0efe00, 0x2c2e1000)
 compacting perm gen  total 12288K, used 4163K [0x33f60000, 0x34b60000, 0x37f60000)
   the space 12288K,  33% used [0x33f60000, 0x34370d30, 0x34370e00, 0x34b60000)
    ro space 10240K,  45% used [0x37f60000, 0x383e7290, 0x383e7400, 0x38960000)
    rw space 12288K,  54% used [0x38960000, 0x38feace8, 0x38feae00, 0x39560000)
Event: 2.135 GC heap after
Heap after GC invocations=10 (full 4):
 def new generation   total 24768K, used 0K [0x23f60000, 0x25a40000, 0x294b0000)
  eden space 22016K,   0% used [0x23f60000, 0x23f60000, 0x254e0000)
  from space 2752K,   0% used [0x254e0000, 0x254e0000, 0x25790000)
  to   space 2752K,   0% used [0x25790000, 0x25790000, 0x25a40000)
 tenured generation   total 54876K, used 32924K [0x294b0000, 0x2ca47000, 0x33f60000)
   the space 54876K,  59% used [0x294b0000, 0x2b4d71e8, 0x2b4d7200, 0x2ca47000)
 compacting perm gen  total 12288K, used 4161K [0x33f60000, 0x34b60000, 0x37f60000)
   the space 12288K,  33% used [0x33f60000, 0x34370788, 0x34370800, 0x34b60000)
    ro space 10240K,  45% used [0x37f60000, 0x383e7290, 0x383e7400, 0x38960000)
    rw space 12288K,  54% used [0x38960000, 0x38feace8, 0x38feae00, 0x39560000)
}
Event: 2.907 GC heap before
{Heap before GC invocations=10 (full 4):
 def new generation   total 24768K, used 22016K [0x23f60000, 0x25a40000, 0x294b0000)
  eden space 22016K, 100% used [0x23f60000, 0x254e0000, 0x254e0000)
  from space 2752K,   0% used [0x254e0000, 0x254e0000, 0x25790000)
  to   space 2752K,   0% used [0x25790000, 0x25790000, 0x25a40000)
 tenured generation   total 54876K, used 32924K [0x294b0000, 0x2ca47000, 0x33f60000)
   the space 54876K,  59% used [0x294b0000, 0x2b4d71e8, 0x2b4d7200, 0x2ca47000)
 compacting perm gen  total 12288K, used 4529K [0x33f60000, 0x34b60000, 0x37f60000)
   the space 12288K,  36% used [0x33f60000, 0x343cc6b8, 0x343cc800, 0x34b60000)
    ro space 10240K,  45% used [0x37f60000, 0x383e7290, 0x383e7400, 0x38960000)
    rw space 12288K,  54% used [0x38960000, 0x38feace8, 0x38feae00, 0x39560000)
Event: 2.918 GC heap after
Heap after GC invocations=11 (full 4):
 def new generation   total 24768K, used 724K [0x23f60000, 0x25a40000, 0x294b0000)
  eden space 22016K,   0% used [0x23f60000, 0x23f60000, 0x254e0000)
  from space 2752K,  26% used [0x25790000, 0x25845210, 0x25a40000)
  to   space 2752K,   0% used [0x254e0000, 0x254e0000, 0x25790000)
 tenured generation   total 54876K, used 47562K [0x294b0000, 0x2ca47000, 0x33f60000)
   the space 54876K,  86% used [0x294b0000, 0x2c322a78, 0x2c322c00, 0x2ca47000)
 compacting perm gen  total 12288K, used 4529K [0x33f60000, 0x34b60000, 0x37f60000)
   the space 12288K,  36% used [0x33f60000, 0x343cc6b8, 0x343cc800, 0x34b60000)
    ro space 10240K,  45% used [0x37f60000, 0x383e7290, 0x383e7400, 0x38960000)
    rw space 12288K,  54% used [0x38960000, 0x38feace8, 0x38feae00, 0x39560000)
}

Deoptimization events (0 events):
No events

Internal exceptions (10 events):
Event: 2.937 Thread 0x0846d000 Threw 0x240077b0 at C:\jdk7u2_32P\jdk7u15\hotspot\src\share\vm\prims\jvm.cpp:1166
Event: 2.937 Thread 0x0846d000 Threw 0x240091b0 at C:\jdk7u2_32P\jdk7u15\hotspot\src\share\vm\prims\jvm.cpp:1166
Event: 2.937 Thread 0x0846d000 Threw 0x2400b000 at C:\jdk7u2_32P\jdk7u15\hotspot\src\share\vm\prims\jvm.cpp:1166
Event: 2.938 Thread 0x0846d000 Threw 0x2400cf98 at C:\jdk7u2_32P\jdk7u15\hotspot\src\share\vm\prims\jvm.cpp:1166
Event: 2.938 Thread 0x0846d000 Threw 0x2400ee18 at C:\jdk7u2_32P\jdk7u15\hotspot\src\share\vm\prims\jvm.cpp:1166
Event: 2.944 Thread 0x0846d000 Threw 0x240132e0 at C:\jdk7u2_32P\jdk7u15\hotspot\src\share\vm\prims\jvm.cpp:1166
Event: 2.945 Thread 0x0846d000 Threw 0x24016220 at C:\jdk7u2_32P\jdk7u15\hotspot\src\share\vm\prims\jvm.cpp:1166
Event: 2.945 Thread 0x0846d000 Threw 0x2401a720 at C:\jdk7u2_32P\jdk7u15\hotspot\src\share\vm\prims\jvm.cpp:1166
Event: 2.978 Thread 0x0846d000 Threw 0x2401d228 at C:\jdk7u2_32P\jdk7u15\hotspot\src\share\vm\prims\jvm.cpp:1166
Event: 2.978 Thread 0x0846d000 Threw 0x2401f5d8 at C:\jdk7u2_32P\jdk7u15\hotspot\src\share\vm\prims\jvm.cpp:1166

Events (10 events):
Event: 2.944 loading class 0x085db828
Event: 2.944 loading class 0x085db828 done
Event: 2.945 loading class 0x085cefd8
Event: 2.945 loading class 0x085cefd8 done
Event: 2.945 loading class 0x085cef30
Event: 2.945 loading class 0x085cef30 done
Event: 2.978 loading class 0x08629e80
Event: 2.978 loading class 0x08629e80 done
Event: 2.978 loading class 0x085dab38
Event: 2.978 loading class 0x085dab38 done


Dynamic libraries:
0x002a0000 - 0x002cf000 	C:\Program Files (x86)\Java\jdk1.7.0_15\bin\java.exe
0x77910000 - 0x77a90000 	C:\Windows\SysWOW64\ntdll.dll
0x76b10000 - 0x76c20000 	C:\Windows\syswow64\kernel32.dll
0x76d40000 - 0x76d87000 	C:\Windows\syswow64\KERNELBASE.dll
0x76f30000 - 0x76fd0000 	C:\Windows\syswow64\ADVAPI32.dll
0x750f0000 - 0x7519c000 	C:\Windows\syswow64\msvcrt.dll
0x76070000 - 0x76089000 	C:\Windows\SysWOW64\sechost.dll
0x76760000 - 0x76850000 	C:\Windows\syswow64\RPCRT4.dll
0x74f70000 - 0x74fd0000 	C:\Windows\syswow64\SspiCli.dll
0x74f60000 - 0x74f6c000 	C:\Windows\syswow64\CRYPTBASE.dll
0x76660000 - 0x76760000 	C:\Windows\syswow64\USER32.dll
0x763d0000 - 0x76460000 	C:\Windows\syswow64\GDI32.dll
0x76f20000 - 0x76f2a000 	C:\Windows\syswow64\LPK.dll
0x74fd0000 - 0x7506d000 	C:\Windows\syswow64\USP10.dll
0x73a70000 - 0x73c0e000 	C:\Windows\WinSxS\x86_microsoft.windows.common-controls_6595b64144ccf1df_6.0.7601.17514_none_41e6975e2bd6f2b2\COMCTL32.dll
0x76d90000 - 0x76de7000 	C:\Windows\syswow64\SHLWAPI.dll
0x769b0000 - 0x76a10000 	C:\Windows\system32\IMM32.DLL
0x76a10000 - 0x76adc000 	C:\Windows\syswow64\MSCTF.dll
0x720f0000 - 0x721ae000 	C:\Program Files (x86)\Java\jdk1.7.0_15\jre\bin\msvcr100.dll
0x70780000 - 0x70acc000 	C:\Program Files (x86)\Java\jdk1.7.0_15\jre\bin\client\jvm.dll
0x74b20000 - 0x74b27000 	C:\Windows\system32\WSOCK32.dll
0x76030000 - 0x76065000 	C:\Windows\syswow64\WS2_32.dll
0x760b0000 - 0x760b6000 	C:\Windows\syswow64\NSI.dll
0x74ab0000 - 0x74ae2000 	C:\Windows\system32\WINMM.dll
0x753d0000 - 0x753d5000 	C:\Windows\syswow64\PSAPI.DLL
0x73630000 - 0x7363c000 	C:\Program Files (x86)\Java\jdk1.7.0_15\jre\bin\verify.dll
0x73030000 - 0x73050000 	C:\Program Files (x86)\Java\jdk1.7.0_15\jre\bin\java.dll
0x73010000 - 0x73023000 	C:\Program Files (x86)\Java\jdk1.7.0_15\jre\bin\zip.dll
0x71fa0000 - 0x720e2000 	C:\Program Files (x86)\Java\jdk1.7.0_15\jre\bin\awt.dll
0x76460000 - 0x764ef000 	C:\Windows\syswow64\OLEAUT32.dll
0x76850000 - 0x769ac000 	C:\Windows\syswow64\ole32.dll
0x73150000 - 0x731d0000 	C:\Windows\system32\uxtheme.dll
0x73780000 - 0x73793000 	C:\Windows\system32\dwmapi.dll
0x753e0000 - 0x7602a000 	C:\Windows\syswow64\SHELL32.dll
0x726b0000 - 0x726da000 	C:\Program Files (x86)\Java\jdk1.7.0_15\jre\bin\fontmanager.dll
0x6c370000 - 0x6c533000 	C:\Windows\system32\d3d9.dll
0x74c60000 - 0x74c69000 	C:\Windows\system32\VERSION.dll
0x729a0000 - 0x729a6000 	C:\Windows\system32\d3d8thk.dll
0x6ac00000 - 0x6b35c000 	C:\Windows\system32\nvd3dum.dll
0x72e50000 - 0x72e75000 	C:\Windows\system32\powrprof.dll
0x751a0000 - 0x7533d000 	C:\Windows\syswow64\SETUPAPI.dll
0x760f0000 - 0x76117000 	C:\Windows\syswow64\CFGMGR32.dll
0x76090000 - 0x760a2000 	C:\Windows\syswow64\DEVOBJ.dll
0x72ff0000 - 0x73004000 	C:\Program Files (x86)\Java\jdk1.7.0_15\jre\bin\net.dll
0x74750000 - 0x7478c000 	C:\Windows\system32\mswsock.dll
0x72ed0000 - 0x72ed6000 	C:\Windows\System32\wship6.dll
0x73640000 - 0x7364e000 	C:\Program Files (x86)\Java\jdk1.7.0_15\jre\bin\nio.dll
0x72670000 - 0x726a1000 	C:\Program Files (x86)\Java\jdk1.7.0_15\jre\bin\t2k.dll
0x75340000 - 0x753c3000 	C:\Windows\syswow64\CLBCatQ.DLL
0x70680000 - 0x7077b000 	C:\Windows\system32\WindowsCodecs.dll
0x73200000 - 0x7324c000 	C:\Windows\system32\apphelp.dll
0x71f60000 - 0x71f91000 	C:\Windows\system32\EhStorShell.dll
0x724c0000 - 0x725b5000 	C:\Windows\system32\PROPSYS.dll
0x69310000 - 0x69716000 	C:\PROGRA~2\MICROS~2\Office14\GROOVEEX.DLL
0x74db0000 - 0x74e53000 	C:\Windows\WinSxS\x86_microsoft.vc90.crt_1fc8b3b9a1e18e3b_9.0.30729.6161_none_50934f2ebcb7eb57\MSVCR90.dll
0x71ed0000 - 0x71f5e000 	C:\Windows\WinSxS\x86_microsoft.vc90.crt_1fc8b3b9a1e18e3b_9.0.30729.6161_none_50934f2ebcb7eb57\MSVCP90.dll
0x72490000 - 0x724bb000 	C:\Windows\WinSxS\x86_microsoft.vc90.atl_1fc8b3b9a1e18e3b_9.0.30729.6161_none_51cd0a7abbe4e19b\ATL90.DLL
0x6b4d0000 - 0x6b8ea000 	C:\PROGRA~2\COMMON~1\MICROS~1\OFFICE14\Cultures\office.odf
0x68aa0000 - 0x69305000 	C:\PROGRA~2\MICROS~2\Office14\1033\GrooveIntlResource.dll
0x72c70000 - 0x72ce0000 	C:\Windows\system32\ntshrui.dll
0x73a10000 - 0x73a29000 	C:\Windows\system32\srvcli.dll
0x73890000 - 0x7389b000 	C:\Windows\system32\cscapi.dll
0x72890000 - 0x7289a000 	C:\Windows\system32\slc.dll
0x619e0000 - 0x61a08000 	C:\Windows\SysWOW64\pfmshx_640.dll
0x71430000 - 0x71440000 	C:\Windows\system32\NLAapi.dll
0x71420000 - 0x71430000 	C:\Windows\system32\napinsp.dll
0x71400000 - 0x71412000 	C:\Windows\system32\pnrpnsp.dll
0x74000000 - 0x74044000 	C:\Windows\system32\DNSAPI.dll
0x713f0000 - 0x713f8000 	C:\Windows\System32\winrnr.dll
0x713c0000 - 0x713e1000 	C:\Program Files (x86)\Bonjour\mdnsNSP.dll
0x74260000 - 0x7427c000 	C:\Windows\system32\Iphlpapi.DLL
0x74250000 - 0x74257000 	C:\Windows\system32\WINNSI.DLL
0x74740000 - 0x74745000 	C:\Windows\System32\wshtcpip.dll
0x73f70000 - 0x73f76000 	C:\Windows\system32\rasadhlp.dll
0x71380000 - 0x713b8000 	C:\Windows\System32\fwpuclnt.dll
0x72460000 - 0x72484000 	C:\Program Files (x86)\Java\jdk1.7.0_15\jre\bin\dcpr.dll
0x74060000 - 0x74076000 	C:\Windows\system32\CRYPTSP.dll
0x73fc0000 - 0x73ffb000 	C:\Windows\system32\rsaenh.dll
0x747f0000 - 0x74807000 	C:\Windows\system32\USERENV.dll
0x74850000 - 0x7485b000 	C:\Windows\system32\profapi.dll
0x738e0000 - 0x73905000 	C:\Program Files (x86)\Java\jdk1.7.0_15\jre\bin\jpeg.dll
0x10000000 - 0x1003d000 	C:\Users\credit.card\AppData\Local\Temp\jna-credit.card\jna6486866680455922213.dll
0x721d0000 - 0x723ea000 	I:\Ted\Programs\Files\NetBeansProjects\QuickSave\libtesseract302.dll
0x70f30000 - 0x710cc000 	I:\Ted\Programs\Files\NetBeansProjects\QuickSave\liblept168.dll
0x737a0000 - 0x7388b000 	C:\Windows\system32\dbghelp.dll

VM Arguments:
jvm_args: -Dfile.encoding=UTF-8 
java_command: QuickSave.Main
Launcher Type: SUN_STANDARD

Environment Variables:
CLASSPATH=C:\Program Files\Java\jre7\bin
PATH=C:\oracle\product\11.2.0\client_1\bin;C:\app\Administrator\product\11.2.0\client_1;C:\Windows\system32;C:\Windows;C:\Windows\System32\Wbem;C:\Program Files (x86)\QuickTime\QTSystem\;C:\Program Files (x86)\Microsoft SQL Server\110\Tools\Binn\ManagementStudio\;C:\Program Files (x86)\Microsoft SQL Server\110\Tools\Binn\;C:\Program Files\Microsoft SQL Server\110\Tools\Binn\;C:\Program Files (x86)\Microsoft Visual Studio 10.0\Common7\IDE\PrivateAssemblies\;C:\Program Files (x86)\Microsoft SQL Server\110\DTS\Binn\;C:\Windows\System32\WindowsPowerShell\v1.0\;C:\Program Files (x86)\Java\jdk1.7.0_15\bin;C:\Windows\System32\WindowsPowerShell\v1.0\;C:\Program Files\Java\jre7\bin
USERNAME=credit.card
OS=Windows_NT
PROCESSOR_IDENTIFIER=Intel64 Family 6 Model 15 Stepping 6, GenuineIntel



---------------  S Y S T E M  ---------------

OS: Windows 7 , 64 bit Build 7601 Service Pack 1

CPU:total 2 (2 cores per cpu, 1 threads per core) family 6 model 15 stepping 6, cmov, cx8, fxsr, mmx, sse, sse2, sse3, ssse3, tsc

Memory: 4k page, physical 8320628k(5248772k free), swap 16639396k(12243684k free)

vm_info: Java HotSpot(TM) Client VM (23.7-b01) for windows-x86 JRE (1.7.0_15-b03), built on Feb 15 2013 14:01:25 by "java_re" with unknown MS VC++:1600

time: Tue May 21 15:32:15 2013
elapsed time: 3 seconds

