#
# A fatal error has been detected by the Java Runtime Environment:
#
#  EXCEPTION_ACCESS_VIOLATION (0xc0000005) at pc=0x6e6159dc, pid=3804, tid=1268
#
# JRE version: 7.0_15-b03
# Java VM: Java HotSpot(TM) Client VM (23.7-b01 mixed mode, sharing windows-x86 )
# Problematic frame:
# C  [libtesseract302.dll+0x59dc]  STRING::strdup+0x467c
#
# Failed to write core dump. Minidumps are not enabled by default on client versions of Windows
#
# If you would like to submit a bug report, please visit:
#   http://bugreport.sun.com/bugreport/crash.jsp
# The crash happened outside the Java Virtual Machine in native code.
# See problematic frame for where to report the bug.
#

---------------  T H R E A D  ---------------

Current thread (0x00ec1400):  JavaThread "Thread-4" [_thread_in_native, id=1268, stack(0x09620000,0x09670000)]

siginfo: ExceptionCode=0xc0000005, reading address 0x00000000

Registers:
EAX=0x00000000, EBX=0x09239da4, ECX=0x00000000, EDX=0x091b0048
ESP=0x0966dde8, EBP=0x092356c0, ESI=0x09235be8, EDI=0x09235750
EIP=0x6e6159dc, EFLAGS=0x00010206

Top of Stack: (sp=0x0966dde8)
0x0966dde8:   00000000 05800048 09235be8 092356c0
0x0966ddf8:   09239da4 00000000 00000000 00000000
0x0966de08:   00000000 00000000 00000000 00000000
0x0966de18:   00000000 00000000 00000000 00000000
0x0966de28:   00000000 00000000 00000000 00000000
0x0966de38:   00000000 00000000 00000000 00000000
0x0966de48:   00000000 00000000 00000000 00000000
0x0966de58:   00000000 00000000 00000000 00000000 

Instructions: (pc=0x6e6159dc)
0x6e6159bc:   86 b8 00 00 00 ff 86 b0 0f 00 00 57 50 e8 3a 6e
0x6e6159cc:   10 00 8b 8e b8 00 00 00 8b f8 8b 86 94 06 00 00
0x6e6159dc:   8b 00 83 c4 04 3b c8 89 7c 24 10 7c 02 8b c1 50
0x6e6159ec:   e8 17 6e 10 00 8b 9c 24 34 08 00 00 8b 94 24 30 


Register to memory mapping:

EAX=0x00000000 is an unknown value
EBX=0x09239da4 is an unknown value
ECX=0x00000000 is an unknown value
EDX=0x091b0048 is an unknown value
ESP=0x0966dde8 is pointing into the stack for thread: 0x00ec1400
EBP=0x092356c0 is an unknown value
ESI=0x09235be8 is an unknown value
EDI=0x09235750 is an unknown value


Stack: [0x09620000,0x09670000],  sp=0x0966dde8,  free space=311k
Native frames: (J=compiled Java code, j=interpreted, Vv=VM code, C=native code)
C  [libtesseract302.dll+0x59dc]  STRING::strdup+0x467c

Java frames: (J=compiled Java code, j=interpreted, Vv=VM code)
j  com.sun.jna.Native.invokePointer(JI[Ljava/lang/Object;)J+0
j  com.sun.jna.Function.invokePointer(I[Ljava/lang/Object;)Lcom/sun/jna/Pointer;+6
j  com.sun.jna.Function.invoke([Ljava/lang/Object;Ljava/lang/Class;Z)Ljava/lang/Object;+642
j  com.sun.jna.Function.invoke(Ljava/lang/Class;[Ljava/lang/Object;Ljava/util/Map;)Ljava/lang/Object;+214
j  com.sun.jna.Library$Handler.invoke(Ljava/lang/Object;Ljava/lang/reflect/Method;[Ljava/lang/Object;)Ljava/lang/Object;+341
j  com.sun.proxy.$Proxy0.TessBaseAPIGetUTF8Text(Lnet/sourceforge/tess4j/TessAPI$TessBaseAPI;)Lcom/sun/jna/Pointer;+16
j  net.sourceforge.tess4j.Tesseract.doOCR(IILjava/nio/ByteBuffer;Ljava/awt/Rectangle;I)Ljava/lang/String;+216
j  net.sourceforge.tess4j.Tesseract.doOCR(Ljava/util/List;Ljava/awt/Rectangle;)Ljava/lang/String;+95
j  net.sourceforge.tess4j.Tesseract.doOCR(Ljava/awt/image/BufferedImage;Ljava/awt/Rectangle;)Ljava/lang/String;+33
j  net.sourceforge.tess4j.Tesseract.doOCR(Ljava/awt/image/BufferedImage;)Ljava/lang/String;+3
j  QuickSave.MainGui.OCR(Ljava/awt/image/BufferedImage;Ljava/lang/String;)Ljava/lang/String;+11
j  QuickSave.MainGui.ReadCheck()V+84
j  QuickSave.MainGui.DisplayImage()V+108
j  QuickSave.MainGui.jSliderZoomStateChanged(Ljavax/swing/event/ChangeEvent;)V+22
j  QuickSave.MainGui.access$600(LQuickSave/MainGui;Ljavax/swing/event/ChangeEvent;)V+2
j  QuickSave.MainGui$7.stateChanged(Ljavax/swing/event/ChangeEvent;)V+5
j  javax.swing.JSlider.fireStateChanged()V+57
j  javax.swing.JSlider$ModelListener.stateChanged(Ljavax/swing/event/ChangeEvent;)V+4
j  javax.swing.DefaultBoundedRangeModel.fireStateChanged()V+57
j  javax.swing.DefaultBoundedRangeModel.setRangeProperties(IIIIZ)V+130
j  javax.swing.DefaultBoundedRangeModel.setValue(I)V+62
j  javax.swing.JSlider.setValue(I)V+20
j  QuickSave.MainGui.NewDoc()V+157
j  QuickSave.tempChecker.run()V+58
j  java.lang.Thread.run()V+11
v  ~StubRoutines::call_stub

---------------  P R O C E S S  ---------------

Java Threads: ( => current thread )
  0x00ec2800 JavaThread "DestroyJavaVM" [_thread_blocked, id=3740, stack(0x00db0000,0x00e00000)]
  0x00ec2000 JavaThread "D3D Screen Updater" daemon [_thread_blocked, id=4304, stack(0x054f0000,0x05540000)]
  0x00ec1c00 JavaThread "Thread-6" [_thread_blocked, id=1900, stack(0x09590000,0x095e0000)]
=>0x00ec1400 JavaThread "Thread-4" [_thread_in_native, id=1268, stack(0x09620000,0x09670000)]
  0x00ec0c00 JavaThread "AWT-EventQueue-0" [_thread_blocked, id=3556, stack(0x05200000,0x05250000)]
  0x00ec0800 JavaThread "Image Fetcher 0" daemon [_thread_blocked, id=672, stack(0x07f40000,0x07f90000)]
  0x00ec0000 JavaThread "AWT-Windows" daemon [_thread_in_native, id=4752, stack(0x05030000,0x05080000)]
  0x00ebfc00 JavaThread "AWT-Shutdown" [_thread_blocked, id=3604, stack(0x04e60000,0x04eb0000)]
  0x00ebf400 JavaThread "Java2D Disposer" daemon [_thread_blocked, id=604, stack(0x04cb0000,0x04d00000)]
  0x00ebf000 JavaThread "Service Thread" daemon [_thread_blocked, id=2824, stack(0x04940000,0x04990000)]
  0x00ec7400 JavaThread "C1 CompilerThread0" daemon [_thread_blocked, id=3972, stack(0x04830000,0x04880000)]
  0x00ebe800 JavaThread "Attach Listener" daemon [_thread_blocked, id=3464, stack(0x046b0000,0x04700000)]
  0x00ebe000 JavaThread "Signal Dispatcher" daemon [_thread_blocked, id=2244, stack(0x04760000,0x047b0000)]
  0x00eaa000 JavaThread "Finalizer" daemon [_thread_blocked, id=4572, stack(0x04710000,0x04760000)]
  0x00ea5400 JavaThread "Reference Handler" daemon [_thread_blocked, id=4696, stack(0x04420000,0x04470000)]

Other Threads:
  0x00ea4000 VMThread [stack: 0x04580000,0x045d0000] [id=4884]
  0x00eea800 WatcherThread [stack: 0x048c0000,0x04910000] [id=3028]

VM state:not at safepoint (normal execution)

VM Mutex/Monitor currently owned by a thread: None

Heap
 def new generation   total 24832K, used 2143K [0x23f60000, 0x25a50000, 0x294b0000)
  eden space 22080K,   6% used [0x23f60000, 0x240d9af0, 0x254f0000)
  from space 2752K,  23% used [0x257a0000, 0x2583e508, 0x25a50000)
  to   space 2752K,   0% used [0x254f0000, 0x254f0000, 0x257a0000)
 tenured generation   total 55092K, used 47691K [0x294b0000, 0x2ca7d000, 0x33f60000)
   the space 55092K,  86% used [0x294b0000, 0x2c342e78, 0x2c343000, 0x2ca7d000)
 compacting perm gen  total 12288K, used 4611K [0x33f60000, 0x34b60000, 0x37f60000)
   the space 12288K,  37% used [0x33f60000, 0x343e0c70, 0x343e0e00, 0x34b60000)
    ro space 10240K,  45% used [0x37f60000, 0x383e7290, 0x383e7400, 0x38960000)
    rw space 12288K,  54% used [0x38960000, 0x38feace8, 0x38feae00, 0x39560000)

Card table byte_map: [0x00c30000,0x00ce0000] byte_map_base: 0x00b10500

Polling page: 0x00690000

Code Cache  [0x02400000, 0x02570000, 0x04400000)
 total_blobs=769 nmethods=519 adapters=184 free_code_cache=31298Kb largest_free_block=32049280

Compilation events (10 events):
Event: 3.475 Thread 0x00ec7400  513             sun.misc.ProxyGenerator$ConstantPool$IndirectEntry::<init> (21 bytes)
Event: 3.475 Thread 0x00ec7400 nmethod 513 0x0256d588 code [0x0256d680, 0x0256d710]
Event: 3.475 Thread 0x00ec7400  514             java.io.DataOutputStream::writeUTF (435 bytes)
Event: 3.476 Thread 0x00ec7400 nmethod 514 0x0256d748 code [0x0256d930, 0x0256e1fc]
Event: 3.476 Thread 0x00ec7400  515             java.io.DataOutputStream::writeShort (35 bytes)
Event: 3.477 Thread 0x00ec7400 nmethod 515 0x0256ed88 code [0x0256eea0, 0x0256ef98]
Event: 3.488 Thread 0x00ec7400  517             java.lang.String::<init> (15 bytes)
Event: 3.488 Thread 0x00ec7400 nmethod 517 0x0256f288 code [0x0256f380, 0x0256f410]
Event: 3.494 Thread 0x00ec7400  518  s          java.util.Vector::size (5 bytes)
Event: 3.494 Thread 0x00ec7400 nmethod 518 0x0256f448 code [0x0256f540, 0x0256f700]

GC Heap History (10 events):
Event: 2.380 GC heap before
{Heap before GC invocations=6 (full 2):
 def new generation   total 14848K, used 11065K [0x23f60000, 0x24f70000, 0x294b0000)
  eden space 13248K,  83% used [0x23f60000, 0x24a2d0e0, 0x24c50000)
  from space 1600K,   0% used [0x24de0000, 0x24de1700, 0x24f70000)
  to   space 1600K,   0% used [0x24c50000, 0x24c50000, 0x24de0000)
 tenured generation   total 32792K, used 30693K [0x294b0000, 0x2b4b6000, 0x33f60000)
   the space 32792K,  93% used [0x294b0000, 0x2b2a97e8, 0x2b2a9800, 0x2b4b6000)
 compacting perm gen  total 12288K, used 3807K [0x33f60000, 0x34b60000, 0x37f60000)
   the space 12288K,  30% used [0x33f60000, 0x34317eb8, 0x34318000, 0x34b60000)
    ro space 10240K,  45% used [0x37f60000, 0x383e7290, 0x383e7400, 0x38960000)
    rw space 12288K,  54% used [0x38960000, 0x38feace8, 0x38feae00, 0x39560000)
Event: 2.411 GC heap after
Heap after GC invocations=7 (full 3):
 def new generation   total 14848K, used 0K [0x23f60000, 0x24f70000, 0x294b0000)
  eden space 13248K,   0% used [0x23f60000, 0x23f60000, 0x24c50000)
  from space 1600K,   0% used [0x24c50000, 0x24c50000, 0x24de0000)
  to   space 1600K,   0% used [0x24de0000, 0x24de0000, 0x24f70000)
 tenured generation   total 32792K, used 19155K [0x294b0000, 0x2b4b6000, 0x33f60000)
   the space 32792K,  58% used [0x294b0000, 0x2a764c88, 0x2a764e00, 0x2b4b6000)
 compacting perm gen  total 12288K, used 3807K [0x33f60000, 0x34b60000, 0x37f60000)
   the space 12288K,  30% used [0x33f60000, 0x34317eb8, 0x34318000, 0x34b60000)
    ro space 10240K,  45% used [0x37f60000, 0x383e7290, 0x383e7400, 0x38960000)
    rw space 12288K,  54% used [0x38960000, 0x38feace8, 0x38feae00, 0x39560000)
}
Event: 2.431 GC heap before
{Heap before GC invocations=7 (full 3):
 def new generation   total 14848K, used 3406K [0x23f60000, 0x24f70000, 0x294b0000)
  eden space 13248K,  25% used [0x23f60000, 0x242b39e0, 0x24c50000)
  from space 1600K,   0% used [0x24c50000, 0x24c50000, 0x24de0000)
  to   space 1600K,   0% used [0x24de0000, 0x24de0000, 0x24f70000)
 tenured generation   total 47352K, used 33712K [0x294b0000, 0x2c2ee000, 0x33f60000)
   the space 47352K,  71% used [0x294b0000, 0x2b59c070, 0x2b59c200, 0x2c2ee000)
 compacting perm gen  total 12288K, used 3807K [0x33f60000, 0x34b60000, 0x37f60000)
   the space 12288K,  30% used [0x33f60000, 0x34317eb8, 0x34318000, 0x34b60000)
    ro space 10240K,  45% used [0x37f60000, 0x383e7290, 0x383e7400, 0x38960000)
    rw space 12288K,  54% used [0x38960000, 0x38feace8, 0x38feae00, 0x39560000)
Event: 2.433 GC heap after
Heap after GC invocations=8 (full 3):
 def new generation   total 14848K, used 1044K [0x23f60000, 0x24f70000, 0x294b0000)
  eden space 13248K,   0% used [0x23f60000, 0x23f60000, 0x24c50000)
  from space 1600K,  65% used [0x24de0000, 0x24ee5308, 0x24f70000)
  to   space 1600K,   0% used [0x24c50000, 0x24c50000, 0x24de0000)
 tenured generation   total 47352K, used 33712K [0x294b0000, 0x2c2ee000, 0x33f60000)
   the space 47352K,  71% used [0x294b0000, 0x2b59c070, 0x2b59c200, 0x2c2ee000)
 compacting perm gen  total 12288K, used 3807K [0x33f60000, 0x34b60000, 0x37f60000)
   the space 12288K,  30% used [0x33f60000, 0x34317eb8, 0x34318000, 0x34b60000)
    ro space 10240K,  45% used [0x37f60000, 0x383e7290, 0x383e7400, 0x38960000)
    rw space 12288K,  54% used [0x38960000, 0x38feace8, 0x38feae00, 0x39560000)
}
Event: 2.443 GC heap before
{Heap before GC invocations=8 (full 3):
 def new generation   total 14848K, used 14292K [0x23f60000, 0x24f70000, 0x294b0000)
  eden space 13248K,  99% used [0x23f60000, 0x24c4fdc8, 0x24c50000)
  from space 1600K,  65% used [0x24de0000, 0x24ee5308, 0x24f70000)
  to   space 1600K,   0% used [0x24c50000, 0x24c50000, 0x24de0000)
 tenured generation   total 47352K, used 33712K [0x294b0000, 0x2c2ee000, 0x33f60000)
   the space 47352K,  71% used [0x294b0000, 0x2b59c070, 0x2b59c200, 0x2c2ee000)
 compacting perm gen  total 12288K, used 3807K [0x33f60000, 0x34b60000, 0x37f60000)
   the space 12288K,  30% used [0x33f60000, 0x34317eb8, 0x34318000, 0x34b60000)
    ro space 10240K,  45% used [0x37f60000, 0x383e7290, 0x383e7400, 0x38960000)
    rw space 12288K,  54% used [0x38960000, 0x38feace8, 0x38feae00, 0x39560000)
Event: 2.456 GC heap after
Heap after GC invocations=9 (full 3):
 def new generation   total 14848K, used 5K [0x23f60000, 0x24f70000, 0x294b0000)
  eden space 13248K,   0% used [0x23f60000, 0x23f60000, 0x24c50000)
  from space 1600K,   0% used [0x24c50000, 0x24c51690, 0x24de0000)
  to   space 1600K,   0% used [0x24de0000, 0x24de0000, 0x24f70000)
 tenured generation   total 47352K, used 45666K [0x294b0000, 0x2c2ee000, 0x33f60000)
   the space 47352K,  96% used [0x294b0000, 0x2c1488f8, 0x2c148a00, 0x2c2ee000)
 compacting perm gen  total 12288K, used 3807K [0x33f60000, 0x34b60000, 0x37f60000)
   the space 12288K,  30% used [0x33f60000, 0x34317eb8, 0x34318000, 0x34b60000)
    ro space 10240K,  45% used [0x37f60000, 0x383e7290, 0x383e7400, 0x38960000)
    rw space 12288K,  54% used [0x38960000, 0x38feace8, 0x38feae00, 0x39560000)
}
Event: 2.570 GC heap before
{Heap before GC invocations=9 (full 3):
 def new generation   total 14848K, used 12889K [0x23f60000, 0x24f70000, 0x294b0000)
  eden space 13248K,  97% used [0x23f60000, 0x24bf4dc0, 0x24c50000)
  from space 1600K,   0% used [0x24c50000, 0x24c51690, 0x24de0000)
  to   space 1600K,   0% used [0x24de0000, 0x24de0000, 0x24f70000)
 tenured generation   total 47352K, used 45666K [0x294b0000, 0x2c2ee000, 0x33f60000)
   the space 47352K,  96% used [0x294b0000, 0x2c1488f8, 0x2c148a00, 0x2c2ee000)
 compacting perm gen  total 12288K, used 4058K [0x33f60000, 0x34b60000, 0x37f60000)
   the space 12288K,  33% used [0x33f60000, 0x34356b48, 0x34356c00, 0x34b60000)
    ro space 10240K,  45% used [0x37f60000, 0x383e7290, 0x383e7400, 0x38960000)
    rw space 12288K,  54% used [0x38960000, 0x38feace8, 0x38feae00, 0x39560000)
Event: 2.621 GC heap after
Heap after GC invocations=10 (full 4):
 def new generation   total 24832K, used 0K [0x23f60000, 0x25a50000, 0x294b0000)
  eden space 22080K,   0% used [0x23f60000, 0x23f60000, 0x254f0000)
  from space 2752K,   0% used [0x254f0000, 0x254f0000, 0x257a0000)
  to   space 2752K,   0% used [0x257a0000, 0x257a0000, 0x25a50000)
 tenured generation   total 55092K, used 33053K [0x294b0000, 0x2ca7d000, 0x33f60000)
   the space 55092K,  59% used [0x294b0000, 0x2b4f75e8, 0x2b4f7600, 0x2ca7d000)
 compacting perm gen  total 12288K, used 4057K [0x33f60000, 0x34b60000, 0x37f60000)
   the space 12288K,  33% used [0x33f60000, 0x343565c0, 0x34356600, 0x34b60000)
    ro space 10240K,  45% used [0x37f60000, 0x383e7290, 0x383e7400, 0x38960000)
    rw space 12288K,  54% used [0x38960000, 0x38feace8, 0x38feae00, 0x39560000)
}
Event: 2.812 GC heap before
{Heap before GC invocations=10 (full 4):
 def new generation   total 24832K, used 22080K [0x23f60000, 0x25a50000, 0x294b0000)
  eden space 22080K, 100% used [0x23f60000, 0x254f0000, 0x254f0000)
  from space 2752K,   0% used [0x254f0000, 0x254f0000, 0x257a0000)
  to   space 2752K,   0% used [0x257a0000, 0x257a0000, 0x25a50000)
 tenured generation   total 55092K, used 33053K [0x294b0000, 0x2ca7d000, 0x33f60000)
   the space 55092K,  59% used [0x294b0000, 0x2b4f75e8, 0x2b4f7600, 0x2ca7d000)
 compacting perm gen  total 12288K, used 4432K [0x33f60000, 0x34b60000, 0x37f60000)
   the space 12288K,  36% used [0x33f60000, 0x343b4278, 0x343b4400, 0x34b60000)
    ro space 10240K,  45% used [0x37f60000, 0x383e7290, 0x383e7400, 0x38960000)
    rw space 12288K,  54% used [0x38960000, 0x38feace8, 0x38feae00, 0x39560000)
Event: 2.822 GC heap after
Heap after GC invocations=11 (full 4):
 def new generation   total 24832K, used 633K [0x23f60000, 0x25a50000, 0x294b0000)
  eden space 22080K,   0% used [0x23f60000, 0x23f60000, 0x254f0000)
  from space 2752K,  23% used [0x257a0000, 0x2583e508, 0x25a50000)
  to   space 2752K,   0% used [0x254f0000, 0x254f0000, 0x257a0000)
 tenured generation   total 55092K, used 47691K [0x294b0000, 0x2ca7d000, 0x33f60000)
   the space 55092K,  86% used [0x294b0000, 0x2c342e78, 0x2c343000, 0x2ca7d000)
 compacting perm gen  total 12288K, used 4432K [0x33f60000, 0x34b60000, 0x37f60000)
   the space 12288K,  36% used [0x33f60000, 0x343b4278, 0x343b4400, 0x34b60000)
    ro space 10240K,  45% used [0x37f60000, 0x383e7290, 0x383e7400, 0x38960000)
    rw space 12288K,  54% used [0x38960000, 0x38feace8, 0x38feae00, 0x39560000)
}

Deoptimization events (0 events):
No events

Internal exceptions (10 events):
Event: 3.488 Thread 0x00ec1400 Threw 0x240b8ba8 at C:\jdk7u2_32P\jdk7u15\hotspot\src\share\vm\prims\jvm.cpp:1166
Event: 3.488 Thread 0x00ec1400 Threw 0x240ba5a8 at C:\jdk7u2_32P\jdk7u15\hotspot\src\share\vm\prims\jvm.cpp:1166
Event: 3.489 Thread 0x00ec1400 Threw 0x240bc3f8 at C:\jdk7u2_32P\jdk7u15\hotspot\src\share\vm\prims\jvm.cpp:1166
Event: 3.489 Thread 0x00ec1400 Threw 0x240be390 at C:\jdk7u2_32P\jdk7u15\hotspot\src\share\vm\prims\jvm.cpp:1166
Event: 3.489 Thread 0x00ec1400 Threw 0x240c0210 at C:\jdk7u2_32P\jdk7u15\hotspot\src\share\vm\prims\jvm.cpp:1166
Event: 3.492 Thread 0x00ec1400 Threw 0x240c46d8 at C:\jdk7u2_32P\jdk7u15\hotspot\src\share\vm\prims\jvm.cpp:1166
Event: 3.493 Thread 0x00ec1400 Threw 0x240c75d8 at C:\jdk7u2_32P\jdk7u15\hotspot\src\share\vm\prims\jvm.cpp:1166
Event: 3.493 Thread 0x00ec1400 Threw 0x240cbaf8 at C:\jdk7u2_32P\jdk7u15\hotspot\src\share\vm\prims\jvm.cpp:1166
Event: 3.529 Thread 0x00ec1400 Threw 0x240ce600 at C:\jdk7u2_32P\jdk7u15\hotspot\src\share\vm\prims\jvm.cpp:1166
Event: 3.530 Thread 0x00ec1400 Threw 0x240d09b0 at C:\jdk7u2_32P\jdk7u15\hotspot\src\share\vm\prims\jvm.cpp:1166

Events (10 events):
Event: 3.492 loading class 0x0851db28
Event: 3.492 loading class 0x0851db28 done
Event: 3.493 loading class 0x084c3398
Event: 3.493 loading class 0x084c3398 done
Event: 3.493 loading class 0x084c32f0
Event: 3.493 loading class 0x084c32f0 done
Event: 3.529 loading class 0x085502d0
Event: 3.529 loading class 0x085502d0 done
Event: 3.530 loading class 0x0851ce38
Event: 3.530 loading class 0x0851ce38 done


Dynamic libraries:
0x00fd0000 - 0x00fff000 	C:\Program Files (x86)\Java\jdk1.7.0_15\bin\java.exe
0x77910000 - 0x77a90000 	C:\Windows\SysWOW64\ntdll.dll
0x76b10000 - 0x76c20000 	C:\Windows\syswow64\kernel32.dll
0x76d40000 - 0x76d87000 	C:\Windows\syswow64\KERNELBASE.dll
0x76f30000 - 0x76fd0000 	C:\Windows\syswow64\ADVAPI32.dll
0x750f0000 - 0x7519c000 	C:\Windows\syswow64\msvcrt.dll
0x76070000 - 0x76089000 	C:\Windows\SysWOW64\sechost.dll
0x76760000 - 0x76850000 	C:\Windows\syswow64\RPCRT4.dll
0x74f70000 - 0x74fd0000 	C:\Windows\syswow64\SspiCli.dll
0x74f60000 - 0x74f6c000 	C:\Windows\syswow64\CRYPTBASE.dll
0x76660000 - 0x76760000 	C:\Windows\syswow64\USER32.dll
0x763d0000 - 0x76460000 	C:\Windows\syswow64\GDI32.dll
0x76f20000 - 0x76f2a000 	C:\Windows\syswow64\LPK.dll
0x74fd0000 - 0x7506d000 	C:\Windows\syswow64\USP10.dll
0x72250000 - 0x723ee000 	C:\Windows\WinSxS\x86_microsoft.windows.common-controls_6595b64144ccf1df_6.0.7601.17514_none_41e6975e2bd6f2b2\COMCTL32.dll
0x76d90000 - 0x76de7000 	C:\Windows\syswow64\SHLWAPI.dll
0x769b0000 - 0x76a10000 	C:\Windows\system32\IMM32.DLL
0x76a10000 - 0x76adc000 	C:\Windows\syswow64\MSCTF.dll
0x72e30000 - 0x72eee000 	C:\Program Files (x86)\Java\jdk1.7.0_15\jre\bin\msvcr100.dll
0x72ef0000 - 0x7323c000 	C:\Program Files (x86)\Java\jdk1.7.0_15\jre\bin\client\jvm.dll
0x74b20000 - 0x74b27000 	C:\Windows\system32\WSOCK32.dll
0x76030000 - 0x76065000 	C:\Windows\syswow64\WS2_32.dll
0x760b0000 - 0x760b6000 	C:\Windows\syswow64\NSI.dll
0x74ab0000 - 0x74ae2000 	C:\Windows\system32\WINMM.dll
0x753d0000 - 0x753d5000 	C:\Windows\syswow64\PSAPI.DLL
0x739a0000 - 0x739ac000 	C:\Program Files (x86)\Java\jdk1.7.0_15\jre\bin\verify.dll
0x73980000 - 0x739a0000 	C:\Program Files (x86)\Java\jdk1.7.0_15\jre\bin\java.dll
0x73910000 - 0x73923000 	C:\Program Files (x86)\Java\jdk1.7.0_15\jre\bin\zip.dll
0x6e8c0000 - 0x6ea02000 	C:\Program Files (x86)\Java\jdk1.7.0_15\jre\bin\awt.dll
0x76460000 - 0x764ef000 	C:\Windows\syswow64\OLEAUT32.dll
0x76850000 - 0x769ac000 	C:\Windows\syswow64\ole32.dll
0x726d0000 - 0x72750000 	C:\Windows\system32\uxtheme.dll
0x72040000 - 0x72053000 	C:\Windows\system32\dwmapi.dll
0x753e0000 - 0x7602a000 	C:\Windows\syswow64\SHELL32.dll
0x72de0000 - 0x72e0a000 	C:\Program Files (x86)\Java\jdk1.7.0_15\jre\bin\fontmanager.dll
0x6cd60000 - 0x6cf23000 	C:\Windows\system32\d3d9.dll
0x74c60000 - 0x74c69000 	C:\Windows\system32\VERSION.dll
0x73b80000 - 0x73b86000 	C:\Windows\system32\d3d8thk.dll
0x6c600000 - 0x6cd5c000 	C:\Windows\system32\nvd3dum.dll
0x73a80000 - 0x73aa5000 	C:\Windows\system32\powrprof.dll
0x751a0000 - 0x7533d000 	C:\Windows\syswow64\SETUPAPI.dll
0x760f0000 - 0x76117000 	C:\Windows\syswow64\CFGMGR32.dll
0x76090000 - 0x760a2000 	C:\Windows\syswow64\DEVOBJ.dll
0x72e10000 - 0x72e24000 	C:\Program Files (x86)\Java\jdk1.7.0_15\jre\bin\net.dll
0x74750000 - 0x7478c000 	C:\Windows\system32\mswsock.dll
0x739b0000 - 0x739b6000 	C:\Windows\System32\wship6.dll
0x73d50000 - 0x73d5e000 	C:\Program Files (x86)\Java\jdk1.7.0_15\jre\bin\nio.dll
0x72da0000 - 0x72dd1000 	C:\Program Files (x86)\Java\jdk1.7.0_15\jre\bin\t2k.dll
0x75340000 - 0x753c3000 	C:\Windows\syswow64\CLBCatQ.DLL
0x72bc0000 - 0x72cbb000 	C:\Windows\system32\WindowsCodecs.dll
0x72570000 - 0x725bc000 	C:\Windows\system32\apphelp.dll
0x72d20000 - 0x72d51000 	C:\Windows\system32\EhStorShell.dll
0x72150000 - 0x72245000 	C:\Windows\system32\PROPSYS.dll
0x69890000 - 0x69c96000 	C:\PROGRA~2\MICROS~2\Office14\GROOVEEX.DLL
0x74db0000 - 0x74e53000 	C:\Windows\WinSxS\x86_microsoft.vc90.crt_1fc8b3b9a1e18e3b_9.0.30729.6161_none_50934f2ebcb7eb57\MSVCR90.dll
0x6e830000 - 0x6e8be000 	C:\Windows\WinSxS\x86_microsoft.vc90.crt_1fc8b3b9a1e18e3b_9.0.30729.6161_none_50934f2ebcb7eb57\MSVCP90.dll
0x72d70000 - 0x72d9b000 	C:\Windows\WinSxS\x86_microsoft.vc90.atl_1fc8b3b9a1e18e3b_9.0.30729.6161_none_51cd0a7abbe4e19b\ATL90.DLL
0x69470000 - 0x6988a000 	C:\PROGRA~2\COMMON~1\MICROS~1\OFFICE14\Cultures\office.odf
0x68c00000 - 0x69465000 	C:\PROGRA~2\MICROS~2\Office14\1033\GrooveIntlResource.dll
0x71620000 - 0x71690000 	C:\Windows\system32\ntshrui.dll
0x72790000 - 0x727a9000 	C:\Windows\system32\srvcli.dll
0x726c0000 - 0x726cb000 	C:\Windows\system32\cscapi.dll
0x737e0000 - 0x737ea000 	C:\Windows\system32\slc.dll
0x619e0000 - 0x61a08000 	C:\Windows\SysWOW64\pfmshx_640.dll
0x71430000 - 0x71440000 	C:\Windows\system32\NLAapi.dll
0x71420000 - 0x71430000 	C:\Windows\system32\napinsp.dll
0x71400000 - 0x71412000 	C:\Windows\system32\pnrpnsp.dll
0x74000000 - 0x74044000 	C:\Windows\system32\DNSAPI.dll
0x713f0000 - 0x713f8000 	C:\Windows\System32\winrnr.dll
0x713c0000 - 0x713e1000 	C:\Program Files (x86)\Bonjour\mdnsNSP.dll
0x74260000 - 0x7427c000 	C:\Windows\system32\Iphlpapi.DLL
0x74250000 - 0x74257000 	C:\Windows\system32\WINNSI.DLL
0x74740000 - 0x74745000 	C:\Windows\System32\wshtcpip.dll
0x73f70000 - 0x73f76000 	C:\Windows\system32\rasadhlp.dll
0x71380000 - 0x713b8000 	C:\Windows\System32\fwpuclnt.dll
0x72cf0000 - 0x72d14000 	C:\Program Files (x86)\Java\jdk1.7.0_15\jre\bin\dcpr.dll
0x74060000 - 0x74076000 	C:\Windows\system32\CRYPTSP.dll
0x73fc0000 - 0x73ffb000 	C:\Windows\system32\rsaenh.dll
0x747f0000 - 0x74807000 	C:\Windows\system32\USERENV.dll
0x74850000 - 0x7485b000 	C:\Windows\system32\profapi.dll
0x71860000 - 0x71885000 	C:\Program Files (x86)\Java\jdk1.7.0_15\jre\bin\jpeg.dll
0x10000000 - 0x1003d000 	C:\Users\credit.card\AppData\Local\Temp\jna-credit.card\jna2309555104500399713.dll
0x6e610000 - 0x6e82a000 	I:\Ted\Programs\Files\NetBeansProjects\QuickSave\libtesseract302.dll
0x6e470000 - 0x6e60c000 	I:\Ted\Programs\Files\NetBeansProjects\QuickSave\liblept168.dll
0x72060000 - 0x7214b000 	C:\Windows\system32\dbghelp.dll

VM Arguments:
jvm_args: -Dfile.encoding=UTF-8 
java_command: QuickSave.Main
Launcher Type: SUN_STANDARD

Environment Variables:
CLASSPATH=C:\Program Files\Java\jre7\bin
PATH=C:\oracle\product\11.2.0\client_1\bin;C:\app\Administrator\product\11.2.0\client_1;C:\Windows\system32;C:\Windows;C:\Windows\System32\Wbem;C:\Program Files (x86)\QuickTime\QTSystem\;C:\Program Files (x86)\Microsoft SQL Server\110\Tools\Binn\ManagementStudio\;C:\Program Files (x86)\Microsoft SQL Server\110\Tools\Binn\;C:\Program Files\Microsoft SQL Server\110\Tools\Binn\;C:\Program Files (x86)\Microsoft Visual Studio 10.0\Common7\IDE\PrivateAssemblies\;C:\Program Files (x86)\Microsoft SQL Server\110\DTS\Binn\;C:\Windows\System32\WindowsPowerShell\v1.0\;C:\Program Files (x86)\Java\jdk1.7.0_15\bin;C:\Windows\System32\WindowsPowerShell\v1.0\;C:\Program Files\Java\jre7\bin
USERNAME=credit.card
OS=Windows_NT
PROCESSOR_IDENTIFIER=Intel64 Family 6 Model 15 Stepping 6, GenuineIntel



---------------  S Y S T E M  ---------------

OS: Windows 7 , 64 bit Build 7601 Service Pack 1

CPU:total 2 (2 cores per cpu, 1 threads per core) family 6 model 15 stepping 6, cmov, cx8, fxsr, mmx, sse, sse2, sse3, ssse3, tsc

Memory: 4k page, physical 8320628k(5595140k free), swap 16639396k(13021876k free)

vm_info: Java HotSpot(TM) Client VM (23.7-b01) for windows-x86 JRE (1.7.0_15-b03), built on Feb 15 2013 14:01:25 by "java_re" with unknown MS VC++:1600

time: Mon May 20 12:57:07 2013
elapsed time: 3 seconds

