#
# A fatal error has been detected by the Java Runtime Environment:
#
#  EXCEPTION_ACCESS_VIOLATION (0xc0000005) at pc=0x6e0d59dc, pid=3212, tid=4432
#
# JRE version: 7.0_21-b11
# Java VM: Java HotSpot(TM) Client VM (23.21-b01 mixed mode, sharing windows-x86 )
# Problematic frame:
# C  [libtesseract302.dll+0x59dc]  STRING::strdup+0x467c
#
# Failed to write core dump. Minidumps are not enabled by default on client versions of Windows
#
# If you would like to submit a bug report, please visit:
#   http://bugreport.sun.com/bugreport/crash.jsp
# The crash happened outside the Java Virtual Machine in native code.
# See problematic frame for where to report the bug.
#

---------------  T H R E A D  ---------------

Current thread (0x07fa4400):  JavaThread "AWT-EventQueue-0" [_thread_in_native, id=4432, stack(0x08400000,0x08450000)]

siginfo: ExceptionCode=0xc0000005, reading address 0x00000000

Registers:
EAX=0x00000000, EBX=0x08fbceec, ECX=0x00000000, EDX=0x08f00048
ESP=0x0844d108, EBP=0x08f856a8, ESI=0x08f85998, EDI=0x08f85708
EIP=0x6e0d59dc, EFLAGS=0x00010202

Top of Stack: (sp=0x0844d108)
0x0844d108:   00000000 05850048 08f85998 08f856a8
0x0844d118:   08fbceec 00000000 00000000 00000000
0x0844d128:   00000000 00000000 00000000 00000000
0x0844d138:   00000000 00000000 00000000 00000000
0x0844d148:   00000000 00000000 00000000 00000000
0x0844d158:   00000000 00000000 00000000 00000000
0x0844d168:   00000000 00000000 00000000 00000000
0x0844d178:   00000000 00000000 00000000 00000000 

Instructions: (pc=0x6e0d59dc)
0x6e0d59bc:   86 b8 00 00 00 ff 86 b0 0f 00 00 57 50 e8 3a 6e
0x6e0d59cc:   10 00 8b 8e b8 00 00 00 8b f8 8b 86 94 06 00 00
0x6e0d59dc:   8b 00 83 c4 04 3b c8 89 7c 24 10 7c 02 8b c1 50
0x6e0d59ec:   e8 17 6e 10 00 8b 9c 24 34 08 00 00 8b 94 24 30 


Register to memory mapping:

EAX=0x00000000 is an unknown value
EBX=0x08fbceec is an unknown value
ECX=0x00000000 is an unknown value
EDX=0x08f00048 is an unknown value
ESP=0x0844d108 is pointing into the stack for thread: 0x07fa4400
EBP=0x08f856a8 is an unknown value
ESI=0x08f85998 is an unknown value
EDI=0x08f85708 is an unknown value


Stack: [0x08400000,0x08450000],  sp=0x0844d108,  free space=308k
Native frames: (J=compiled Java code, j=interpreted, Vv=VM code, C=native code)
C  [libtesseract302.dll+0x59dc]  STRING::strdup+0x467c

Java frames: (J=compiled Java code, j=interpreted, Vv=VM code)
j  com.sun.jna.Native.invokePointer(JI[Ljava/lang/Object;)J+0
j  com.sun.jna.Function.invokePointer(I[Ljava/lang/Object;)Lcom/sun/jna/Pointer;+6
j  com.sun.jna.Function.invoke([Ljava/lang/Object;Ljava/lang/Class;Z)Ljava/lang/Object;+642
j  com.sun.jna.Function.invoke(Ljava/lang/Class;[Ljava/lang/Object;Ljava/util/Map;)Ljava/lang/Object;+214
j  com.sun.jna.Library$Handler.invoke(Ljava/lang/Object;Ljava/lang/reflect/Method;[Ljava/lang/Object;)Ljava/lang/Object;+341
j  com.sun.proxy.$Proxy0.TessBaseAPIGetUTF8Text(Lnet/sourceforge/tess4j/TessAPI$TessBaseAPI;)Lcom/sun/jna/Pointer;+16
j  net.sourceforge.tess4j.Tesseract.doOCR(IILjava/nio/ByteBuffer;Ljava/awt/Rectangle;I)Ljava/lang/String;+215
j  net.sourceforge.tess4j.Tesseract.doOCR(Ljava/util/List;Ljava/awt/Rectangle;)Ljava/lang/String;+95
j  net.sourceforge.tess4j.Tesseract.doOCR(Ljava/awt/image/BufferedImage;Ljava/awt/Rectangle;)Ljava/lang/String;+33
j  net.sourceforge.tess4j.Tesseract.doOCR(Ljava/awt/image/BufferedImage;)Ljava/lang/String;+3
j  QuickSave.MainGui.OCR(Ljava/awt/image/BufferedImage;Ljava/lang/String;)Ljava/lang/String;+8
j  QuickSave.MainGui.ReadCheck()V+84
j  QuickSave.MainGui.DisplayImage()V+108
j  QuickSave.MainGui.jRadioButtonMenuItem1ActionPerformed(Ljava/awt/event/ActionEvent;)V+25
j  QuickSave.MainGui.access$1500(LQuickSave/MainGui;Ljava/awt/event/ActionEvent;)V+2
j  QuickSave.MainGui$22.actionPerformed(Ljava/awt/event/ActionEvent;)V+5
j  javax.swing.AbstractButton.fireActionPerformed(Ljava/awt/event/ActionEvent;)V+84
j  javax.swing.AbstractButton$Handler.actionPerformed(Ljava/awt/event/ActionEvent;)V+5
j  javax.swing.DefaultButtonModel.fireActionPerformed(Ljava/awt/event/ActionEvent;)V+35
j  javax.swing.JToggleButton$ToggleButtonModel.setPressed(Z)V+148
j  javax.swing.AbstractButton.doClick(I)V+64
j  javax.swing.plaf.basic.BasicMenuItemUI.doClick(Ljavax/swing/MenuSelectionManager;)V+53
j  javax.swing.plaf.basic.BasicMenuItemUI$Handler.mouseReleased(Ljava/awt/event/MouseEvent;)V+76
j  java.awt.Component.processMouseEvent(Ljava/awt/event/MouseEvent;)V+64
j  javax.swing.JComponent.processMouseEvent(Ljava/awt/event/MouseEvent;)V+23
j  java.awt.Component.processEvent(Ljava/awt/AWTEvent;)V+81
j  java.awt.Container.processEvent(Ljava/awt/AWTEvent;)V+18
j  java.awt.Component.dispatchEventImpl(Ljava/awt/AWTEvent;)V+581
j  java.awt.Container.dispatchEventImpl(Ljava/awt/AWTEvent;)V+42
j  java.awt.Component.dispatchEvent(Ljava/awt/AWTEvent;)V+2
j  java.awt.LightweightDispatcher.retargetMouseEvent(Ljava/awt/Component;ILjava/awt/event/MouseEvent;)V+327
j  java.awt.LightweightDispatcher.processMouseEvent(Ljava/awt/event/MouseEvent;)Z+139
j  java.awt.LightweightDispatcher.dispatchEvent(Ljava/awt/AWTEvent;)Z+50
j  java.awt.Container.dispatchEventImpl(Ljava/awt/AWTEvent;)V+12
j  java.awt.Window.dispatchEventImpl(Ljava/awt/AWTEvent;)V+19
j  java.awt.Component.dispatchEvent(Ljava/awt/AWTEvent;)V+2
j  java.awt.EventQueue.dispatchEventImpl(Ljava/awt/AWTEvent;Ljava/lang/Object;)V+41
j  java.awt.EventQueue.access$200(Ljava/awt/EventQueue;Ljava/awt/AWTEvent;Ljava/lang/Object;)V+3
j  java.awt.EventQueue$3.run()Ljava/lang/Void;+12
j  java.awt.EventQueue$3.run()Ljava/lang/Object;+1
v  ~StubRoutines::call_stub
j  java.security.AccessController.doPrivileged(Ljava/security/PrivilegedAction;Ljava/security/AccessControlContext;)Ljava/lang/Object;+0
j  java.security.ProtectionDomain$1.doIntersectionPrivilege(Ljava/security/PrivilegedAction;Ljava/security/AccessControlContext;Ljava/security/AccessControlContext;)Ljava/lang/Object;+28
j  java.security.ProtectionDomain$1.doIntersectionPrivilege(Ljava/security/PrivilegedAction;Ljava/security/AccessControlContext;)Ljava/lang/Object;+6
j  java.awt.EventQueue$4.run()Ljava/lang/Void;+11
j  java.awt.EventQueue$4.run()Ljava/lang/Object;+1
v  ~StubRoutines::call_stub
j  java.security.AccessController.doPrivileged(Ljava/security/PrivilegedAction;Ljava/security/AccessControlContext;)Ljava/lang/Object;+0
j  java.security.ProtectionDomain$1.doIntersectionPrivilege(Ljava/security/PrivilegedAction;Ljava/security/AccessControlContext;Ljava/security/AccessControlContext;)Ljava/lang/Object;+28
j  java.awt.EventQueue.dispatchEvent(Ljava/awt/AWTEvent;)V+73
j  java.awt.EventDispatchThread.pumpOneEventForFilters(I)V+245
j  java.awt.EventDispatchThread.pumpEventsForFilter(ILjava/awt/Conditional;Ljava/awt/EventFilter;)V+35
j  java.awt.EventDispatchThread.pumpEventsForHierarchy(ILjava/awt/Conditional;Ljava/awt/Component;)V+11
j  java.awt.EventDispatchThread.pumpEvents(ILjava/awt/Conditional;)V+4
j  java.awt.EventDispatchThread.pumpEvents(Ljava/awt/Conditional;)V+3
j  java.awt.EventDispatchThread.run()V+9
v  ~StubRoutines::call_stub

---------------  P R O C E S S  ---------------

Java Threads: ( => current thread )
  0x0236ac00 JavaThread "DestroyJavaVM" [_thread_blocked, id=4092, stack(0x001e0000,0x00230000)]
  0x08024000 JavaThread "D3D Screen Updater" daemon [_thread_blocked, id=720, stack(0x056f0000,0x05740000)]
  0x08020800 JavaThread "Thread-6" [_thread_blocked, id=2024, stack(0x05320000,0x05370000)]
  0x08013800 JavaThread "Thread-4" [_thread_blocked, id=1200, stack(0x05140000,0x05190000)]
=>0x07fa4400 JavaThread "AWT-EventQueue-0" [_thread_in_native, id=4432, stack(0x08400000,0x08450000)]
  0x04b84800 JavaThread "AWT-Windows" daemon [_thread_in_native, id=4100, stack(0x04eb0000,0x04f00000)]
  0x04b84000 JavaThread "AWT-Shutdown" [_thread_blocked, id=2856, stack(0x04e10000,0x04e60000)]
  0x04b81800 JavaThread "Java2D Disposer" daemon [_thread_blocked, id=2852, stack(0x04dc0000,0x04e10000)]
  0x00358800 JavaThread "Service Thread" daemon [_thread_blocked, id=4508, stack(0x04980000,0x049d0000)]
  0x00353400 JavaThread "C1 CompilerThread0" daemon [_thread_blocked, id=3604, stack(0x04910000,0x04960000)]
  0x00352000 JavaThread "Attach Listener" daemon [_thread_blocked, id=3736, stack(0x045b0000,0x04600000)]
  0x00351000 JavaThread "Signal Dispatcher" daemon [_thread_blocked, id=4852, stack(0x044c0000,0x04510000)]
  0x00336c00 JavaThread "Finalizer" daemon [_thread_blocked, id=2308, stack(0x02300000,0x02350000)]
  0x00335400 JavaThread "Reference Handler" daemon [_thread_blocked, id=4800, stack(0x04650000,0x046a0000)]

Other Threads:
  0x00334000 VMThread [stack: 0x04520000,0x04570000] [id=4976]
  0x0036ac00 WatcherThread [stack: 0x04ad0000,0x04b20000] [id=3028]

VM state:not at safepoint (normal execution)

VM Mutex/Monitor currently owned by a thread: None

Heap
 def new generation   total 78656K, used 2062K [0x244d0000, 0x29a20000, 0x29a20000)
  eden space 69952K,   0% used [0x244d0000, 0x24538ea0, 0x28920000)
  from space 8704K,  18% used [0x291a0000, 0x2933abe0, 0x29a20000)
  to   space 8704K,   0% used [0x28920000, 0x28920000, 0x291a0000)
 tenured generation   total 174784K, used 169570K [0x29a20000, 0x344d0000, 0x344d0000)
   the space 174784K,  97% used [0x29a20000, 0x33fb8990, 0x33fb8a00, 0x344d0000)
 compacting perm gen  total 12288K, used 4654K [0x344d0000, 0x350d0000, 0x384d0000)
   the space 12288K,  37% used [0x344d0000, 0x3495b9e0, 0x3495ba00, 0x350d0000)
    ro space 10240K,  45% used [0x384d0000, 0x38957988, 0x38957a00, 0x38ed0000)
    rw space 12288K,  54% used [0x38ed0000, 0x3955b5d8, 0x3955b600, 0x39ad0000)

Card table byte_map: [0x02220000,0x022d0000] byte_map_base: 0x020fd980

Polling page: 0x00150000

Code Cache  [0x02370000, 0x024f0000, 0x04370000)
 total_blobs=781 nmethods=529 adapters=186 free_code_cache=31256Kb largest_free_block=32006336

Compilation events (10 events):
Event: 6.008 Thread 0x00353400  522             sun.misc.ProxyGenerator$ConstantPool$IndirectEntry::<init> (21 bytes)
Event: 6.008 Thread 0x00353400 nmethod 522 0x024e8048 code [0x024e8140, 0x024e81d0]
Event: 6.008 Thread 0x00353400  523             java.io.DataOutputStream::writeUTF (435 bytes)
Event: 6.063 Thread 0x00353400 nmethod 523 0x024e8208 code [0x024e83f0, 0x024e8cbc]
Event: 6.063 Thread 0x00353400  524             java.io.DataOutputStream::writeShort (35 bytes)
Event: 6.064 Thread 0x00353400 nmethod 524 0x024e9848 code [0x024e9960, 0x024e9a58]
Event: 6.064 Thread 0x00353400  525             sun.misc.VM::addFinalRefCount (24 bytes)
Event: 6.064 Thread 0x00353400 nmethod 525 0x024e9ac8 code [0x024e9bc0, 0x024e9c70]
Event: 6.067 Thread 0x00353400  526   !         java.util.zip.ZipFile$ZipFileInputStream::close (110 bytes)
Event: 6.067 Thread 0x00353400 nmethod 526 0x024433c8 code [0x024434f0, 0x02443978]

GC Heap History (10 events):
Event: 2.095 GC heap before
{Heap before GC invocations=7 (full 2):
 def new generation   total 14720K, used 4080K [0x244d0000, 0x254c0000, 0x29a20000)
  eden space 13120K,  26% used [0x244d0000, 0x248416e8, 0x251a0000)
  from space 1600K,  34% used [0x251a0000, 0x2522a938, 0x25330000)
  to   space 1600K,   0% used [0x25330000, 0x25330000, 0x254c0000)
 tenured generation   total 58248K, used 58107K [0x29a20000, 0x2d302000, 0x344d0000)
   the space 58248K,  99% used [0x29a20000, 0x2d2decd0, 0x2d2dee00, 0x2d302000)
 compacting perm gen  total 12288K, used 3787K [0x344d0000, 0x350d0000, 0x384d0000)
   the space 12288K,  30% used [0x344d0000, 0x34882c80, 0x34882e00, 0x350d0000)
    ro space 10240K,  45% used [0x384d0000, 0x38957988, 0x38957a00, 0x38ed0000)
    rw space 12288K,  54% used [0x38ed0000, 0x3955b5d8, 0x3955b600, 0x39ad0000)
Event: 2.099 GC heap after
Heap after GC invocations=8 (full 2):
 def new generation   total 14720K, used 1453K [0x244d0000, 0x254c0000, 0x29a20000)
  eden space 13120K,   0% used [0x244d0000, 0x244d0000, 0x251a0000)
  from space 1600K,  90% used [0x25330000, 0x2549b7f8, 0x254c0000)
  to   space 1600K,   0% used [0x251a0000, 0x251a0000, 0x25330000)
 tenured generation   total 60148K, used 60004K [0x29a20000, 0x2d4dd000, 0x344d0000)
   the space 60148K,  99% used [0x29a20000, 0x2d4b9360, 0x2d4b9400, 0x2d4dd000)
 compacting perm gen  total 12288K, used 3787K [0x344d0000, 0x350d0000, 0x384d0000)
   the space 12288K,  30% used [0x344d0000, 0x34882c80, 0x34882e00, 0x350d0000)
    ro space 10240K,  45% used [0x384d0000, 0x38957988, 0x38957a00, 0x38ed0000)
    rw space 12288K,  54% used [0x38ed0000, 0x3955b5d8, 0x3955b600, 0x39ad0000)
}
Event: 2.333 GC heap before
{Heap before GC invocations=8 (full 2):
 def new generation   total 14720K, used 13154K [0x244d0000, 0x254c0000, 0x29a20000)
  eden space 13120K,  89% used [0x244d0000, 0x2503d030, 0x251a0000)
  from space 1600K,  90% used [0x25330000, 0x2549b7f8, 0x254c0000)
  to   space 1600K,   0% used [0x251a0000, 0x251a0000, 0x25330000)
 tenured generation   total 60148K, used 60004K [0x29a20000, 0x2d4dd000, 0x344d0000)
   the space 60148K,  99% used [0x29a20000, 0x2d4b9360, 0x2d4b9400, 0x2d4dd000)
 compacting perm gen  total 12288K, used 3788K [0x344d0000, 0x350d0000, 0x384d0000)
   the space 12288K,  30% used [0x344d0000, 0x348832d8, 0x34883400, 0x350d0000)
    ro space 10240K,  45% used [0x384d0000, 0x38957988, 0x38957a00, 0x38ed0000)
    rw space 12288K,  54% used [0x38ed0000, 0x3955b5d8, 0x3955b600, 0x39ad0000)
Event: 2.375 GC heap after
Heap after GC invocations=9 (full 3):
 def new generation   total 27264K, used 0K [0x244d0000, 0x26260000, 0x29a20000)
  eden space 24256K,   0% used [0x244d0000, 0x244d0000, 0x25c80000)
  from space 3008K,   0% used [0x25c80000, 0x25c80000, 0x25f70000)
  to   space 3008K,   0% used [0x25f70000, 0x25f70000, 0x26260000)
 tenured generation   total 60472K, used 36282K [0x29a20000, 0x2d52e000, 0x344d0000)
   the space 60472K,  59% used [0x29a20000, 0x2bd8eaa8, 0x2bd8ec00, 0x2d52e000)
 compacting perm gen  total 12288K, used 3788K [0x344d0000, 0x350d0000, 0x384d0000)
   the space 12288K,  30% used [0x344d0000, 0x348832d8, 0x34883400, 0x350d0000)
    ro space 10240K,  45% used [0x384d0000, 0x38957988, 0x38957a00, 0x38ed0000)
    rw space 12288K,  54% used [0x38ed0000, 0x3955b5d8, 0x3955b600, 0x39ad0000)
}
Event: 2.428 GC heap before
{Heap before GC invocations=9 (full 3):
 def new generation   total 27264K, used 20605K [0x244d0000, 0x26260000, 0x29a20000)
  eden space 24256K,  84% used [0x244d0000, 0x258ef7d0, 0x25c80000)
  from space 3008K,   0% used [0x25c80000, 0x25c80000, 0x25f70000)
  to   space 3008K,   0% used [0x25f70000, 0x25f70000, 0x26260000)
 tenured generation   total 60472K, used 36282K [0x29a20000, 0x2d52e000, 0x344d0000)
   the space 60472K,  59% used [0x29a20000, 0x2bd8eaa8, 0x2bd8ec00, 0x2d52e000)
 compacting perm gen  total 12288K, used 3829K [0x344d0000, 0x350d0000, 0x384d0000)
   the space 12288K,  31% used [0x344d0000, 0x3488d798, 0x3488d800, 0x350d0000)
    ro space 10240K,  45% used [0x384d0000, 0x38957988, 0x38957a00, 0x38ed0000)
    rw space 12288K,  54% used [0x38ed0000, 0x3955b5d8, 0x3955b600, 0x39ad0000)
Event: 2.511 GC heap after
Heap after GC invocations=10 (full 4):
 def new generation   total 39424K, used 0K [0x244d0000, 0x26f90000, 0x29a20000)
  eden space 35072K,   0% used [0x244d0000, 0x244d0000, 0x26710000)
  from space 4352K,   0% used [0x26710000, 0x26710000, 0x26b50000)
  to   space 4352K,   0% used [0x26b50000, 0x26b50000, 0x26f90000)
 tenured generation   total 87504K, used 52500K [0x29a20000, 0x2ef94000, 0x344d0000)
   the space 87504K,  59% used [0x29a20000, 0x2cd650c8, 0x2cd65200, 0x2ef94000)
 compacting perm gen  total 12288K, used 3828K [0x344d0000, 0x350d0000, 0x384d0000)
   the space 12288K,  31% used [0x344d0000, 0x3488d280, 0x3488d400, 0x350d0000)
    ro space 10240K,  45% used [0x384d0000, 0x38957988, 0x38957a00, 0x38ed0000)
    rw space 12288K,  54% used [0x38ed0000, 0x3955b5d8, 0x3955b600, 0x39ad0000)
}
Event: 2.552 GC heap before
{Heap before GC invocations=10 (full 4):
 def new generation   total 39424K, used 213K [0x244d0000, 0x26f90000, 0x29a20000)
  eden space 35072K,   0% used [0x244d0000, 0x245054b8, 0x26710000)
  from space 4352K,   0% used [0x26710000, 0x26710000, 0x26b50000)
  to   space 4352K,   0% used [0x26b50000, 0x26b50000, 0x26f90000)
 tenured generation   total 146040K, used 111034K [0x29a20000, 0x328be000, 0x344d0000)
   the space 146040K,  76% used [0x29a20000, 0x3068ea78, 0x3068ec00, 0x328be000)
 compacting perm gen  total 12288K, used 3832K [0x344d0000, 0x350d0000, 0x384d0000)
   the space 12288K,  31% used [0x344d0000, 0x3488e398, 0x3488e400, 0x350d0000)
    ro space 10240K,  45% used [0x384d0000, 0x38957988, 0x38957a00, 0x38ed0000)
    rw space 12288K,  54% used [0x38ed0000, 0x3955b5d8, 0x3955b600, 0x39ad0000)
Event: 2.594 GC heap after
Heap after GC invocations=11 (full 5):
 def new generation   total 78656K, used 0K [0x244d0000, 0x29a20000, 0x29a20000)
  eden space 69952K,   0% used [0x244d0000, 0x244d0000, 0x28920000)
  from space 8704K,   0% used [0x28920000, 0x28920000, 0x291a0000)
  to   space 8704K,   0% used [0x291a0000, 0x291a0000, 0x29a20000)
 tenured generation   total 174784K, used 111035K [0x29a20000, 0x344d0000, 0x344d0000)
   the space 174784K,  63% used [0x29a20000, 0x3068efe0, 0x3068f000, 0x344d0000)
 compacting perm gen  total 12288K, used 3832K [0x344d0000, 0x350d0000, 0x384d0000)
   the space 12288K,  31% used [0x344d0000, 0x3488e398, 0x3488e400, 0x350d0000)
    ro space 10240K,  45% used [0x384d0000, 0x38957988, 0x38957a00, 0x38ed0000)
    rw space 12288K,  54% used [0x38ed0000, 0x3955b5d8, 0x3955b600, 0x39ad0000)
}
Event: 6.009 GC heap before
{Heap before GC invocations=11 (full 5):
 def new generation   total 78656K, used 69952K [0x244d0000, 0x29a20000, 0x29a20000)
  eden space 69952K, 100% used [0x244d0000, 0x28920000, 0x28920000)
  from space 8704K,   0% used [0x28920000, 0x28920000, 0x291a0000)
  to   space 8704K,   0% used [0x291a0000, 0x291a0000, 0x29a20000)
 tenured generation   total 174784K, used 111035K [0x29a20000, 0x344d0000, 0x344d0000)
   the space 174784K,  63% used [0x29a20000, 0x3068efe0, 0x3068f000, 0x344d0000)
 compacting perm gen  total 12288K, used 4582K [0x344d0000, 0x350d0000, 0x384d0000)
   the space 12288K,  37% used [0x344d0000, 0x34949860, 0x34949a00, 0x350d0000)
    ro space 10240K,  45% used [0x384d0000, 0x38957988, 0x38957a00, 0x38ed0000)
    rw space 12288K,  54% used [0x38ed0000, 0x3955b5d8, 0x3955b600, 0x39ad0000)
Event: 6.062 GC heap after
Heap after GC invocations=12 (full 5):
 def new generation   total 78656K, used 1642K [0x244d0000, 0x29a20000, 0x29a20000)
  eden space 69952K,   0% used [0x244d0000, 0x244d0000, 0x28920000)
  from space 8704K,  18% used [0x291a0000, 0x2933abe0, 0x29a20000)
  to   space 8704K,   0% used [0x28920000, 0x28920000, 0x291a0000)
 tenured generation   total 174784K, used 169570K [0x29a20000, 0x344d0000, 0x344d0000)
   the space 174784K,  97% used [0x29a20000, 0x33fb8990, 0x33fb8a00, 0x344d0000)
 compacting perm gen  total 12288K, used 4582K [0x344d0000, 0x350d0000, 0x384d0000)
   the space 12288K,  37% used [0x344d0000, 0x34949860, 0x34949a00, 0x350d0000)
    ro space 10240K,  45% used [0x384d0000, 0x38957988, 0x38957a00, 0x38ed0000)
    rw space 12288K,  54% used [0x38ed0000, 0x3955b5d8, 0x3955b600, 0x39ad0000)
}

Deoptimization events (0 events):
No events

Internal exceptions (10 events):
Event: 6.074 Thread 0x07fa4400 Threw 0x24503340 at C:\jdk7u2_32P\jdk7u21\hotspot\src\share\vm\prims\jvm.cpp:1166
Event: 6.075 Thread 0x07fa4400 Threw 0x24504f30 at C:\jdk7u2_32P\jdk7u21\hotspot\src\share\vm\prims\jvm.cpp:1166
Event: 6.075 Thread 0x07fa4400 Threw 0x24506f70 at C:\jdk7u2_32P\jdk7u21\hotspot\src\share\vm\prims\jvm.cpp:1166
Event: 6.076 Thread 0x07fa4400 Threw 0x245090f8 at C:\jdk7u2_32P\jdk7u21\hotspot\src\share\vm\prims\jvm.cpp:1166
Event: 6.076 Thread 0x07fa4400 Threw 0x2450b168 at C:\jdk7u2_32P\jdk7u21\hotspot\src\share\vm\prims\jvm.cpp:1166
Event: 6.080 Thread 0x07fa4400 Threw 0x2450f898 at C:\jdk7u2_32P\jdk7u21\hotspot\src\share\vm\prims\jvm.cpp:1166
Event: 6.081 Thread 0x07fa4400 Threw 0x24512988 at C:\jdk7u2_32P\jdk7u21\hotspot\src\share\vm\prims\jvm.cpp:1166
Event: 6.081 Thread 0x07fa4400 Threw 0x24517078 at C:\jdk7u2_32P\jdk7u21\hotspot\src\share\vm\prims\jvm.cpp:1166
Event: 6.117 Thread 0x07fa4400 Threw 0x24519d70 at C:\jdk7u2_32P\jdk7u21\hotspot\src\share\vm\prims\jvm.cpp:1166
Event: 6.117 Thread 0x07fa4400 Threw 0x2451c218 at C:\jdk7u2_32P\jdk7u21\hotspot\src\share\vm\prims\jvm.cpp:1166

Events (10 events):
Event: 6.080 loading class 0x081060b0
Event: 6.080 loading class 0x081060b0 done
Event: 6.081 loading class 0x04ca70d0
Event: 6.081 loading class 0x04ca70d0 done
Event: 6.081 loading class 0x04ca7028
Event: 6.081 loading class 0x04ca7028 done
Event: 6.117 loading class 0x08166920
Event: 6.117 loading class 0x08166920 done
Event: 6.117 loading class 0x04c1f710
Event: 6.117 loading class 0x04c1f710 done


Dynamic libraries:
0x00840000 - 0x0086f000 	C:\Program Files (x86)\Java\jdk1.7.0_21\bin\java.exe
0x77e30000 - 0x77fb0000 	C:\Windows\SysWOW64\ntdll.dll
0x75620000 - 0x75730000 	C:\Windows\syswow64\kernel32.dll
0x759e0000 - 0x75a27000 	C:\Windows\syswow64\KERNELBASE.dll
0x765e0000 - 0x76680000 	C:\Windows\syswow64\ADVAPI32.dll
0x75920000 - 0x759cc000 	C:\Windows\syswow64\msvcrt.dll
0x75f60000 - 0x75f79000 	C:\Windows\SysWOW64\sechost.dll
0x75e70000 - 0x75f60000 	C:\Windows\syswow64\RPCRT4.dll
0x75490000 - 0x754f0000 	C:\Windows\syswow64\SspiCli.dll
0x75480000 - 0x7548c000 	C:\Windows\syswow64\CRYPTBASE.dll
0x75520000 - 0x75620000 	C:\Windows\syswow64\USER32.dll
0x75cc0000 - 0x75d50000 	C:\Windows\syswow64\GDI32.dll
0x77e00000 - 0x77e0a000 	C:\Windows\syswow64\LPK.dll
0x75730000 - 0x757cd000 	C:\Windows\syswow64\USP10.dll
0x73cb0000 - 0x73e4e000 	C:\Windows\WinSxS\x86_microsoft.windows.common-controls_6595b64144ccf1df_6.0.7601.17514_none_41e6975e2bd6f2b2\COMCTL32.dll
0x75870000 - 0x758c7000 	C:\Windows\syswow64\SHLWAPI.dll
0x75f80000 - 0x75fe0000 	C:\Windows\system32\IMM32.DLL
0x76480000 - 0x7654c000 	C:\Windows\syswow64\MSCTF.dll
0x6f410000 - 0x6f4ce000 	C:\Program Files (x86)\Java\jdk1.7.0_21\jre\bin\msvcr100.dll
0x6f0c0000 - 0x6f40f000 	C:\Program Files (x86)\Java\jdk1.7.0_21\jre\bin\client\jvm.dll
0x750d0000 - 0x750d7000 	C:\Windows\system32\WSOCK32.dll
0x758d0000 - 0x75905000 	C:\Windows\syswow64\WS2_32.dll
0x759d0000 - 0x759d6000 	C:\Windows\syswow64\NSI.dll
0x75060000 - 0x75092000 	C:\Windows\system32\WINMM.dll
0x75860000 - 0x75865000 	C:\Windows\syswow64\PSAPI.DLL
0x733e0000 - 0x733ec000 	C:\Program Files (x86)\Java\jdk1.7.0_21\jre\bin\verify.dll
0x714c0000 - 0x714e0000 	C:\Program Files (x86)\Java\jdk1.7.0_21\jre\bin\java.dll
0x715d0000 - 0x715e3000 	C:\Program Files (x86)\Java\jdk1.7.0_21\jre\bin\zip.dll
0x6e2f0000 - 0x6e432000 	C:\Program Files (x86)\Java\jdk1.7.0_21\jre\bin\awt.dll
0x76130000 - 0x761bf000 	C:\Windows\syswow64\OLEAUT32.dll
0x75ad0000 - 0x75c2c000 	C:\Windows\syswow64\ole32.dll
0x72340000 - 0x723c0000 	C:\Windows\system32\uxtheme.dll
0x744b0000 - 0x744c3000 	C:\Windows\system32\dwmapi.dll
0x76840000 - 0x7748a000 	C:\Windows\syswow64\SHELL32.dll
0x6f550000 - 0x6f581000 	C:\Program Files (x86)\Java\jdk1.7.0_21\jre\bin\fontmanager.dll
0x69f90000 - 0x6a153000 	C:\Windows\system32\d3d9.dll
0x75210000 - 0x75219000 	C:\Windows\system32\VERSION.dll
0x70c70000 - 0x70c76000 	C:\Windows\system32\d3d8thk.dll
0x69b80000 - 0x69f85000 	C:\Windows\system32\atiumdag.dll
0x62260000 - 0x62704000 	C:\Windows\system32\atiumdva.dll
0x712b0000 - 0x712c4000 	C:\Program Files (x86)\Java\jdk1.7.0_21\jre\bin\net.dll
0x74d00000 - 0x74d3c000 	C:\Windows\system32\mswsock.dll
0x745a0000 - 0x745a6000 	C:\Windows\System32\wship6.dll
0x73f00000 - 0x73f0e000 	C:\Program Files (x86)\Java\jdk1.7.0_21\jre\bin\nio.dll
0x6f520000 - 0x6f550000 	C:\Program Files (x86)\Java\jdk1.7.0_21\jre\bin\t2k.dll
0x76550000 - 0x765d3000 	C:\Windows\syswow64\CLBCatQ.DLL
0x697d0000 - 0x698cb000 	C:\Windows\system32\WindowsCodecs.dll
0x73310000 - 0x7335c000 	C:\Windows\system32\apphelp.dll
0x69790000 - 0x697c1000 	C:\Windows\system32\EhStorShell.dll
0x762e0000 - 0x7647d000 	C:\Windows\syswow64\SETUPAPI.dll
0x76100000 - 0x76127000 	C:\Windows\syswow64\CFGMGR32.dll
0x75a30000 - 0x75a42000 	C:\Windows\syswow64\DEVOBJ.dll
0x6fdc0000 - 0x6feb5000 	C:\Windows\system32\PROPSYS.dll
0x60ff0000 - 0x613f6000 	C:\PROGRA~2\MICROS~2\Office14\GROOVEEX.DLL
0x715f0000 - 0x71693000 	C:\Windows\WinSxS\x86_microsoft.vc90.crt_1fc8b3b9a1e18e3b_9.0.30729.6161_none_50934f2ebcb7eb57\MSVCR90.dll
0x71c40000 - 0x71cce000 	C:\Windows\WinSxS\x86_microsoft.vc90.crt_1fc8b3b9a1e18e3b_9.0.30729.6161_none_50934f2ebcb7eb57\MSVCP90.dll
0x69940000 - 0x6996b000 	C:\Windows\WinSxS\x86_microsoft.vc90.atl_1fc8b3b9a1e18e3b_9.0.30729.6161_none_51cd0a7abbe4e19b\ATL90.DLL
0x60bd0000 - 0x60fea000 	C:\PROGRA~2\COMMON~1\MICROS~1\OFFICE14\Cultures\office.odf
0x60360000 - 0x60bc5000 	C:\PROGRA~2\MICROS~2\Office14\1033\GrooveIntlResource.dll
0x6f780000 - 0x6f7f0000 	C:\Windows\system32\ntshrui.dll
0x74100000 - 0x74119000 	C:\Windows\system32\srvcli.dll
0x73fe0000 - 0x73feb000 	C:\Windows\system32\cscapi.dll
0x70f10000 - 0x70f1a000 	C:\Windows\system32\slc.dll
0x619e0000 - 0x61a08000 	C:\Windows\SysWOW64\pfmshx_640.dll
0x74640000 - 0x74650000 	C:\Windows\system32\NLAapi.dll
0x74620000 - 0x74630000 	C:\Windows\system32\napinsp.dll
0x74080000 - 0x74092000 	C:\Windows\system32\pnrpnsp.dll
0x740a0000 - 0x740e4000 	C:\Windows\system32\DNSAPI.dll
0x74610000 - 0x74618000 	C:\Windows\System32\winrnr.dll
0x73f50000 - 0x73f71000 	C:\Program Files (x86)\Bonjour\mdnsNSP.dll
0x749a0000 - 0x749bc000 	C:\Windows\system32\Iphlpapi.DLL
0x74990000 - 0x74997000 	C:\Windows\system32\WINNSI.DLL
0x74cf0000 - 0x74cf5000 	C:\Windows\System32\wshtcpip.dll
0x74070000 - 0x74076000 	C:\Windows\system32\rasadhlp.dll
0x73ec0000 - 0x73ef8000 	C:\Windows\System32\fwpuclnt.dll
0x6f4f0000 - 0x6f514000 	C:\Program Files (x86)\Java\jdk1.7.0_21\jre\bin\dcpr.dll
0x716f0000 - 0x71706000 	C:\Windows\system32\CRYPTSP.dll
0x716b0000 - 0x716eb000 	C:\Windows\system32\rsaenh.dll
0x74da0000 - 0x74db7000 	C:\Windows\system32\USERENV.dll
0x74e00000 - 0x74e0b000 	C:\Windows\system32\profapi.dll
0x6f090000 - 0x6f0b5000 	C:\Program Files (x86)\Java\jdk1.7.0_21\jre\bin\jpeg.dll
0x10000000 - 0x1003d000 	C:\Users\credit.card\AppData\Local\Temp\jna-credit.card\jna1781887941827920684.dll
0x6e0d0000 - 0x6e2ea000 	I:\Ted\Programs\Files\NetBeansProjects\QuickSave\libtesseract302.dll
0x6df30000 - 0x6e0cc000 	I:\Ted\Programs\Files\NetBeansProjects\QuickSave\liblept168.dll
0x6fec0000 - 0x6ffab000 	C:\Windows\system32\dbghelp.dll

VM Arguments:
jvm_args: -Dfile.encoding=UTF-8 
java_command: QuickSave.Main
Launcher Type: SUN_STANDARD

Environment Variables:
CLASSPATH=.;C:\Program Files (x86)\Java\jre6\lib\ext\QTJava.zip
PATH=C:\Program Files (x86)\ImageMagick-6.8.0-Q16;C:\Program Files (x86)\ImageMagick-6.7.8-Q16;C:\Windows\system32;C:\Windows;C:\Windows\System32\Wbem;C:\Windows\System32\WindowsPowerShell\v1.0\;C:\Program Files (x86)\QuickTime\QTSystem\;C:\Program Files (x86)\JexePack;C:\Program Files (x86)\Tesseract-OCR;
USERNAME=credit.card
OS=Windows_NT
PROCESSOR_IDENTIFIER=Intel64 Family 6 Model 15 Stepping 6, GenuineIntel



---------------  S Y S T E M  ---------------

OS: Windows 7 , 64 bit Build 7601 Service Pack 1

CPU:total 2 (2 cores per cpu, 1 threads per core) family 6 model 15 stepping 6, cmov, cx8, fxsr, mmx, sse, sse2, sse3, ssse3, tsc

Memory: 4k page, physical 8320628k(5385964k free), swap 16639396k(13465964k free)

vm_info: Java HotSpot(TM) Client VM (23.21-b01) for windows-x86 JRE (1.7.0_21-b11), built on Apr  4 2013 04:43:10 by "java_re" with unknown MS VC++:1600

time: Tue May 14 14:24:57 2013
elapsed time: 6 seconds

