#
# A fatal error has been detected by the Java Runtime Environment:
#
#  EXCEPTION_ACCESS_VIOLATION (0xc0000005) at pc=0x6f3c59dc, pid=3288, tid=4448
#
# JRE version: 7.0_15-b03
# Java VM: Java HotSpot(TM) Client VM (23.7-b01 mixed mode, sharing windows-x86 )
# Problematic frame:
# C  [libtesseract302.dll+0x59dc]  STRING::strdup+0x467c
#
# Failed to write core dump. Minidumps are not enabled by default on client versions of Windows
#
# If you would like to submit a bug report, please visit:
#   http://bugreport.sun.com/bugreport/crash.jsp
# The crash happened outside the Java Virtual Machine in native code.
# See problematic frame for where to report the bug.
#

---------------  T H R E A D  ---------------

Current thread (0x08508000):  JavaThread "AWT-EventQueue-0" [_thread_in_native, id=4448, stack(0x08910000,0x08960000)]

siginfo: ExceptionCode=0xc0000005, reading address 0x00000000

Registers:
EAX=0x00000000, EBX=0x0953a13c, ECX=0x00000000, EDX=0x094b0048
ESP=0x0895ce68, EBP=0x09535a10, ESI=0x09535f38, EDI=0x09535aa0
EIP=0x6f3c59dc, EFLAGS=0x00010206

Top of Stack: (sp=0x0895ce68)
0x0895ce68:   00000000 0a6f0048 09535f38 09535a10
0x0895ce78:   0953a13c 00000000 00000000 00000000
0x0895ce88:   00000000 00000000 00000000 00000000
0x0895ce98:   00000000 00000000 00000000 00000000
0x0895cea8:   00000000 00000000 00000000 00000000
0x0895ceb8:   00000000 00000000 00000000 00000000
0x0895cec8:   00000000 00000000 00000000 00000000
0x0895ced8:   00000000 00000000 00000000 00000000 

Instructions: (pc=0x6f3c59dc)
0x6f3c59bc:   86 b8 00 00 00 ff 86 b0 0f 00 00 57 50 e8 3a 6e
0x6f3c59cc:   10 00 8b 8e b8 00 00 00 8b f8 8b 86 94 06 00 00
0x6f3c59dc:   8b 00 83 c4 04 3b c8 89 7c 24 10 7c 02 8b c1 50
0x6f3c59ec:   e8 17 6e 10 00 8b 9c 24 34 08 00 00 8b 94 24 30 


Register to memory mapping:

EAX=0x00000000 is an unknown value
EBX=0x0953a13c is an unknown value
ECX=0x00000000 is an unknown value
EDX=0x094b0048 is an unknown value
ESP=0x0895ce68 is pointing into the stack for thread: 0x08508000
EBP=0x09535a10 is an unknown value
ESI=0x09535f38 is an unknown value
EDI=0x09535aa0 is an unknown value


Stack: [0x08910000,0x08960000],  sp=0x0895ce68,  free space=307k
Native frames: (J=compiled Java code, j=interpreted, Vv=VM code, C=native code)
C  [libtesseract302.dll+0x59dc]  STRING::strdup+0x467c

Java frames: (J=compiled Java code, j=interpreted, Vv=VM code)
j  com.sun.jna.Native.invokePointer(JI[Ljava/lang/Object;)J+0
j  com.sun.jna.Function.invokePointer(I[Ljava/lang/Object;)Lcom/sun/jna/Pointer;+6
j  com.sun.jna.Function.invoke([Ljava/lang/Object;Ljava/lang/Class;Z)Ljava/lang/Object;+642
j  com.sun.jna.Function.invoke(Ljava/lang/Class;[Ljava/lang/Object;Ljava/util/Map;)Ljava/lang/Object;+214
j  com.sun.jna.Library$Handler.invoke(Ljava/lang/Object;Ljava/lang/reflect/Method;[Ljava/lang/Object;)Ljava/lang/Object;+341
j  com.sun.proxy.$Proxy0.TessBaseAPIGetUTF8Text(Lnet/sourceforge/tess4j/TessAPI$TessBaseAPI;)Lcom/sun/jna/Pointer;+16
j  net.sourceforge.tess4j.Tesseract.doOCR(IILjava/nio/ByteBuffer;Ljava/awt/Rectangle;I)Ljava/lang/String;+215
j  net.sourceforge.tess4j.Tesseract.doOCR(Ljava/util/List;Ljava/awt/Rectangle;)Ljava/lang/String;+95
j  net.sourceforge.tess4j.Tesseract.doOCR(Ljava/awt/image/BufferedImage;Ljava/awt/Rectangle;)Ljava/lang/String;+33
j  net.sourceforge.tess4j.Tesseract.doOCR(Ljava/awt/image/BufferedImage;)Ljava/lang/String;+3
j  QuickSave.MainGui.OCR(Ljava/awt/image/BufferedImage;Ljava/lang/String;)Ljava/lang/String;+11
j  QuickSave.MainGui.ReadCheck()V+84
j  QuickSave.MainGui.DisplayImage()V+108
j  QuickSave.MainGui.jRadioButtonMenuItem1ActionPerformed(Ljava/awt/event/ActionEvent;)V+25
j  QuickSave.MainGui.access$1500(LQuickSave/MainGui;Ljava/awt/event/ActionEvent;)V+2
j  QuickSave.MainGui$22.actionPerformed(Ljava/awt/event/ActionEvent;)V+5
j  javax.swing.AbstractButton.fireActionPerformed(Ljava/awt/event/ActionEvent;)V+84
j  javax.swing.AbstractButton$Handler.actionPerformed(Ljava/awt/event/ActionEvent;)V+5
j  javax.swing.DefaultButtonModel.fireActionPerformed(Ljava/awt/event/ActionEvent;)V+35
j  javax.swing.JToggleButton$ToggleButtonModel.setPressed(Z)V+148
j  javax.swing.AbstractButton.doClick(I)V+64
j  javax.swing.plaf.basic.BasicMenuItemUI.doClick(Ljavax/swing/MenuSelectionManager;)V+53
j  javax.swing.plaf.basic.BasicMenuItemUI$Handler.mouseReleased(Ljava/awt/event/MouseEvent;)V+76
j  java.awt.Component.processMouseEvent(Ljava/awt/event/MouseEvent;)V+64
j  javax.swing.JComponent.processMouseEvent(Ljava/awt/event/MouseEvent;)V+23
j  java.awt.Component.processEvent(Ljava/awt/AWTEvent;)V+81
j  java.awt.Container.processEvent(Ljava/awt/AWTEvent;)V+18
j  java.awt.Component.dispatchEventImpl(Ljava/awt/AWTEvent;)V+581
j  java.awt.Container.dispatchEventImpl(Ljava/awt/AWTEvent;)V+42
j  java.awt.Component.dispatchEvent(Ljava/awt/AWTEvent;)V+2
j  java.awt.LightweightDispatcher.retargetMouseEvent(Ljava/awt/Component;ILjava/awt/event/MouseEvent;)V+327
j  java.awt.LightweightDispatcher.processMouseEvent(Ljava/awt/event/MouseEvent;)Z+139
j  java.awt.LightweightDispatcher.dispatchEvent(Ljava/awt/AWTEvent;)Z+50
j  java.awt.Container.dispatchEventImpl(Ljava/awt/AWTEvent;)V+12
j  java.awt.Window.dispatchEventImpl(Ljava/awt/AWTEvent;)V+19
j  java.awt.Component.dispatchEvent(Ljava/awt/AWTEvent;)V+2
j  java.awt.EventQueue.dispatchEventImpl(Ljava/awt/AWTEvent;Ljava/lang/Object;)V+41
j  java.awt.EventQueue.access$200(Ljava/awt/EventQueue;Ljava/awt/AWTEvent;Ljava/lang/Object;)V+3
j  java.awt.EventQueue$3.run()Ljava/lang/Void;+12
j  java.awt.EventQueue$3.run()Ljava/lang/Object;+1
v  ~StubRoutines::call_stub
j  java.security.AccessController.doPrivileged(Ljava/security/PrivilegedAction;Ljava/security/AccessControlContext;)Ljava/lang/Object;+0
j  java.security.ProtectionDomain$1.doIntersectionPrivilege(Ljava/security/PrivilegedAction;Ljava/security/AccessControlContext;Ljava/security/AccessControlContext;)Ljava/lang/Object;+28
j  java.security.ProtectionDomain$1.doIntersectionPrivilege(Ljava/security/PrivilegedAction;Ljava/security/AccessControlContext;)Ljava/lang/Object;+6
j  java.awt.EventQueue$4.run()Ljava/lang/Void;+11
j  java.awt.EventQueue$4.run()Ljava/lang/Object;+1
v  ~StubRoutines::call_stub
j  java.security.AccessController.doPrivileged(Ljava/security/PrivilegedAction;Ljava/security/AccessControlContext;)Ljava/lang/Object;+0
j  java.security.ProtectionDomain$1.doIntersectionPrivilege(Ljava/security/PrivilegedAction;Ljava/security/AccessControlContext;Ljava/security/AccessControlContext;)Ljava/lang/Object;+28
j  java.awt.EventQueue.dispatchEvent(Ljava/awt/AWTEvent;)V+73
j  java.awt.EventDispatchThread.pumpOneEventForFilters(I)V+245
j  java.awt.EventDispatchThread.pumpEventsForFilter(ILjava/awt/Conditional;Ljava/awt/EventFilter;)V+35
j  java.awt.EventDispatchThread.pumpEventsForHierarchy(ILjava/awt/Conditional;Ljava/awt/Component;)V+11
j  java.awt.EventDispatchThread.pumpEvents(ILjava/awt/Conditional;)V+4
j  java.awt.EventDispatchThread.pumpEvents(Ljava/awt/Conditional;)V+3
j  java.awt.EventDispatchThread.run()V+9
v  ~StubRoutines::call_stub

---------------  P R O C E S S  ---------------

Java Threads: ( => current thread )
  0x00eab000 JavaThread "DestroyJavaVM" [_thread_blocked, id=2924, stack(0x00f00000,0x00f50000)]
  0x0859ec00 JavaThread "D3D Screen Updater" daemon [_thread_blocked, id=4892, stack(0x052b0000,0x05300000)]
  0x0858dc00 JavaThread "Thread-6" [_thread_blocked, id=4508, stack(0x05390000,0x053e0000)]
  0x0858a400 JavaThread "Thread-4" [_thread_blocked, id=4432, stack(0x09d30000,0x09d80000)]
=>0x08508000 JavaThread "AWT-EventQueue-0" [_thread_in_native, id=4448, stack(0x08910000,0x08960000)]
  0x04c15000 JavaThread "AWT-Windows" daemon [_thread_in_native, id=1644, stack(0x04f50000,0x04fa0000)]
  0x04c14400 JavaThread "AWT-Shutdown" [_thread_blocked, id=4960, stack(0x04ff0000,0x05040000)]
  0x04c11800 JavaThread "Java2D Disposer" daemon [_thread_blocked, id=4496, stack(0x04b00000,0x04b50000)]
  0x0101e400 JavaThread "Service Thread" daemon [_thread_blocked, id=4556, stack(0x04aa0000,0x04af0000)]
  0x01010400 JavaThread "C1 CompilerThread0" daemon [_thread_blocked, id=1132, stack(0x048a0000,0x048f0000)]
  0x0100f000 JavaThread "Attach Listener" daemon [_thread_blocked, id=3280, stack(0x04770000,0x047c0000)]
  0x0100e000 JavaThread "Signal Dispatcher" daemon [_thread_blocked, id=3616, stack(0x00600000,0x00650000)]
  0x00ffa400 JavaThread "Finalizer" daemon [_thread_blocked, id=2136, stack(0x01210000,0x01260000)]
  0x00ff5400 JavaThread "Reference Handler" daemon [_thread_blocked, id=4792, stack(0x00370000,0x003c0000)]

Other Threads:
  0x00ff4000 VMThread [stack: 0x04710000,0x04760000] [id=4688]
  0x01029400 WatcherThread [stack: 0x04b70000,0x04bc0000] [id=3664]

VM state:not at safepoint (normal execution)

VM Mutex/Monitor currently owned by a thread: None

Heap
 def new generation   total 27392K, used 6595K [0x23f60000, 0x25d10000, 0x294b0000)
  eden space 24384K,  24% used [0x23f60000, 0x2453cdc0, 0x25730000)
  from space 3008K,  19% used [0x25a20000, 0x25ab4040, 0x25d10000)
  to   space 3008K,   0% used [0x25730000, 0x25730000, 0x25a20000)
 tenured generation   total 60632K, used 51016K [0x294b0000, 0x2cfe6000, 0x33f60000)
   the space 60632K,  84% used [0x294b0000, 0x2c682240, 0x2c682400, 0x2cfe6000)
 compacting perm gen  total 12288K, used 4623K [0x33f60000, 0x34b60000, 0x37f60000)
   the space 12288K,  37% used [0x33f60000, 0x343e3f88, 0x343e4000, 0x34b60000)
    ro space 10240K,  45% used [0x37f60000, 0x383e7290, 0x383e7400, 0x38960000)
    rw space 12288K,  54% used [0x38960000, 0x38feace8, 0x38feae00, 0x39560000)

Card table byte_map: [0x01050000,0x01100000] byte_map_base: 0x00f30500

Polling page: 0x001a0000

Code Cache  [0x02710000, 0x02888000, 0x04710000)
 total_blobs=777 nmethods=525 adapters=186 free_code_cache=31286Kb largest_free_block=32037248

Compilation events (10 events):
Event: 9.501 Thread 0x01010400  520             sun.misc.ProxyGenerator$ConstantPool$IndirectEntry::<init> (21 bytes)
Event: 9.501 Thread 0x01010400 nmethod 520 0x0287ee48 code [0x0287ef40, 0x0287efd0]
Event: 9.501 Thread 0x01010400  521             java.io.DataOutputStream::writeUTF (435 bytes)
Event: 9.502 Thread 0x01010400 nmethod 521 0x0287f008 code [0x0287f1f0, 0x0287fabc]
Event: 9.502 Thread 0x01010400  522             java.io.DataOutputStream::writeShort (35 bytes)
Event: 9.502 Thread 0x01010400 nmethod 522 0x02880648 code [0x02880760, 0x02880858]
Event: 9.512 Thread 0x01010400  524             java.util.zip.ZipCoder::getBytes (192 bytes)
Event: 9.513 Thread 0x01010400 nmethod 524 0x02880b48 code [0x02880d70, 0x02881840]
Event: 9.513 Thread 0x01010400  525             java.util.zip.ZipCoder::encoder (35 bytes)
Event: 9.513 Thread 0x01010400 nmethod 525 0x02882188 code [0x02882290, 0x0288237c]

GC Heap History (10 events):
Event: 3.097 GC heap before
{Heap before GC invocations=5 (full 2):
 def new generation   total 14848K, used 13248K [0x23f60000, 0x24f70000, 0x294b0000)
  eden space 13248K, 100% used [0x23f60000, 0x24c50000, 0x24c50000)
  from space 1600K,   0% used [0x24c50000, 0x24c50000, 0x24de0000)
  to   space 1600K,   0% used [0x24de0000, 0x24de0000, 0x24f70000)
 tenured generation   total 32744K, used 19644K [0x294b0000, 0x2b4aa000, 0x33f60000)
   the space 32744K,  59% used [0x294b0000, 0x2a7df3c8, 0x2a7df400, 0x2b4aa000)
 compacting perm gen  total 12288K, used 3771K [0x33f60000, 0x34b60000, 0x37f60000)
   the space 12288K,  30% used [0x33f60000, 0x3430ef18, 0x3430f000, 0x34b60000)
    ro space 10240K,  45% used [0x37f60000, 0x383e7290, 0x383e7400, 0x38960000)
    rw space 12288K,  54% used [0x38960000, 0x38feace8, 0x38feae00, 0x39560000)
Event: 3.110 GC heap after
Heap after GC invocations=6 (full 2):
 def new generation   total 14848K, used 6K [0x23f60000, 0x24f70000, 0x294b0000)
  eden space 13248K,   0% used [0x23f60000, 0x23f60000, 0x24c50000)
  from space 1600K,   0% used [0x24de0000, 0x24de1858, 0x24f70000)
  to   space 1600K,   0% used [0x24c50000, 0x24c50000, 0x24de0000)
 tenured generation   total 32744K, used 30664K [0x294b0000, 0x2b4aa000, 0x33f60000)
   the space 32744K,  93% used [0x294b0000, 0x2b2a22c8, 0x2b2a2400, 0x2b4aa000)
 compacting perm gen  total 12288K, used 3771K [0x33f60000, 0x34b60000, 0x37f60000)
   the space 12288K,  30% used [0x33f60000, 0x3430ef18, 0x3430f000, 0x34b60000)
    ro space 10240K,  45% used [0x37f60000, 0x383e7290, 0x383e7400, 0x38960000)
    rw space 12288K,  54% used [0x38960000, 0x38feace8, 0x38feae00, 0x39560000)
}
Event: 3.287 GC heap before
{Heap before GC invocations=6 (full 2):
 def new generation   total 14848K, used 12059K [0x23f60000, 0x24f70000, 0x294b0000)
  eden space 13248K,  90% used [0x23f60000, 0x24b25638, 0x24c50000)
  from space 1600K,   0% used [0x24de0000, 0x24de1858, 0x24f70000)
  to   space 1600K,   0% used [0x24c50000, 0x24c50000, 0x24de0000)
 tenured generation   total 47304K, used 45221K [0x294b0000, 0x2c2e2000, 0x33f60000)
   the space 47304K,  95% used [0x294b0000, 0x2c0d96b0, 0x2c0d9800, 0x2c2e2000)
 compacting perm gen  total 12288K, used 3791K [0x33f60000, 0x34b60000, 0x37f60000)
   the space 12288K,  30% used [0x33f60000, 0x34313db8, 0x34313e00, 0x34b60000)
    ro space 10240K,  45% used [0x37f60000, 0x383e7290, 0x383e7400, 0x38960000)
    rw space 12288K,  54% used [0x38960000, 0x38feace8, 0x38feae00, 0x39560000)
Event: 3.291 GC heap after
Heap after GC invocations=7 (full 2):
 def new generation   total 14848K, used 634K [0x23f60000, 0x24f70000, 0x294b0000)
  eden space 13248K,   0% used [0x23f60000, 0x23f60000, 0x24c50000)
  from space 1600K,  39% used [0x24c50000, 0x24cee9b8, 0x24de0000)
  to   space 1600K,   0% used [0x24de0000, 0x24de0000, 0x24f70000)
 tenured generation   total 47304K, used 47020K [0x294b0000, 0x2c2e2000, 0x33f60000)
   the space 47304K,  99% used [0x294b0000, 0x2c29b050, 0x2c29b200, 0x2c2e2000)
 compacting perm gen  total 12288K, used 3791K [0x33f60000, 0x34b60000, 0x37f60000)
   the space 12288K,  30% used [0x33f60000, 0x34313db8, 0x34313e00, 0x34b60000)
    ro space 10240K,  45% used [0x37f60000, 0x383e7290, 0x383e7400, 0x38960000)
    rw space 12288K,  54% used [0x38960000, 0x38feace8, 0x38feae00, 0x39560000)
}
Event: 3.311 GC heap before
{Heap before GC invocations=7 (full 2):
 def new generation   total 14848K, used 3442K [0x23f60000, 0x24f70000, 0x294b0000)
  eden space 13248K,  21% used [0x23f60000, 0x2421e130, 0x24c50000)
  from space 1600K,  39% used [0x24c50000, 0x24cee9b8, 0x24de0000)
  to   space 1600K,   0% used [0x24de0000, 0x24de0000, 0x24f70000)
 tenured generation   total 58224K, used 57937K [0x294b0000, 0x2cd8c000, 0x33f60000)
   the space 58224K,  99% used [0x294b0000, 0x2cd44748, 0x2cd44800, 0x2cd8c000)
 compacting perm gen  total 12288K, used 3791K [0x33f60000, 0x34b60000, 0x37f60000)
   the space 12288K,  30% used [0x33f60000, 0x34313dd8, 0x34313e00, 0x34b60000)
    ro space 10240K,  45% used [0x37f60000, 0x383e7290, 0x383e7400, 0x38960000)
    rw space 12288K,  54% used [0x38960000, 0x38feace8, 0x38feae00, 0x39560000)
Event: 3.315 GC heap after
Heap after GC invocations=8 (full 2):
 def new generation   total 14848K, used 1230K [0x23f60000, 0x24f70000, 0x294b0000)
  eden space 13248K,   0% used [0x23f60000, 0x23f60000, 0x24c50000)
  from space 1600K,  76% used [0x24de0000, 0x24f139c8, 0x24f70000)
  to   space 1600K,   0% used [0x24c50000, 0x24c50000, 0x24de0000)
 tenured generation   total 60024K, used 59736K [0x294b0000, 0x2cf4e000, 0x33f60000)
   the space 60024K,  99% used [0x294b0000, 0x2cf060e8, 0x2cf06200, 0x2cf4e000)
 compacting perm gen  total 12288K, used 3791K [0x33f60000, 0x34b60000, 0x37f60000)
   the space 12288K,  30% used [0x33f60000, 0x34313dd8, 0x34313e00, 0x34b60000)
    ro space 10240K,  45% used [0x37f60000, 0x383e7290, 0x383e7400, 0x38960000)
    rw space 12288K,  54% used [0x38960000, 0x38feace8, 0x38feae00, 0x39560000)
}
Event: 3.465 GC heap before
{Heap before GC invocations=8 (full 2):
 def new generation   total 14848K, used 12964K [0x23f60000, 0x24f70000, 0x294b0000)
  eden space 13248K,  88% used [0x23f60000, 0x24ad59e0, 0x24c50000)
  from space 1600K,  76% used [0x24de0000, 0x24f139c8, 0x24f70000)
  to   space 1600K,   0% used [0x24c50000, 0x24c50000, 0x24de0000)
 tenured generation   total 60024K, used 59736K [0x294b0000, 0x2cf4e000, 0x33f60000)
   the space 60024K,  99% used [0x294b0000, 0x2cf060e8, 0x2cf06200, 0x2cf4e000)
 compacting perm gen  total 12288K, used 3794K [0x33f60000, 0x34b60000, 0x37f60000)
   the space 12288K,  30% used [0x33f60000, 0x34314908, 0x34314a00, 0x34b60000)
    ro space 10240K,  45% used [0x37f60000, 0x383e7290, 0x383e7400, 0x38960000)
    rw space 12288K,  54% used [0x38960000, 0x38feace8, 0x38feae00, 0x39560000)
Event: 3.509 GC heap after
Heap after GC invocations=9 (full 3):
 def new generation   total 27392K, used 0K [0x23f60000, 0x25d10000, 0x294b0000)
  eden space 24384K,   0% used [0x23f60000, 0x23f60000, 0x25730000)
  from space 3008K,   0% used [0x25730000, 0x25730000, 0x25a20000)
  to   space 3008K,   0% used [0x25a20000, 0x25a20000, 0x25d10000)
 tenured generation   total 60632K, used 36378K [0x294b0000, 0x2cfe6000, 0x33f60000)
   the space 60632K,  59% used [0x294b0000, 0x2b8369b0, 0x2b836a00, 0x2cfe6000)
 compacting perm gen  total 12288K, used 3794K [0x33f60000, 0x34b60000, 0x37f60000)
   the space 12288K,  30% used [0x33f60000, 0x34314908, 0x34314a00, 0x34b60000)
    ro space 10240K,  45% used [0x37f60000, 0x383e7290, 0x383e7400, 0x38960000)
    rw space 12288K,  54% used [0x38960000, 0x38feace8, 0x38feae00, 0x39560000)
}
Event: 8.411 GC heap before
{Heap before GC invocations=9 (full 3):
 def new generation   total 27392K, used 24384K [0x23f60000, 0x25d10000, 0x294b0000)
  eden space 24384K, 100% used [0x23f60000, 0x25730000, 0x25730000)
  from space 3008K,   0% used [0x25730000, 0x25730000, 0x25a20000)
  to   space 3008K,   0% used [0x25a20000, 0x25a20000, 0x25d10000)
 tenured generation   total 60632K, used 36378K [0x294b0000, 0x2cfe6000, 0x33f60000)
   the space 60632K,  59% used [0x294b0000, 0x2b8369b0, 0x2b836a00, 0x2cfe6000)
 compacting perm gen  total 12288K, used 3820K [0x33f60000, 0x34b60000, 0x37f60000)
   the space 12288K,  31% used [0x33f60000, 0x3431b350, 0x3431b400, 0x34b60000)
    ro space 10240K,  45% used [0x37f60000, 0x383e7290, 0x383e7400, 0x38960000)
    rw space 12288K,  54% used [0x38960000, 0x38feace8, 0x38feae00, 0x39560000)
Event: 8.423 GC heap after
Heap after GC invocations=10 (full 3):
 def new generation   total 27392K, used 592K [0x23f60000, 0x25d10000, 0x294b0000)
  eden space 24384K,   0% used [0x23f60000, 0x23f60000, 0x25730000)
  from space 3008K,  19% used [0x25a20000, 0x25ab4040, 0x25d10000)
  to   space 3008K,   0% used [0x25730000, 0x25730000, 0x25a20000)
 tenured generation   total 60632K, used 51016K [0x294b0000, 0x2cfe6000, 0x33f60000)
   the space 60632K,  84% used [0x294b0000, 0x2c682240, 0x2c682400, 0x2cfe6000)
 compacting perm gen  total 12288K, used 3820K [0x33f60000, 0x34b60000, 0x37f60000)
   the space 12288K,  31% used [0x33f60000, 0x3431b350, 0x3431b400, 0x34b60000)
    ro space 10240K,  45% used [0x37f60000, 0x383e7290, 0x383e7400, 0x38960000)
    rw space 12288K,  54% used [0x38960000, 0x38feace8, 0x38feae00, 0x39560000)
}

Deoptimization events (0 events):
No events

Internal exceptions (10 events):
Event: 9.512 Thread 0x08508000 Threw 0x245210b0 at C:\jdk7u2_32P\jdk7u15\hotspot\src\share\vm\prims\jvm.cpp:1166
Event: 9.512 Thread 0x08508000 Threw 0x24522ca0 at C:\jdk7u2_32P\jdk7u15\hotspot\src\share\vm\prims\jvm.cpp:1166
Event: 9.512 Thread 0x08508000 Threw 0x24524ce0 at C:\jdk7u2_32P\jdk7u15\hotspot\src\share\vm\prims\jvm.cpp:1166
Event: 9.513 Thread 0x08508000 Threw 0x24526e68 at C:\jdk7u2_32P\jdk7u15\hotspot\src\share\vm\prims\jvm.cpp:1166
Event: 9.513 Thread 0x08508000 Threw 0x24528ed8 at C:\jdk7u2_32P\jdk7u15\hotspot\src\share\vm\prims\jvm.cpp:1166
Event: 9.515 Thread 0x08508000 Threw 0x2452d628 at C:\jdk7u2_32P\jdk7u15\hotspot\src\share\vm\prims\jvm.cpp:1166
Event: 9.516 Thread 0x08508000 Threw 0x245307a8 at C:\jdk7u2_32P\jdk7u15\hotspot\src\share\vm\prims\jvm.cpp:1166
Event: 9.517 Thread 0x08508000 Threw 0x24534e98 at C:\jdk7u2_32P\jdk7u15\hotspot\src\share\vm\prims\jvm.cpp:1166
Event: 9.552 Thread 0x08508000 Threw 0x24537b90 at C:\jdk7u2_32P\jdk7u15\hotspot\src\share\vm\prims\jvm.cpp:1166
Event: 9.553 Thread 0x08508000 Threw 0x2453a038 at C:\jdk7u2_32P\jdk7u15\hotspot\src\share\vm\prims\jvm.cpp:1166

Events (10 events):
Event: 9.515 loading class 0x086ae860
Event: 9.515 loading class 0x086ae860 done
Event: 9.516 loading class 0x04d70a38
Event: 9.516 loading class 0x04d70a38 done
Event: 9.517 loading class 0x04d70990
Event: 9.517 loading class 0x04d70990 done
Event: 9.552 loading class 0x04d712c0
Event: 9.552 loading class 0x04d712c0 done
Event: 9.553 loading class 0x086dbd30
Event: 9.553 loading class 0x086dbd30 done


Dynamic libraries:
0x012e0000 - 0x0130f000 	C:\Program Files (x86)\Java\jdk1.7.0_15\bin\java.exe
0x77220000 - 0x773a0000 	C:\Windows\SysWOW64\ntdll.dll
0x74e10000 - 0x74f20000 	C:\Windows\syswow64\kernel32.dll
0x75250000 - 0x75297000 	C:\Windows\syswow64\KERNELBASE.dll
0x752a0000 - 0x75340000 	C:\Windows\syswow64\ADVAPI32.dll
0x74d60000 - 0x74e0c000 	C:\Windows\syswow64\msvcrt.dll
0x750f0000 - 0x75109000 	C:\Windows\SysWOW64\sechost.dll
0x760d0000 - 0x761c0000 	C:\Windows\syswow64\RPCRT4.dll
0x74880000 - 0x748e0000 	C:\Windows\syswow64\SspiCli.dll
0x74870000 - 0x7487c000 	C:\Windows\syswow64\CRYPTBASE.dll
0x74fb0000 - 0x750b0000 	C:\Windows\syswow64\USER32.dll
0x748f0000 - 0x74980000 	C:\Windows\syswow64\GDI32.dll
0x748e0000 - 0x748ea000 	C:\Windows\syswow64\LPK.dll
0x76490000 - 0x7652d000 	C:\Windows\syswow64\USP10.dll
0x70630000 - 0x707ce000 	C:\Windows\WinSxS\x86_microsoft.windows.common-controls_6595b64144ccf1df_6.0.7601.17514_none_41e6975e2bd6f2b2\COMCTL32.dll
0x75130000 - 0x75187000 	C:\Windows\syswow64\SHLWAPI.dll
0x76400000 - 0x76460000 	C:\Windows\system32\IMM32.DLL
0x74c80000 - 0x74d4c000 	C:\Windows\syswow64\MSCTF.dll
0x69ee0000 - 0x69f9e000 	C:\Program Files (x86)\Java\jdk1.7.0_15\jre\bin\msvcr100.dll
0x66720000 - 0x66a6c000 	C:\Program Files (x86)\Java\jdk1.7.0_15\jre\bin\client\jvm.dll
0x74430000 - 0x74437000 	C:\Windows\system32\WSOCK32.dll
0x750b0000 - 0x750e5000 	C:\Windows\syswow64\WS2_32.dll
0x75470000 - 0x75476000 	C:\Windows\syswow64\NSI.dll
0x743c0000 - 0x743f2000 	C:\Windows\system32\WINMM.dll
0x771f0000 - 0x771f5000 	C:\Windows\syswow64\PSAPI.DLL
0x72ba0000 - 0x72bac000 	C:\Program Files (x86)\Java\jdk1.7.0_15\jre\bin\verify.dll
0x72b80000 - 0x72ba0000 	C:\Program Files (x86)\Java\jdk1.7.0_15\jre\bin\java.dll
0x72b60000 - 0x72b73000 	C:\Program Files (x86)\Java\jdk1.7.0_15\jre\bin\zip.dll
0x68890000 - 0x689d2000 	C:\Program Files (x86)\Java\jdk1.7.0_15\jre\bin\awt.dll
0x74f20000 - 0x74faf000 	C:\Windows\syswow64\OLEAUT32.dll
0x74980000 - 0x74adc000 	C:\Windows\syswow64\ole32.dll
0x70510000 - 0x70590000 	C:\Windows\system32\uxtheme.dll
0x70350000 - 0x70363000 	C:\Windows\system32\dwmapi.dll
0x75480000 - 0x760ca000 	C:\Windows\syswow64\SHELL32.dll
0x6a050000 - 0x6a07a000 	C:\Program Files (x86)\Java\jdk1.7.0_15\jre\bin\fontmanager.dll
0x6b900000 - 0x6bac3000 	C:\Windows\system32\d3d9.dll
0x74570000 - 0x74579000 	C:\Windows\system32\VERSION.dll
0x72460000 - 0x72466000 	C:\Windows\system32\d3d8thk.dll
0x6b1a0000 - 0x6b8fc000 	C:\Windows\system32\nvd3dum.dll
0x6fa20000 - 0x6fa45000 	C:\Windows\system32\powrprof.dll
0x76530000 - 0x766cd000 	C:\Windows\syswow64\SETUPAPI.dll
0x74ae0000 - 0x74b07000 	C:\Windows\syswow64\CFGMGR32.dll
0x75110000 - 0x75122000 	C:\Windows\syswow64\DEVOBJ.dll
0x70100000 - 0x70114000 	C:\Program Files (x86)\Java\jdk1.7.0_15\jre\bin\net.dll
0x74060000 - 0x7409c000 	C:\Windows\system32\mswsock.dll
0x72c90000 - 0x72c96000 	C:\Windows\System32\wship6.dll
0x6ff30000 - 0x6ff3e000 	C:\Program Files (x86)\Java\jdk1.7.0_15\jre\bin\nio.dll
0x6a010000 - 0x6a041000 	C:\Program Files (x86)\Java\jdk1.7.0_15\jre\bin\t2k.dll
0x75190000 - 0x75213000 	C:\Windows\syswow64\CLBCatQ.DLL
0x6ff40000 - 0x7003b000 	C:\Windows\system32\WindowsCodecs.dll
0x6fe20000 - 0x6fe6c000 	C:\Windows\system32\apphelp.dll
0x6ea40000 - 0x6ea71000 	C:\Windows\system32\EhStorShell.dll
0x701b0000 - 0x702a5000 	C:\Windows\system32\PROPSYS.dll
0x683d0000 - 0x687d6000 	C:\PROGRA~2\MICROS~2\Office14\GROOVEEX.DLL
0x746c0000 - 0x74763000 	C:\Windows\WinSxS\x86_microsoft.vc90.crt_1fc8b3b9a1e18e3b_9.0.30729.6161_none_50934f2ebcb7eb57\MSVCR90.dll
0x6e9b0000 - 0x6ea3e000 	C:\Windows\WinSxS\x86_microsoft.vc90.crt_1fc8b3b9a1e18e3b_9.0.30729.6161_none_50934f2ebcb7eb57\MSVCP90.dll
0x6fde0000 - 0x6fe0b000 	C:\Windows\WinSxS\x86_microsoft.vc90.atl_1fc8b3b9a1e18e3b_9.0.30729.6161_none_51cd0a7abbe4e19b\ATL90.DLL
0x67fb0000 - 0x683ca000 	C:\PROGRA~2\COMMON~1\MICROS~1\OFFICE14\Cultures\office.odf
0x67740000 - 0x67fa5000 	C:\PROGRA~2\MICROS~2\Office14\1033\GrooveIntlResource.dll
0x69fa0000 - 0x6a010000 	C:\Windows\system32\ntshrui.dll
0x70300000 - 0x70319000 	C:\Windows\system32\srvcli.dll
0x72420000 - 0x7242b000 	C:\Windows\system32\cscapi.dll
0x6fce0000 - 0x6fcea000 	C:\Windows\system32\slc.dll
0x619e0000 - 0x61a08000 	C:\Windows\SysWOW64\pfmshx_640.dll
0x70fa0000 - 0x70fb0000 	C:\Windows\system32\NLAapi.dll
0x70f90000 - 0x70fa0000 	C:\Windows\system32\napinsp.dll
0x70f70000 - 0x70f82000 	C:\Windows\system32\pnrpnsp.dll
0x73920000 - 0x73964000 	C:\Windows\system32\DNSAPI.dll
0x70f60000 - 0x70f68000 	C:\Windows\System32\winrnr.dll
0x70f30000 - 0x70f51000 	C:\Program Files (x86)\Bonjour\mdnsNSP.dll
0x73d00000 - 0x73d1c000 	C:\Windows\system32\Iphlpapi.DLL
0x73cf0000 - 0x73cf7000 	C:\Windows\system32\WINNSI.DLL
0x74050000 - 0x74055000 	C:\Windows\System32\wshtcpip.dll
0x73890000 - 0x73896000 	C:\Windows\system32\rasadhlp.dll
0x70ef0000 - 0x70f28000 	C:\Windows\System32\fwpuclnt.dll
0x69e60000 - 0x69e84000 	C:\Program Files (x86)\Java\jdk1.7.0_15\jre\bin\dcpr.dll
0x73980000 - 0x73996000 	C:\Windows\system32\CRYPTSP.dll
0x738e0000 - 0x7391b000 	C:\Windows\system32\rsaenh.dll
0x74100000 - 0x74117000 	C:\Windows\system32\USERENV.dll
0x74160000 - 0x7416b000 	C:\Windows\system32\profapi.dll
0x6f5e0000 - 0x6f605000 	C:\Program Files (x86)\Java\jdk1.7.0_15\jre\bin\jpeg.dll
0x10000000 - 0x1003d000 	C:\Users\credit.card\AppData\Local\Temp\jna-credit.card\jna8500765346911928049.dll
0x6f3c0000 - 0x6f5da000 	I:\Ted\Programs\Files\NetBeansProjects\QuickSave\libtesseract302.dll
0x6f220000 - 0x6f3bc000 	I:\Ted\Programs\Files\NetBeansProjects\QuickSave\liblept168.dll
0x73660000 - 0x7374b000 	C:\Windows\system32\dbghelp.dll

VM Arguments:
jvm_args: -Dfile.encoding=UTF-8 
java_command: QuickSave.Main
Launcher Type: SUN_STANDARD

Environment Variables:
CLASSPATH=C:\Program Files\Java\jre7\bin
PATH=C:\oracle\product\11.2.0\client_1\bin;C:\app\Administrator\product\11.2.0\client_1;C:\Windows\system32;C:\Windows;C:\Windows\System32\Wbem;C:\Program Files (x86)\QuickTime\QTSystem\;C:\Program Files (x86)\Microsoft SQL Server\110\Tools\Binn\ManagementStudio\;C:\Program Files (x86)\Microsoft SQL Server\110\Tools\Binn\;C:\Program Files\Microsoft SQL Server\110\Tools\Binn\;C:\Program Files (x86)\Microsoft Visual Studio 10.0\Common7\IDE\PrivateAssemblies\;C:\Program Files (x86)\Microsoft SQL Server\110\DTS\Binn\;C:\Windows\System32\WindowsPowerShell\v1.0\;C:\Program Files (x86)\Java\jdk1.7.0_15\bin;C:\Windows\System32\WindowsPowerShell\v1.0\;C:\Program Files\Java\jre7\bin
USERNAME=credit.card
OS=Windows_NT
PROCESSOR_IDENTIFIER=Intel64 Family 6 Model 15 Stepping 6, GenuineIntel



---------------  S Y S T E M  ---------------

OS: Windows 7 , 64 bit Build 7601 Service Pack 1

CPU:total 2 (2 cores per cpu, 1 threads per core) family 6 model 15 stepping 6, cmov, cx8, fxsr, mmx, sse, sse2, sse3, ssse3, tsc

Memory: 4k page, physical 8320628k(5739640k free), swap 16639396k(13614900k free)

vm_info: Java HotSpot(TM) Client VM (23.7-b01) for windows-x86 JRE (1.7.0_15-b03), built on Feb 15 2013 14:01:25 by "java_re" with unknown MS VC++:1600

time: Thu May 23 14:14:49 2013
elapsed time: 9 seconds

