#
# A fatal error has been detected by the Java Runtime Environment:
#
#  EXCEPTION_ACCESS_VIOLATION (0xc0000005) at pc=0x6e6159dc, pid=4504, tid=2424
#
# JRE version: 7.0_15-b03
# Java VM: Java HotSpot(TM) Client VM (23.7-b01 mixed mode, sharing windows-x86 )
# Problematic frame:
# C  [libtesseract302.dll+0x59dc]  STRING::strdup+0x467c
#
# Failed to write core dump. Minidumps are not enabled by default on client versions of Windows
#
# If you would like to submit a bug report, please visit:
#   http://bugreport.sun.com/bugreport/crash.jsp
# The crash happened outside the Java Virtual Machine in native code.
# See problematic frame for where to report the bug.
#

---------------  T H R E A D  ---------------

Current thread (0x04c84400):  JavaThread "Thread-4" [_thread_in_native, id=2424, stack(0x09b80000,0x09bd0000)]

siginfo: ExceptionCode=0xc0000005, reading address 0x00000000

Registers:
EAX=0x00000000, EBX=0x093e9da4, ECX=0x00000000, EDX=0x09360048
ESP=0x09bcd958, EBP=0x093e56c0, ESI=0x093e5be8, EDI=0x093e5750
EIP=0x6e6159dc, EFLAGS=0x00010206

Top of Stack: (sp=0x09bcd958)
0x09bcd958:   00000000 059b0048 093e5be8 093e56c0
0x09bcd968:   093e9da4 00000000 00000000 00000000
0x09bcd978:   00000000 00000000 00000000 00000000
0x09bcd988:   00000000 00000000 00000000 00000000
0x09bcd998:   00000000 00000000 00000000 00000000
0x09bcd9a8:   00000000 00000000 00000000 00000000
0x09bcd9b8:   00000000 00000000 00000000 00000000
0x09bcd9c8:   00000000 00000000 00000000 00000000 

Instructions: (pc=0x6e6159dc)
0x6e6159bc:   86 b8 00 00 00 ff 86 b0 0f 00 00 57 50 e8 3a 6e
0x6e6159cc:   10 00 8b 8e b8 00 00 00 8b f8 8b 86 94 06 00 00
0x6e6159dc:   8b 00 83 c4 04 3b c8 89 7c 24 10 7c 02 8b c1 50
0x6e6159ec:   e8 17 6e 10 00 8b 9c 24 34 08 00 00 8b 94 24 30 


Register to memory mapping:

EAX=0x00000000 is an unknown value
EBX=0x093e9da4 is an unknown value
ECX=0x00000000 is an unknown value
EDX=0x09360048 is an unknown value
ESP=0x09bcd958 is pointing into the stack for thread: 0x04c84400
EBP=0x093e56c0 is an unknown value
ESI=0x093e5be8 is an unknown value
EDI=0x093e5750 is an unknown value


Stack: [0x09b80000,0x09bd0000],  sp=0x09bcd958,  free space=310k
Native frames: (J=compiled Java code, j=interpreted, Vv=VM code, C=native code)
C  [libtesseract302.dll+0x59dc]  STRING::strdup+0x467c

Java frames: (J=compiled Java code, j=interpreted, Vv=VM code)
j  com.sun.jna.Native.invokePointer(JI[Ljava/lang/Object;)J+0
j  com.sun.jna.Function.invokePointer(I[Ljava/lang/Object;)Lcom/sun/jna/Pointer;+6
j  com.sun.jna.Function.invoke([Ljava/lang/Object;Ljava/lang/Class;Z)Ljava/lang/Object;+642
j  com.sun.jna.Function.invoke(Ljava/lang/Class;[Ljava/lang/Object;Ljava/util/Map;)Ljava/lang/Object;+214
j  com.sun.jna.Library$Handler.invoke(Ljava/lang/Object;Ljava/lang/reflect/Method;[Ljava/lang/Object;)Ljava/lang/Object;+341
j  com.sun.proxy.$Proxy0.TessBaseAPIGetUTF8Text(Lnet/sourceforge/tess4j/TessAPI$TessBaseAPI;)Lcom/sun/jna/Pointer;+16
j  net.sourceforge.tess4j.Tesseract.doOCR(IILjava/nio/ByteBuffer;Ljava/awt/Rectangle;I)Ljava/lang/String;+216
j  net.sourceforge.tess4j.Tesseract.doOCR(Ljava/util/List;Ljava/awt/Rectangle;)Ljava/lang/String;+95
j  net.sourceforge.tess4j.Tesseract.doOCR(Ljava/awt/image/BufferedImage;Ljava/awt/Rectangle;)Ljava/lang/String;+33
j  net.sourceforge.tess4j.Tesseract.doOCR(Ljava/awt/image/BufferedImage;)Ljava/lang/String;+3
j  QuickSave.MainGui.OCR(Ljava/awt/image/BufferedImage;Ljava/lang/String;)Ljava/lang/String;+11
j  QuickSave.MainGui.ReadCheck()V+84
j  QuickSave.MainGui.DisplayImage()V+108
j  QuickSave.MainGui.jSliderZoomStateChanged(Ljavax/swing/event/ChangeEvent;)V+22
j  QuickSave.MainGui.access$600(LQuickSave/MainGui;Ljavax/swing/event/ChangeEvent;)V+2
j  QuickSave.MainGui$7.stateChanged(Ljavax/swing/event/ChangeEvent;)V+5
j  javax.swing.JSlider.fireStateChanged()V+57
j  javax.swing.JSlider$ModelListener.stateChanged(Ljavax/swing/event/ChangeEvent;)V+4
j  javax.swing.DefaultBoundedRangeModel.fireStateChanged()V+57
j  javax.swing.DefaultBoundedRangeModel.setRangeProperties(IIIIZ)V+130
j  javax.swing.DefaultBoundedRangeModel.setValue(I)V+62
j  javax.swing.JSlider.setValue(I)V+20
j  QuickSave.MainGui.NewDoc()V+157
j  QuickSave.tempChecker.run()V+58
j  java.lang.Thread.run()V+11
v  ~StubRoutines::call_stub

---------------  P R O C E S S  ---------------

Java Threads: ( => current thread )
  0x04c85400 JavaThread "DestroyJavaVM" [_thread_blocked, id=2712, stack(0x009f0000,0x00a40000)]
  0x04c85000 JavaThread "D3D Screen Updater" daemon [_thread_blocked, id=4064, stack(0x09660000,0x096b0000)]
  0x04c84800 JavaThread "Thread-6" [_thread_blocked, id=3568, stack(0x09ce0000,0x09d30000)]
=>0x04c84400 JavaThread "Thread-4" [_thread_in_native, id=2424, stack(0x09b80000,0x09bd0000)]
  0x04c83c00 JavaThread "AWT-EventQueue-0" [_thread_blocked, id=1220, stack(0x05cc0000,0x05d10000)]
  0x04c83400 JavaThread "Image Fetcher 0" daemon [_thread_blocked, id=792, stack(0x080b0000,0x08100000)]
  0x04c83000 JavaThread "AWT-Windows" daemon [_thread_in_native, id=3832, stack(0x04f60000,0x04fb0000)]
  0x04c82800 JavaThread "AWT-Shutdown" [_thread_blocked, id=4760, stack(0x04e40000,0x04e90000)]
  0x04c82400 JavaThread "Java2D Disposer" daemon [_thread_blocked, id=3816, stack(0x04ed0000,0x04f20000)]
  0x00964800 JavaThread "Service Thread" daemon [_thread_blocked, id=3972, stack(0x04b80000,0x04bd0000)]
  0x00960000 JavaThread "C1 CompilerThread0" daemon [_thread_blocked, id=1920, stack(0x04a40000,0x04a90000)]
  0x0095f000 JavaThread "Attach Listener" daemon [_thread_blocked, id=2248, stack(0x049e0000,0x04a30000)]
  0x0095e000 JavaThread "Signal Dispatcher" daemon [_thread_blocked, id=4716, stack(0x01130000,0x01180000)]
  0x00946c00 JavaThread "Finalizer" daemon [_thread_blocked, id=3744, stack(0x04740000,0x04790000)]
  0x00945400 JavaThread "Reference Handler" daemon [_thread_blocked, id=4580, stack(0x01080000,0x010d0000)]

Other Threads:
  0x00944000 VMThread [stack: 0x04690000,0x046e0000] [id=2212]
  0x00977000 WatcherThread [stack: 0x04bd0000,0x04c20000] [id=4396]

VM state:not at safepoint (normal execution)

VM Mutex/Monitor currently owned by a thread: None

Heap
 def new generation   total 14848K, used 8120K [0x23f60000, 0x24f70000, 0x294b0000)
  eden space 13248K,  56% used [0x23f60000, 0x246ac0a0, 0x24c50000)
  from space 1600K,  40% used [0x24de0000, 0x24e82160, 0x24f70000)
  to   space 1600K,   0% used [0x24c50000, 0x24c50000, 0x24de0000)
 tenured generation   total 61944K, used 59466K [0x294b0000, 0x2d12e000, 0x33f60000)
   the space 61944K,  95% used [0x294b0000, 0x2cec28d8, 0x2cec2a00, 0x2d12e000)
 compacting perm gen  total 12288K, used 4612K [0x33f60000, 0x34b60000, 0x37f60000)
   the space 12288K,  37% used [0x33f60000, 0x343e1208, 0x343e1400, 0x34b60000)
    ro space 10240K,  45% used [0x37f60000, 0x383e7290, 0x383e7400, 0x38960000)
    rw space 12288K,  54% used [0x38960000, 0x38feace8, 0x38feae00, 0x39560000)

Card table byte_map: [0x00e50000,0x00f00000] byte_map_base: 0x00d30500

Polling page: 0x00190000

Code Cache  [0x02680000, 0x027f0000, 0x04680000)
 total_blobs=769 nmethods=519 adapters=184 free_code_cache=31301Kb largest_free_block=32052096

Compilation events (10 events):
Event: 1.695 Thread 0x00960000  515             java.io.DataOutputStream::writeUTF (435 bytes)
Event: 1.697 Thread 0x00960000 nmethod 515 0x027ec448 code [0x027ec630, 0x027ecefc]
Event: 1.697 Thread 0x00960000  516             java.io.DataOutputStream::writeShort (35 bytes)
Event: 1.697 Thread 0x00960000 nmethod 516 0x027eda88 code [0x027edba0, 0x027edc98]
Event: 1.706 Thread 0x00960000  518             java.lang.String::<init> (15 bytes)
Event: 1.706 Thread 0x00960000 nmethod 518 0x027edf88 code [0x027ee080, 0x027ee110]
Event: 1.711 Thread 0x00960000  519   !         java.util.zip.ZipFile$ZipFileInputStream::close (110 bytes)
Event: 1.712 Thread 0x00960000 nmethod 519 0x027ee148 code [0x027ee270, 0x027ee6f8]
Event: 1.712 Thread 0x00960000  520  s          java.util.Vector::size (5 bytes)
Event: 1.712 Thread 0x00960000 nmethod 520 0x027ee948 code [0x027eea40, 0x027eec00]

GC Heap History (10 events):
Event: 1.201 GC heap before
{Heap before GC invocations=5 (full 2):
 def new generation   total 14848K, used 13248K [0x23f60000, 0x24f70000, 0x294b0000)
  eden space 13248K, 100% used [0x23f60000, 0x24c50000, 0x24c50000)
  from space 1600K,   0% used [0x24c50000, 0x24c50000, 0x24de0000)
  to   space 1600K,   0% used [0x24de0000, 0x24de0000, 0x24f70000)
 tenured generation   total 32744K, used 19645K [0x294b0000, 0x2b4aa000, 0x33f60000)
   the space 32744K,  59% used [0x294b0000, 0x2a7df5c8, 0x2a7df600, 0x2b4aa000)
 compacting perm gen  total 12288K, used 3786K [0x33f60000, 0x34b60000, 0x37f60000)
   the space 12288K,  30% used [0x33f60000, 0x343129f0, 0x34312a00, 0x34b60000)
    ro space 10240K,  45% used [0x37f60000, 0x383e7290, 0x383e7400, 0x38960000)
    rw space 12288K,  54% used [0x38960000, 0x38feace8, 0x38feae00, 0x39560000)
Event: 1.211 GC heap after
Heap after GC invocations=6 (full 2):
 def new generation   total 14848K, used 5K [0x23f60000, 0x24f70000, 0x294b0000)
  eden space 13248K,   0% used [0x23f60000, 0x23f60000, 0x24c50000)
  from space 1600K,   0% used [0x24de0000, 0x24de1788, 0x24f70000)
  to   space 1600K,   0% used [0x24c50000, 0x24c50000, 0x24de0000)
 tenured generation   total 32744K, used 30665K [0x294b0000, 0x2b4aa000, 0x33f60000)
   the space 32744K,  93% used [0x294b0000, 0x2b2a24c8, 0x2b2a2600, 0x2b4aa000)
 compacting perm gen  total 12288K, used 3786K [0x33f60000, 0x34b60000, 0x37f60000)
   the space 12288K,  30% used [0x33f60000, 0x343129f0, 0x34312a00, 0x34b60000)
    ro space 10240K,  45% used [0x37f60000, 0x383e7290, 0x383e7400, 0x38960000)
    rw space 12288K,  54% used [0x38960000, 0x38feace8, 0x38feae00, 0x39560000)
}
Event: 1.337 GC heap before
{Heap before GC invocations=6 (full 2):
 def new generation   total 14848K, used 10278K [0x23f60000, 0x24f70000, 0x294b0000)
  eden space 13248K,  77% used [0x23f60000, 0x24968338, 0x24c50000)
  from space 1600K,   0% used [0x24de0000, 0x24de1788, 0x24f70000)
  to   space 1600K,   0% used [0x24c50000, 0x24c50000, 0x24de0000)
 tenured generation   total 32744K, used 30665K [0x294b0000, 0x2b4aa000, 0x33f60000)
   the space 32744K,  93% used [0x294b0000, 0x2b2a24c8, 0x2b2a2600, 0x2b4aa000)
 compacting perm gen  total 12288K, used 3807K [0x33f60000, 0x34b60000, 0x37f60000)
   the space 12288K,  30% used [0x33f60000, 0x34317ea8, 0x34318000, 0x34b60000)
    ro space 10240K,  45% used [0x37f60000, 0x383e7290, 0x383e7400, 0x38960000)
    rw space 12288K,  54% used [0x38960000, 0x38feace8, 0x38feae00, 0x39560000)
Event: 1.369 GC heap after
Heap after GC invocations=7 (full 3):
 def new generation   total 14848K, used 0K [0x23f60000, 0x24f70000, 0x294b0000)
  eden space 13248K,   0% used [0x23f60000, 0x23f60000, 0x24c50000)
  from space 1600K,   0% used [0x24c50000, 0x24c50000, 0x24de0000)
  to   space 1600K,   0% used [0x24de0000, 0x24de0000, 0x24f70000)
 tenured generation   total 32744K, used 19242K [0x294b0000, 0x2b4aa000, 0x33f60000)
   the space 32744K,  58% used [0x294b0000, 0x2a77ab10, 0x2a77ac00, 0x2b4aa000)
 compacting perm gen  total 12288K, used 3807K [0x33f60000, 0x34b60000, 0x37f60000)
   the space 12288K,  30% used [0x33f60000, 0x34317ea8, 0x34318000, 0x34b60000)
    ro space 10240K,  45% used [0x37f60000, 0x383e7290, 0x383e7400, 0x38960000)
    rw space 12288K,  54% used [0x38960000, 0x38feace8, 0x38feae00, 0x39560000)
}
Event: 1.393 GC heap before
{Heap before GC invocations=7 (full 3):
 def new generation   total 14848K, used 13248K [0x23f60000, 0x24f70000, 0x294b0000)
  eden space 13248K, 100% used [0x23f60000, 0x24c50000, 0x24c50000)
  from space 1600K,   0% used [0x24c50000, 0x24c50000, 0x24de0000)
  to   space 1600K,   0% used [0x24de0000, 0x24de0000, 0x24f70000)
 tenured generation   total 47304K, used 33799K [0x294b0000, 0x2c2e2000, 0x33f60000)
   the space 47304K,  71% used [0x294b0000, 0x2b5b1ef8, 0x2b5b2000, 0x2c2e2000)
 compacting perm gen  total 12288K, used 3807K [0x33f60000, 0x34b60000, 0x37f60000)
   the space 12288K,  30% used [0x33f60000, 0x34317ec8, 0x34318000, 0x34b60000)
    ro space 10240K,  45% used [0x37f60000, 0x383e7290, 0x383e7400, 0x38960000)
    rw space 12288K,  54% used [0x38960000, 0x38feace8, 0x38feae00, 0x39560000)
Event: 1.404 GC heap after
Heap after GC invocations=8 (full 3):
 def new generation   total 14848K, used 711K [0x23f60000, 0x24f70000, 0x294b0000)
  eden space 13248K,   0% used [0x23f60000, 0x23f60000, 0x24c50000)
  from space 1600K,  44% used [0x24de0000, 0x24e91c90, 0x24f70000)
  to   space 1600K,   0% used [0x24c50000, 0x24c50000, 0x24de0000)
 tenured generation   total 47304K, used 44717K [0x294b0000, 0x2c2e2000, 0x33f60000)
   the space 47304K,  94% used [0x294b0000, 0x2c05b5f0, 0x2c05b600, 0x2c2e2000)
 compacting perm gen  total 12288K, used 3807K [0x33f60000, 0x34b60000, 0x37f60000)
   the space 12288K,  30% used [0x33f60000, 0x34317ec8, 0x34318000, 0x34b60000)
    ro space 10240K,  45% used [0x37f60000, 0x383e7290, 0x383e7400, 0x38960000)
    rw space 12288K,  54% used [0x38960000, 0x38feace8, 0x38feae00, 0x39560000)
}
Event: 1.473 GC heap before
{Heap before GC invocations=8 (full 3):
 def new generation   total 14848K, used 13959K [0x23f60000, 0x24f70000, 0x294b0000)
  eden space 13248K, 100% used [0x23f60000, 0x24c50000, 0x24c50000)
  from space 1600K,  44% used [0x24de0000, 0x24e91c90, 0x24f70000)
  to   space 1600K,   0% used [0x24c50000, 0x24c50000, 0x24de0000)
 tenured generation   total 47304K, used 44717K [0x294b0000, 0x2c2e2000, 0x33f60000)
   the space 47304K,  94% used [0x294b0000, 0x2c05b5f0, 0x2c05b600, 0x2c2e2000)
 compacting perm gen  total 12288K, used 4005K [0x33f60000, 0x34b60000, 0x37f60000)
   the space 12288K,  32% used [0x33f60000, 0x34349690, 0x34349800, 0x34b60000)
    ro space 10240K,  45% used [0x37f60000, 0x383e7290, 0x383e7400, 0x38960000)
    rw space 12288K,  54% used [0x38960000, 0x38feace8, 0x38feae00, 0x39560000)
Event: 1.476 GC heap after
Heap after GC invocations=9 (full 3):
 def new generation   total 14848K, used 1330K [0x23f60000, 0x24f70000, 0x294b0000)
  eden space 13248K,   0% used [0x23f60000, 0x23f60000, 0x24c50000)
  from space 1600K,  83% used [0x24c50000, 0x24d9c848, 0x24de0000)
  to   space 1600K,   0% used [0x24de0000, 0x24de0000, 0x24f70000)
 tenured generation   total 47304K, used 44717K [0x294b0000, 0x2c2e2000, 0x33f60000)
   the space 47304K,  94% used [0x294b0000, 0x2c05b5f0, 0x2c05b600, 0x2c2e2000)
 compacting perm gen  total 12288K, used 4005K [0x33f60000, 0x34b60000, 0x37f60000)
   the space 12288K,  32% used [0x33f60000, 0x34349690, 0x34349800, 0x34b60000)
    ro space 10240K,  45% used [0x37f60000, 0x383e7290, 0x383e7400, 0x38960000)
    rw space 12288K,  54% used [0x38960000, 0x38feace8, 0x38feae00, 0x39560000)
}
Event: 1.542 GC heap before
{Heap before GC invocations=9 (full 3):
 def new generation   total 14848K, used 6677K [0x23f60000, 0x24f70000, 0x294b0000)
  eden space 13248K,  40% used [0x23f60000, 0x24498bc8, 0x24c50000)
  from space 1600K,  83% used [0x24c50000, 0x24d9c848, 0x24de0000)
  to   space 1600K,   0% used [0x24de0000, 0x24de0000, 0x24f70000)
 tenured generation   total 61944K, used 59355K [0x294b0000, 0x2d12e000, 0x33f60000)
   the space 61944K,  95% used [0x294b0000, 0x2cea6e80, 0x2cea7000, 0x2d12e000)
 compacting perm gen  total 12288K, used 4183K [0x33f60000, 0x34b60000, 0x37f60000)
   the space 12288K,  34% used [0x33f60000, 0x34375fc0, 0x34376000, 0x34b60000)
    ro space 10240K,  45% used [0x37f60000, 0x383e7290, 0x383e7400, 0x38960000)
    rw space 12288K,  54% used [0x38960000, 0x38feace8, 0x38feae00, 0x39560000)
Event: 1.544 GC heap after
Heap after GC invocations=10 (full 3):
 def new generation   total 14848K, used 648K [0x23f60000, 0x24f70000, 0x294b0000)
  eden space 13248K,   0% used [0x23f60000, 0x23f60000, 0x24c50000)
  from space 1600K,  40% used [0x24de0000, 0x24e82160, 0x24f70000)
  to   space 1600K,   0% used [0x24c50000, 0x24c50000, 0x24de0000)
 tenured generation   total 61944K, used 59466K [0x294b0000, 0x2d12e000, 0x33f60000)
   the space 61944K,  95% used [0x294b0000, 0x2cec28d8, 0x2cec2a00, 0x2d12e000)
 compacting perm gen  total 12288K, used 4183K [0x33f60000, 0x34b60000, 0x37f60000)
   the space 12288K,  34% used [0x33f60000, 0x34375fc0, 0x34376000, 0x34b60000)
    ro space 10240K,  45% used [0x37f60000, 0x383e7290, 0x383e7400, 0x38960000)
    rw space 12288K,  54% used [0x38960000, 0x38feace8, 0x38feae00, 0x39560000)
}

Deoptimization events (0 events):
No events

Internal exceptions (10 events):
Event: 1.706 Thread 0x04c84400 Threw 0x2468a7b0 at C:\jdk7u2_32P\jdk7u15\hotspot\src\share\vm\prims\jvm.cpp:1166
Event: 1.707 Thread 0x04c84400 Threw 0x2468c1b0 at C:\jdk7u2_32P\jdk7u15\hotspot\src\share\vm\prims\jvm.cpp:1166
Event: 1.707 Thread 0x04c84400 Threw 0x2468e050 at C:\jdk7u2_32P\jdk7u15\hotspot\src\share\vm\prims\jvm.cpp:1166
Event: 1.708 Thread 0x04c84400 Threw 0x2468ffe8 at C:\jdk7u2_32P\jdk7u15\hotspot\src\share\vm\prims\jvm.cpp:1166
Event: 1.708 Thread 0x04c84400 Threw 0x24691e68 at C:\jdk7u2_32P\jdk7u15\hotspot\src\share\vm\prims\jvm.cpp:1166
Event: 1.710 Thread 0x04c84400 Threw 0x24696330 at C:\jdk7u2_32P\jdk7u15\hotspot\src\share\vm\prims\jvm.cpp:1166
Event: 1.711 Thread 0x04c84400 Threw 0x24699230 at C:\jdk7u2_32P\jdk7u15\hotspot\src\share\vm\prims\jvm.cpp:1166
Event: 1.711 Thread 0x04c84400 Threw 0x2469d730 at C:\jdk7u2_32P\jdk7u15\hotspot\src\share\vm\prims\jvm.cpp:1166
Event: 1.747 Thread 0x04c84400 Threw 0x246a0238 at C:\jdk7u2_32P\jdk7u15\hotspot\src\share\vm\prims\jvm.cpp:1166
Event: 1.748 Thread 0x04c84400 Threw 0x246a25e8 at C:\jdk7u2_32P\jdk7u15\hotspot\src\share\vm\prims\jvm.cpp:1166

Events (10 events):
Event: 1.710 loading class 0x08535c70
Event: 1.710 loading class 0x08535c70 done
Event: 1.711 loading class 0x08574498
Event: 1.711 loading class 0x08574498 done
Event: 1.711 loading class 0x085743f0
Event: 1.711 loading class 0x085743f0 done
Event: 1.747 loading class 0x085d96e8
Event: 1.747 loading class 0x085d96e8 done
Event: 1.748 loading class 0x08534f80
Event: 1.748 loading class 0x08534f80 done


Dynamic libraries:
0x01250000 - 0x0127f000 	C:\Program Files (x86)\Java\jdk1.7.0_15\bin\java.exe
0x77910000 - 0x77a90000 	C:\Windows\SysWOW64\ntdll.dll
0x76b10000 - 0x76c20000 	C:\Windows\syswow64\kernel32.dll
0x76d40000 - 0x76d87000 	C:\Windows\syswow64\KERNELBASE.dll
0x76f30000 - 0x76fd0000 	C:\Windows\syswow64\ADVAPI32.dll
0x750f0000 - 0x7519c000 	C:\Windows\syswow64\msvcrt.dll
0x76070000 - 0x76089000 	C:\Windows\SysWOW64\sechost.dll
0x76760000 - 0x76850000 	C:\Windows\syswow64\RPCRT4.dll
0x74f70000 - 0x74fd0000 	C:\Windows\syswow64\SspiCli.dll
0x74f60000 - 0x74f6c000 	C:\Windows\syswow64\CRYPTBASE.dll
0x76660000 - 0x76760000 	C:\Windows\syswow64\USER32.dll
0x763d0000 - 0x76460000 	C:\Windows\syswow64\GDI32.dll
0x76f20000 - 0x76f2a000 	C:\Windows\syswow64\LPK.dll
0x74fd0000 - 0x7506d000 	C:\Windows\syswow64\USP10.dll
0x72250000 - 0x723ee000 	C:\Windows\WinSxS\x86_microsoft.windows.common-controls_6595b64144ccf1df_6.0.7601.17514_none_41e6975e2bd6f2b2\COMCTL32.dll
0x76d90000 - 0x76de7000 	C:\Windows\syswow64\SHLWAPI.dll
0x769b0000 - 0x76a10000 	C:\Windows\system32\IMM32.DLL
0x76a10000 - 0x76adc000 	C:\Windows\syswow64\MSCTF.dll
0x72e30000 - 0x72eee000 	C:\Program Files (x86)\Java\jdk1.7.0_15\jre\bin\msvcr100.dll
0x72ef0000 - 0x7323c000 	C:\Program Files (x86)\Java\jdk1.7.0_15\jre\bin\client\jvm.dll
0x74b20000 - 0x74b27000 	C:\Windows\system32\WSOCK32.dll
0x76030000 - 0x76065000 	C:\Windows\syswow64\WS2_32.dll
0x760b0000 - 0x760b6000 	C:\Windows\syswow64\NSI.dll
0x74ab0000 - 0x74ae2000 	C:\Windows\system32\WINMM.dll
0x753d0000 - 0x753d5000 	C:\Windows\syswow64\PSAPI.DLL
0x739a0000 - 0x739ac000 	C:\Program Files (x86)\Java\jdk1.7.0_15\jre\bin\verify.dll
0x73980000 - 0x739a0000 	C:\Program Files (x86)\Java\jdk1.7.0_15\jre\bin\java.dll
0x73910000 - 0x73923000 	C:\Program Files (x86)\Java\jdk1.7.0_15\jre\bin\zip.dll
0x6e8c0000 - 0x6ea02000 	C:\Program Files (x86)\Java\jdk1.7.0_15\jre\bin\awt.dll
0x76460000 - 0x764ef000 	C:\Windows\syswow64\OLEAUT32.dll
0x76850000 - 0x769ac000 	C:\Windows\syswow64\ole32.dll
0x726d0000 - 0x72750000 	C:\Windows\system32\uxtheme.dll
0x72040000 - 0x72053000 	C:\Windows\system32\dwmapi.dll
0x753e0000 - 0x7602a000 	C:\Windows\syswow64\SHELL32.dll
0x72de0000 - 0x72e0a000 	C:\Program Files (x86)\Java\jdk1.7.0_15\jre\bin\fontmanager.dll
0x6cd60000 - 0x6cf23000 	C:\Windows\system32\d3d9.dll
0x74c60000 - 0x74c69000 	C:\Windows\system32\VERSION.dll
0x73b80000 - 0x73b86000 	C:\Windows\system32\d3d8thk.dll
0x6c600000 - 0x6cd5c000 	C:\Windows\system32\nvd3dum.dll
0x73a80000 - 0x73aa5000 	C:\Windows\system32\powrprof.dll
0x751a0000 - 0x7533d000 	C:\Windows\syswow64\SETUPAPI.dll
0x760f0000 - 0x76117000 	C:\Windows\syswow64\CFGMGR32.dll
0x76090000 - 0x760a2000 	C:\Windows\syswow64\DEVOBJ.dll
0x72e10000 - 0x72e24000 	C:\Program Files (x86)\Java\jdk1.7.0_15\jre\bin\net.dll
0x74750000 - 0x7478c000 	C:\Windows\system32\mswsock.dll
0x739b0000 - 0x739b6000 	C:\Windows\System32\wship6.dll
0x73d50000 - 0x73d5e000 	C:\Program Files (x86)\Java\jdk1.7.0_15\jre\bin\nio.dll
0x72da0000 - 0x72dd1000 	C:\Program Files (x86)\Java\jdk1.7.0_15\jre\bin\t2k.dll
0x75340000 - 0x753c3000 	C:\Windows\syswow64\CLBCatQ.DLL
0x72bc0000 - 0x72cbb000 	C:\Windows\system32\WindowsCodecs.dll
0x72570000 - 0x725bc000 	C:\Windows\system32\apphelp.dll
0x72d20000 - 0x72d51000 	C:\Windows\system32\EhStorShell.dll
0x72150000 - 0x72245000 	C:\Windows\system32\PROPSYS.dll
0x69890000 - 0x69c96000 	C:\PROGRA~2\MICROS~2\Office14\GROOVEEX.DLL
0x74db0000 - 0x74e53000 	C:\Windows\WinSxS\x86_microsoft.vc90.crt_1fc8b3b9a1e18e3b_9.0.30729.6161_none_50934f2ebcb7eb57\MSVCR90.dll
0x6e830000 - 0x6e8be000 	C:\Windows\WinSxS\x86_microsoft.vc90.crt_1fc8b3b9a1e18e3b_9.0.30729.6161_none_50934f2ebcb7eb57\MSVCP90.dll
0x72d70000 - 0x72d9b000 	C:\Windows\WinSxS\x86_microsoft.vc90.atl_1fc8b3b9a1e18e3b_9.0.30729.6161_none_51cd0a7abbe4e19b\ATL90.DLL
0x69470000 - 0x6988a000 	C:\PROGRA~2\COMMON~1\MICROS~1\OFFICE14\Cultures\office.odf
0x68c00000 - 0x69465000 	C:\PROGRA~2\MICROS~2\Office14\1033\GrooveIntlResource.dll
0x71620000 - 0x71690000 	C:\Windows\system32\ntshrui.dll
0x72790000 - 0x727a9000 	C:\Windows\system32\srvcli.dll
0x726c0000 - 0x726cb000 	C:\Windows\system32\cscapi.dll
0x737e0000 - 0x737ea000 	C:\Windows\system32\slc.dll
0x619e0000 - 0x61a08000 	C:\Windows\SysWOW64\pfmshx_640.dll
0x71430000 - 0x71440000 	C:\Windows\system32\NLAapi.dll
0x71420000 - 0x71430000 	C:\Windows\system32\napinsp.dll
0x71400000 - 0x71412000 	C:\Windows\system32\pnrpnsp.dll
0x74000000 - 0x74044000 	C:\Windows\system32\DNSAPI.dll
0x713f0000 - 0x713f8000 	C:\Windows\System32\winrnr.dll
0x713c0000 - 0x713e1000 	C:\Program Files (x86)\Bonjour\mdnsNSP.dll
0x74260000 - 0x7427c000 	C:\Windows\system32\Iphlpapi.DLL
0x74250000 - 0x74257000 	C:\Windows\system32\WINNSI.DLL
0x74740000 - 0x74745000 	C:\Windows\System32\wshtcpip.dll
0x73f70000 - 0x73f76000 	C:\Windows\system32\rasadhlp.dll
0x71380000 - 0x713b8000 	C:\Windows\System32\fwpuclnt.dll
0x72cf0000 - 0x72d14000 	C:\Program Files (x86)\Java\jdk1.7.0_15\jre\bin\dcpr.dll
0x74060000 - 0x74076000 	C:\Windows\system32\CRYPTSP.dll
0x73fc0000 - 0x73ffb000 	C:\Windows\system32\rsaenh.dll
0x747f0000 - 0x74807000 	C:\Windows\system32\USERENV.dll
0x74850000 - 0x7485b000 	C:\Windows\system32\profapi.dll
0x73450000 - 0x73475000 	C:\Program Files (x86)\Java\jdk1.7.0_15\jre\bin\jpeg.dll
0x10000000 - 0x1003d000 	C:\Users\credit.card\AppData\Local\Temp\jna-credit.card\jna8337417098819239928.dll
0x6e610000 - 0x6e82a000 	I:\Ted\Programs\Files\NetBeansProjects\QuickSave\libtesseract302.dll
0x732b0000 - 0x7344c000 	I:\Ted\Programs\Files\NetBeansProjects\QuickSave\liblept168.dll
0x72060000 - 0x7214b000 	C:\Windows\system32\dbghelp.dll

VM Arguments:
jvm_args: -Dfile.encoding=UTF-8 
java_command: QuickSave.Main
Launcher Type: SUN_STANDARD

Environment Variables:
CLASSPATH=C:\Program Files\Java\jre7\bin
PATH=C:\oracle\product\11.2.0\client_1\bin;C:\app\Administrator\product\11.2.0\client_1;C:\Windows\system32;C:\Windows;C:\Windows\System32\Wbem;C:\Program Files (x86)\QuickTime\QTSystem\;C:\Program Files (x86)\Microsoft SQL Server\110\Tools\Binn\ManagementStudio\;C:\Program Files (x86)\Microsoft SQL Server\110\Tools\Binn\;C:\Program Files\Microsoft SQL Server\110\Tools\Binn\;C:\Program Files (x86)\Microsoft Visual Studio 10.0\Common7\IDE\PrivateAssemblies\;C:\Program Files (x86)\Microsoft SQL Server\110\DTS\Binn\;C:\Windows\System32\WindowsPowerShell\v1.0\;C:\Program Files (x86)\Java\jdk1.7.0_15\bin;C:\Windows\System32\WindowsPowerShell\v1.0\;C:\Program Files\Java\jre7\bin
USERNAME=credit.card
OS=Windows_NT
PROCESSOR_IDENTIFIER=Intel64 Family 6 Model 15 Stepping 6, GenuineIntel



---------------  S Y S T E M  ---------------

OS: Windows 7 , 64 bit Build 7601 Service Pack 1

CPU:total 2 (2 cores per cpu, 1 threads per core) family 6 model 15 stepping 6, cmov, cx8, fxsr, mmx, sse, sse2, sse3, ssse3, tsc

Memory: 4k page, physical 8320628k(5467104k free), swap 16639396k(12897020k free)

vm_info: Java HotSpot(TM) Client VM (23.7-b01) for windows-x86 JRE (1.7.0_15-b03), built on Feb 15 2013 14:01:25 by "java_re" with unknown MS VC++:1600

time: Mon May 20 13:33:02 2013
elapsed time: 1 seconds

