#
# A fatal error has been detected by the Java Runtime Environment:
#
#  EXCEPTION_ACCESS_VIOLATION (0xc0000005) at pc=0x0a6259dc, pid=5380, tid=5476
#
# JRE version: 7.0_15-b03
# Java VM: Java HotSpot(TM) Client VM (23.7-b01 mixed mode, sharing windows-x86 )
# Problematic frame:
# C  [libtesseract302.dll+0x59dc]  STRING::strdup+0x467c
#
# Failed to write core dump. Minidumps are not enabled by default on client versions of Windows
#
# If you would like to submit a bug report, please visit:
#   http://bugreport.sun.com/bugreport/crash.jsp
# The crash happened outside the Java Virtual Machine in native code.
# See problematic frame for where to report the bug.
#

---------------  T H R E A D  ---------------

Current thread (0x083d9000):  JavaThread "AWT-EventQueue-0" [_thread_in_native, id=5476, stack(0x08260000,0x082b0000)]

siginfo: ExceptionCode=0xc0000005, reading address 0x00000000

Registers:
EAX=0x00000000, EBX=0x093a850c, ECX=0x00000000, EDX=0x09310048
ESP=0x082ad278, EBP=0x09395e00, ESI=0x09396120, EDI=0x09395e90
EIP=0x0a6259dc, EFLAGS=0x00010206

Top of Stack: (sp=0x082ad278)
0x082ad278:   00000000 0a840048 09396120 09395e00
0x082ad288:   093a850c 00000000 00000000 00000000
0x082ad298:   00000000 00000000 00000000 00000000
0x082ad2a8:   00000000 00000000 00000000 00000000
0x082ad2b8:   00000000 00000000 00000000 00000000
0x082ad2c8:   00000000 00000000 00000000 00000000
0x082ad2d8:   00000000 00000000 00000000 00000000
0x082ad2e8:   00000000 00000000 00000000 00000000 

Instructions: (pc=0x0a6259dc)
0x0a6259bc:   86 b8 00 00 00 ff 86 b0 0f 00 00 57 50 e8 3a 6e
0x0a6259cc:   10 00 8b 8e b8 00 00 00 8b f8 8b 86 94 06 00 00
0x0a6259dc:   8b 00 83 c4 04 3b c8 89 7c 24 10 7c 02 8b c1 50
0x0a6259ec:   e8 17 6e 10 00 8b 9c 24 34 08 00 00 8b 94 24 30 


Register to memory mapping:

EAX=0x00000000 is an unknown value
EBX=0x093a850c is an unknown value
ECX=0x00000000 is an unknown value
EDX=0x09310048 is an unknown value
ESP=0x082ad278 is pointing into the stack for thread: 0x083d9000
EBP=0x09395e00 is an unknown value
ESI=0x09396120 is an unknown value
EDI=0x09395e90 is an unknown value


Stack: [0x08260000,0x082b0000],  sp=0x082ad278,  free space=308k
Native frames: (J=compiled Java code, j=interpreted, Vv=VM code, C=native code)
C  [libtesseract302.dll+0x59dc]  STRING::strdup+0x467c

Java frames: (J=compiled Java code, j=interpreted, Vv=VM code)
j  com.sun.jna.Native.invokePointer(JI[Ljava/lang/Object;)J+0
j  com.sun.jna.Function.invokePointer(I[Ljava/lang/Object;)Lcom/sun/jna/Pointer;+6
j  com.sun.jna.Function.invoke([Ljava/lang/Object;Ljava/lang/Class;Z)Ljava/lang/Object;+642
j  com.sun.jna.Function.invoke(Ljava/lang/Class;[Ljava/lang/Object;Ljava/util/Map;)Ljava/lang/Object;+214
j  com.sun.jna.Library$Handler.invoke(Ljava/lang/Object;Ljava/lang/reflect/Method;[Ljava/lang/Object;)Ljava/lang/Object;+341
j  com.sun.proxy.$Proxy0.TessBaseAPIGetUTF8Text(Lnet/sourceforge/tess4j/TessAPI$TessBaseAPI;)Lcom/sun/jna/Pointer;+16
j  net.sourceforge.tess4j.Tesseract.doOCR(IILjava/nio/ByteBuffer;Ljava/awt/Rectangle;I)Ljava/lang/String;+216
j  net.sourceforge.tess4j.Tesseract.doOCR(Ljava/util/List;Ljava/awt/Rectangle;)Ljava/lang/String;+95
j  net.sourceforge.tess4j.Tesseract.doOCR(Ljava/awt/image/BufferedImage;Ljava/awt/Rectangle;)Ljava/lang/String;+33
j  net.sourceforge.tess4j.Tesseract.doOCR(Ljava/awt/image/BufferedImage;)Ljava/lang/String;+3
j  QuickSave.MainGui.OCR(Ljava/awt/image/BufferedImage;Ljava/lang/String;)Ljava/lang/String;+11
j  QuickSave.MainGui.ReadCheck()V+84
j  QuickSave.MainGui.DisplayImage()V+108
j  QuickSave.MainGui.jRadioButtonMenuItem1ActionPerformed(Ljava/awt/event/ActionEvent;)V+25
j  QuickSave.MainGui.access$1500(LQuickSave/MainGui;Ljava/awt/event/ActionEvent;)V+2
j  QuickSave.MainGui$22.actionPerformed(Ljava/awt/event/ActionEvent;)V+5
j  javax.swing.AbstractButton.fireActionPerformed(Ljava/awt/event/ActionEvent;)V+84
j  javax.swing.AbstractButton$Handler.actionPerformed(Ljava/awt/event/ActionEvent;)V+5
j  javax.swing.DefaultButtonModel.fireActionPerformed(Ljava/awt/event/ActionEvent;)V+35
j  javax.swing.JToggleButton$ToggleButtonModel.setPressed(Z)V+148
j  javax.swing.AbstractButton.doClick(I)V+64
j  javax.swing.plaf.basic.BasicMenuItemUI.doClick(Ljavax/swing/MenuSelectionManager;)V+53
j  javax.swing.plaf.basic.BasicMenuItemUI$Handler.mouseReleased(Ljava/awt/event/MouseEvent;)V+76
j  java.awt.Component.processMouseEvent(Ljava/awt/event/MouseEvent;)V+64
j  javax.swing.JComponent.processMouseEvent(Ljava/awt/event/MouseEvent;)V+23
j  java.awt.Component.processEvent(Ljava/awt/AWTEvent;)V+81
j  java.awt.Container.processEvent(Ljava/awt/AWTEvent;)V+18
j  java.awt.Component.dispatchEventImpl(Ljava/awt/AWTEvent;)V+581
j  java.awt.Container.dispatchEventImpl(Ljava/awt/AWTEvent;)V+42
j  java.awt.Component.dispatchEvent(Ljava/awt/AWTEvent;)V+2
j  java.awt.LightweightDispatcher.retargetMouseEvent(Ljava/awt/Component;ILjava/awt/event/MouseEvent;)V+327
j  java.awt.LightweightDispatcher.processMouseEvent(Ljava/awt/event/MouseEvent;)Z+139
j  java.awt.LightweightDispatcher.dispatchEvent(Ljava/awt/AWTEvent;)Z+50
j  java.awt.Container.dispatchEventImpl(Ljava/awt/AWTEvent;)V+12
j  java.awt.Window.dispatchEventImpl(Ljava/awt/AWTEvent;)V+19
j  java.awt.Component.dispatchEvent(Ljava/awt/AWTEvent;)V+2
j  java.awt.EventQueue.dispatchEventImpl(Ljava/awt/AWTEvent;Ljava/lang/Object;)V+41
j  java.awt.EventQueue.access$200(Ljava/awt/EventQueue;Ljava/awt/AWTEvent;Ljava/lang/Object;)V+3
j  java.awt.EventQueue$3.run()Ljava/lang/Void;+12
j  java.awt.EventQueue$3.run()Ljava/lang/Object;+1
v  ~StubRoutines::call_stub
j  java.security.AccessController.doPrivileged(Ljava/security/PrivilegedAction;Ljava/security/AccessControlContext;)Ljava/lang/Object;+0
j  java.security.ProtectionDomain$1.doIntersectionPrivilege(Ljava/security/PrivilegedAction;Ljava/security/AccessControlContext;Ljava/security/AccessControlContext;)Ljava/lang/Object;+28
j  java.security.ProtectionDomain$1.doIntersectionPrivilege(Ljava/security/PrivilegedAction;Ljava/security/AccessControlContext;)Ljava/lang/Object;+6
j  java.awt.EventQueue$4.run()Ljava/lang/Void;+11
j  java.awt.EventQueue$4.run()Ljava/lang/Object;+1
v  ~StubRoutines::call_stub
j  java.security.AccessController.doPrivileged(Ljava/security/PrivilegedAction;Ljava/security/AccessControlContext;)Ljava/lang/Object;+0
j  java.security.ProtectionDomain$1.doIntersectionPrivilege(Ljava/security/PrivilegedAction;Ljava/security/AccessControlContext;Ljava/security/AccessControlContext;)Ljava/lang/Object;+28
j  java.awt.EventQueue.dispatchEvent(Ljava/awt/AWTEvent;)V+73
j  java.awt.EventDispatchThread.pumpOneEventForFilters(I)V+245
j  java.awt.EventDispatchThread.pumpEventsForFilter(ILjava/awt/Conditional;Ljava/awt/EventFilter;)V+35
j  java.awt.EventDispatchThread.pumpEventsForHierarchy(ILjava/awt/Conditional;Ljava/awt/Component;)V+11
j  java.awt.EventDispatchThread.pumpEvents(ILjava/awt/Conditional;)V+4
j  java.awt.EventDispatchThread.pumpEvents(Ljava/awt/Conditional;)V+3
j  java.awt.EventDispatchThread.run()V+9
v  ~StubRoutines::call_stub

---------------  P R O C E S S  ---------------

Java Threads: ( => current thread )
  0x00ddb000 JavaThread "DestroyJavaVM" [_thread_blocked, id=4120, stack(0x00cc0000,0x00d10000)]
  0x08463000 JavaThread "D3D Screen Updater" daemon [_thread_blocked, id=752, stack(0x050d0000,0x05120000)]
  0x0844e800 JavaThread "Thread-6" [_thread_blocked, id=5772, stack(0x09920000,0x09970000)]
  0x0844a000 JavaThread "Thread-4" [_thread_blocked, id=3556, stack(0x09510000,0x09560000)]
=>0x083d9000 JavaThread "AWT-EventQueue-0" [_thread_in_native, id=5476, stack(0x08260000,0x082b0000)]
  0x04ad8000 JavaThread "AWT-Windows" daemon [_thread_in_native, id=5600, stack(0x04e70000,0x04ec0000)]
  0x04ad7c00 JavaThread "AWT-Shutdown" [_thread_blocked, id=4716, stack(0x04810000,0x04860000)]
  0x04ad5400 JavaThread "Java2D Disposer" daemon [_thread_blocked, id=3148, stack(0x04df0000,0x04e40000)]
  0x00eae000 JavaThread "Service Thread" daemon [_thread_blocked, id=6540, stack(0x04a20000,0x04a70000)]
  0x00ea0000 JavaThread "C1 CompilerThread0" daemon [_thread_blocked, id=1180, stack(0x010a0000,0x010f0000)]
  0x00e9f000 JavaThread "Attach Listener" daemon [_thread_blocked, id=804, stack(0x01290000,0x012e0000)]
  0x00e9e000 JavaThread "Signal Dispatcher" daemon [_thread_blocked, id=5472, stack(0x047c0000,0x04810000)]
  0x00e86c00 JavaThread "Finalizer" daemon [_thread_blocked, id=6676, stack(0x00f70000,0x00fc0000)]
  0x00e85400 JavaThread "Reference Handler" daemon [_thread_blocked, id=6600, stack(0x01170000,0x011c0000)]

Other Threads:
  0x00e84000 VMThread [stack: 0x00f20000,0x00f70000] [id=6900]
  0x00ec0c00 WatcherThread [stack: 0x048c0000,0x04910000] [id=4776]

VM state:not at safepoint (normal execution)

VM Mutex/Monitor currently owned by a thread: None

Heap
 def new generation   total 25536K, used 8151K [0x23f60000, 0x25b10000, 0x294b0000)
  eden space 22720K,  34% used [0x23f60000, 0x246f2250, 0x25590000)
  from space 2816K,  14% used [0x25850000, 0x258b3a98, 0x25b10000)
  to   space 2816K,   0% used [0x25590000, 0x25590000, 0x25850000)
 tenured generation   total 56544K, used 48562K [0x294b0000, 0x2cbe8000, 0x33f60000)
   the space 56544K,  85% used [0x294b0000, 0x2c41cbf0, 0x2c41cc00, 0x2cbe8000)
 compacting perm gen  total 12288K, used 4617K [0x33f60000, 0x34b60000, 0x37f60000)
   the space 12288K,  37% used [0x33f60000, 0x343e26f8, 0x343e2800, 0x34b60000)
    ro space 10240K,  45% used [0x37f60000, 0x383e7290, 0x383e7400, 0x38960000)
    rw space 12288K,  54% used [0x38960000, 0x38feace8, 0x38feae00, 0x39560000)

Card table byte_map: [0x00d10000,0x00dc0000] byte_map_base: 0x00bf0500

Polling page: 0x00160000

Code Cache  [0x02790000, 0x02908000, 0x04790000)
 total_blobs=786 nmethods=534 adapters=186 free_code_cache=31272Kb largest_free_block=32022976

Compilation events (10 events):
Event: 36.063 Thread 0x00ea0000  528             sun.misc.ProxyGenerator$ConstantPool$IndirectEntry::<init> (21 bytes)
Event: 36.063 Thread 0x00ea0000 nmethod 528 0x02903dc8 code [0x02903ec0, 0x02903f50]
Event: 36.063 Thread 0x00ea0000  529             sun.misc.ProxyGenerator$ConstantPool$IndirectEntry::<init> (21 bytes)
Event: 36.063 Thread 0x00ea0000 nmethod 529 0x02903f88 code [0x02904080, 0x02904110]
Event: 36.063 Thread 0x00ea0000  530             java.io.DataOutputStream::writeUTF (435 bytes)
Event: 36.065 Thread 0x00ea0000 nmethod 530 0x02904148 code [0x02904330, 0x02904bfc]
Event: 36.065 Thread 0x00ea0000  531             java.io.DataOutputStream::writeShort (35 bytes)
Event: 36.065 Thread 0x00ea0000 nmethod 531 0x02905788 code [0x029058a0, 0x02905998]
Event: 36.072 Thread 0x00ea0000  533             java.lang.String::<init> (15 bytes)
Event: 36.072 Thread 0x00ea0000 nmethod 533 0x02905c88 code [0x02905d80, 0x02905e10]

GC Heap History (10 events):
Event: 1.835 GC heap before
{Heap before GC invocations=6 (full 2):
 def new generation   total 14784K, used 13179K [0x23f60000, 0x24f60000, 0x294b0000)
  eden space 13184K,  99% used [0x23f60000, 0x24c3d878, 0x24c40000)
  from space 1600K,   0% used [0x24dd0000, 0x24dd1700, 0x24f60000)
  to   space 1600K,   0% used [0x24c40000, 0x24c40000, 0x24dd0000)
 tenured generation   total 32712K, used 30646K [0x294b0000, 0x2b4a2000, 0x33f60000)
   the space 32712K,  93% used [0x294b0000, 0x2b29d8d8, 0x2b29da00, 0x2b4a2000)
 compacting perm gen  total 12288K, used 3789K [0x33f60000, 0x34b60000, 0x37f60000)
   the space 12288K,  30% used [0x33f60000, 0x34313580, 0x34313600, 0x34b60000)
    ro space 10240K,  45% used [0x37f60000, 0x383e7290, 0x383e7400, 0x38960000)
    rw space 12288K,  54% used [0x38960000, 0x38feace8, 0x38feae00, 0x39560000)
Event: 1.839 GC heap after
Heap after GC invocations=7 (full 2):
 def new generation   total 14784K, used 227K [0x23f60000, 0x24f60000, 0x294b0000)
  eden space 13184K,   0% used [0x23f60000, 0x23f60000, 0x24c40000)
  from space 1600K,  14% used [0x24c40000, 0x24c78c28, 0x24dd0000)
  to   space 1600K,   0% used [0x24dd0000, 0x24dd0000, 0x24f60000)
 tenured generation   total 32712K, used 32444K [0x294b0000, 0x2b4a2000, 0x33f60000)
   the space 32712K,  99% used [0x294b0000, 0x2b45f278, 0x2b45f400, 0x2b4a2000)
 compacting perm gen  total 12288K, used 3789K [0x33f60000, 0x34b60000, 0x37f60000)
   the space 12288K,  30% used [0x33f60000, 0x34313580, 0x34313600, 0x34b60000)
    ro space 10240K,  45% used [0x37f60000, 0x383e7290, 0x383e7400, 0x38960000)
    rw space 12288K,  54% used [0x38960000, 0x38feace8, 0x38feae00, 0x39560000)
}
Event: 1.850 GC heap before
{Heap before GC invocations=7 (full 2):
 def new generation   total 14784K, used 1021K [0x23f60000, 0x24f60000, 0x294b0000)
  eden space 13184K,   6% used [0x23f60000, 0x24026840, 0x24c40000)
  from space 1600K,  14% used [0x24c40000, 0x24c78c28, 0x24dd0000)
  to   space 1600K,   0% used [0x24dd0000, 0x24dd0000, 0x24f60000)
 tenured generation   total 32712K, used 32444K [0x294b0000, 0x2b4a2000, 0x33f60000)
   the space 32712K,  99% used [0x294b0000, 0x2b45f278, 0x2b45f400, 0x2b4a2000)
 compacting perm gen  total 12288K, used 3789K [0x33f60000, 0x34b60000, 0x37f60000)
   the space 12288K,  30% used [0x33f60000, 0x343135a0, 0x34313600, 0x34b60000)
    ro space 10240K,  45% used [0x37f60000, 0x383e7290, 0x383e7400, 0x38960000)
    rw space 12288K,  54% used [0x38960000, 0x38feace8, 0x38feae00, 0x39560000)
Event: 1.884 GC heap after
Heap after GC invocations=8 (full 3):
 def new generation   total 15488K, used 0K [0x23f60000, 0x25020000, 0x294b0000)
  eden space 13824K,   0% used [0x23f60000, 0x23f60000, 0x24ce0000)
  from space 1664K,   0% used [0x24ce0000, 0x24ce0000, 0x24e80000)
  to   space 1664K,   0% used [0x24e80000, 0x24e80000, 0x25020000)
 tenured generation   total 34132K, used 20477K [0x294b0000, 0x2b605000, 0x33f60000)
   the space 34132K,  59% used [0x294b0000, 0x2a8af5b0, 0x2a8af600, 0x2b605000)
 compacting perm gen  total 12288K, used 3789K [0x33f60000, 0x34b60000, 0x37f60000)
   the space 12288K,  30% used [0x33f60000, 0x343135a0, 0x34313600, 0x34b60000)
    ro space 10240K,  45% used [0x37f60000, 0x383e7290, 0x383e7400, 0x38960000)
    rw space 12288K,  54% used [0x38960000, 0x38feace8, 0x38feae00, 0x39560000)
}
Event: 1.928 GC heap before
{Heap before GC invocations=8 (full 3):
 def new generation   total 15488K, used 13824K [0x23f60000, 0x25020000, 0x294b0000)
  eden space 13824K, 100% used [0x23f60000, 0x24ce0000, 0x24ce0000)
  from space 1664K,   0% used [0x24ce0000, 0x24ce0000, 0x24e80000)
  to   space 1664K,   0% used [0x24e80000, 0x24e80000, 0x25020000)
 tenured generation   total 48692K, used 35034K [0x294b0000, 0x2c43d000, 0x33f60000)
   the space 48692K,  71% used [0x294b0000, 0x2b6e6998, 0x2b6e6a00, 0x2c43d000)
 compacting perm gen  total 12288K, used 3789K [0x33f60000, 0x34b60000, 0x37f60000)
   the space 12288K,  30% used [0x33f60000, 0x343135a0, 0x34313600, 0x34b60000)
    ro space 10240K,  45% used [0x37f60000, 0x383e7290, 0x383e7400, 0x38960000)
    rw space 12288K,  54% used [0x38960000, 0x38feace8, 0x38feae00, 0x39560000)
Event: 1.938 GC heap after
Heap after GC invocations=9 (full 3):
 def new generation   total 15488K, used 601K [0x23f60000, 0x25020000, 0x294b0000)
  eden space 13824K,   0% used [0x23f60000, 0x23f60000, 0x24ce0000)
  from space 1664K,  36% used [0x24e80000, 0x24f16770, 0x25020000)
  to   space 1664K,   0% used [0x24ce0000, 0x24ce0000, 0x24e80000)
 tenured generation   total 48692K, used 45952K [0x294b0000, 0x2c43d000, 0x33f60000)
   the space 48692K,  94% used [0x294b0000, 0x2c190090, 0x2c190200, 0x2c43d000)
 compacting perm gen  total 12288K, used 3789K [0x33f60000, 0x34b60000, 0x37f60000)
   the space 12288K,  30% used [0x33f60000, 0x343135a0, 0x34313600, 0x34b60000)
    ro space 10240K,  45% used [0x37f60000, 0x383e7290, 0x383e7400, 0x38960000)
    rw space 12288K,  54% used [0x38960000, 0x38feace8, 0x38feae00, 0x39560000)
}
Event: 2.040 GC heap before
{Heap before GC invocations=9 (full 3):
 def new generation   total 15488K, used 10288K [0x23f60000, 0x25020000, 0x294b0000)
  eden space 13824K,  70% used [0x23f60000, 0x248d5a70, 0x24ce0000)
  from space 1664K,  36% used [0x24e80000, 0x24f16770, 0x25020000)
  to   space 1664K,   0% used [0x24ce0000, 0x24ce0000, 0x24e80000)
 tenured generation   total 48692K, used 45952K [0x294b0000, 0x2c43d000, 0x33f60000)
   the space 48692K,  94% used [0x294b0000, 0x2c190090, 0x2c190200, 0x2c43d000)
 compacting perm gen  total 12288K, used 3789K [0x33f60000, 0x34b60000, 0x37f60000)
   the space 12288K,  30% used [0x33f60000, 0x343135a0, 0x34313600, 0x34b60000)
    ro space 10240K,  45% used [0x37f60000, 0x383e7290, 0x383e7400, 0x38960000)
    rw space 12288K,  54% used [0x38960000, 0x38feace8, 0x38feae00, 0x39560000)
Event: 2.088 GC heap after
Heap after GC invocations=10 (full 4):
 def new generation   total 25536K, used 0K [0x23f60000, 0x25b10000, 0x294b0000)
  eden space 22720K,   0% used [0x23f60000, 0x23f60000, 0x25590000)
  from space 2816K,   0% used [0x25590000, 0x25590000, 0x25850000)
  to   space 2816K,   0% used [0x25850000, 0x25850000, 0x25b10000)
 tenured generation   total 56544K, used 33924K [0x294b0000, 0x2cbe8000, 0x33f60000)
   the space 56544K,  59% used [0x294b0000, 0x2b5d1360, 0x2b5d1400, 0x2cbe8000)
 compacting perm gen  total 12288K, used 3788K [0x33f60000, 0x34b60000, 0x37f60000)
   the space 12288K,  30% used [0x33f60000, 0x34313068, 0x34313200, 0x34b60000)
    ro space 10240K,  45% used [0x37f60000, 0x383e7290, 0x383e7400, 0x38960000)
    rw space 12288K,  54% used [0x38960000, 0x38feace8, 0x38feae00, 0x39560000)
}
Event: 35.040 GC heap before
{Heap before GC invocations=10 (full 4):
 def new generation   total 25536K, used 22679K [0x23f60000, 0x25b10000, 0x294b0000)
  eden space 22720K,  99% used [0x23f60000, 0x25585cb8, 0x25590000)
  from space 2816K,   0% used [0x25590000, 0x25590000, 0x25850000)
  to   space 2816K,   0% used [0x25850000, 0x25850000, 0x25b10000)
 tenured generation   total 56544K, used 33924K [0x294b0000, 0x2cbe8000, 0x33f60000)
   the space 56544K,  59% used [0x294b0000, 0x2b5d1360, 0x2b5d1400, 0x2cbe8000)
 compacting perm gen  total 12288K, used 3814K [0x33f60000, 0x34b60000, 0x37f60000)
   the space 12288K,  31% used [0x33f60000, 0x34319ab0, 0x34319c00, 0x34b60000)
    ro space 10240K,  45% used [0x37f60000, 0x383e7290, 0x383e7400, 0x38960000)
    rw space 12288K,  54% used [0x38960000, 0x38feace8, 0x38feae00, 0x39560000)
Event: 35.050 GC heap after
Heap after GC invocations=11 (full 4):
 def new generation   total 25536K, used 398K [0x23f60000, 0x25b10000, 0x294b0000)
  eden space 22720K,   0% used [0x23f60000, 0x23f60000, 0x25590000)
  from space 2816K,  14% used [0x25850000, 0x258b3a98, 0x25b10000)
  to   space 2816K,   0% used [0x25590000, 0x25590000, 0x25850000)
 tenured generation   total 56544K, used 48562K [0x294b0000, 0x2cbe8000, 0x33f60000)
   the space 56544K,  85% used [0x294b0000, 0x2c41cbf0, 0x2c41cc00, 0x2cbe8000)
 compacting perm gen  total 12288K, used 3814K [0x33f60000, 0x34b60000, 0x37f60000)
   the space 12288K,  31% used [0x33f60000, 0x34319ab0, 0x34319c00, 0x34b60000)
    ro space 10240K,  45% used [0x37f60000, 0x383e7290, 0x383e7400, 0x38960000)
    rw space 12288K,  54% used [0x38960000, 0x38feace8, 0x38feae00, 0x39560000)
}

Deoptimization events (0 events):
No events

Internal exceptions (10 events):
Event: 36.074 Thread 0x083d9000 Threw 0x246d6cc8 at C:\jdk7u2_32P\jdk7u15\hotspot\src\share\vm\prims\jvm.cpp:1166
Event: 36.074 Thread 0x083d9000 Threw 0x246d88b8 at C:\jdk7u2_32P\jdk7u15\hotspot\src\share\vm\prims\jvm.cpp:1166
Event: 36.075 Thread 0x083d9000 Threw 0x246da8f8 at C:\jdk7u2_32P\jdk7u15\hotspot\src\share\vm\prims\jvm.cpp:1166
Event: 36.075 Thread 0x083d9000 Threw 0x246dca80 at C:\jdk7u2_32P\jdk7u15\hotspot\src\share\vm\prims\jvm.cpp:1166
Event: 36.075 Thread 0x083d9000 Threw 0x246ded38 at C:\jdk7u2_32P\jdk7u15\hotspot\src\share\vm\prims\jvm.cpp:1166
Event: 36.078 Thread 0x083d9000 Threw 0x246e3468 at C:\jdk7u2_32P\jdk7u15\hotspot\src\share\vm\prims\jvm.cpp:1166
Event: 36.078 Thread 0x083d9000 Threw 0x246e6618 at C:\jdk7u2_32P\jdk7u15\hotspot\src\share\vm\prims\jvm.cpp:1166
Event: 36.079 Thread 0x083d9000 Threw 0x246eaf90 at C:\jdk7u2_32P\jdk7u15\hotspot\src\share\vm\prims\jvm.cpp:1166
Event: 36.082 Thread 0x083d9000 Threw 0x246edc88 at C:\jdk7u2_32P\jdk7u15\hotspot\src\share\vm\prims\jvm.cpp:1166
Event: 36.082 Thread 0x083d9000 Threw 0x246f0130 at C:\jdk7u2_32P\jdk7u15\hotspot\src\share\vm\prims\jvm.cpp:1166

Events (10 events):
Event: 36.077 loading class 0x083a8320
Event: 36.077 loading class 0x083a8320 done
Event: 36.078 loading class 0x084f0038
Event: 36.078 loading class 0x084f0038 done
Event: 36.079 loading class 0x084eff90
Event: 36.079 loading class 0x084eff90 done
Event: 36.082 loading class 0x00ebecc8
Event: 36.082 loading class 0x00ebecc8 done
Event: 36.082 loading class 0x083a7630
Event: 36.082 loading class 0x083a7630 done


Dynamic libraries:
0x01360000 - 0x0138f000 	C:\Program Files (x86)\Java\jdk1.7.0_15\bin\java.exe
0x772b0000 - 0x77430000 	C:\Windows\SysWOW64\ntdll.dll
0x76140000 - 0x76250000 	C:\Windows\syswow64\kernel32.dll
0x74a70000 - 0x74ab7000 	C:\Windows\syswow64\KERNELBASE.dll
0x762b0000 - 0x76350000 	C:\Windows\syswow64\ADVAPI32.dll
0x76760000 - 0x7680c000 	C:\Windows\syswow64\msvcrt.dll
0x74fa0000 - 0x74fb9000 	C:\Windows\SysWOW64\sechost.dll
0x74b00000 - 0x74bf0000 	C:\Windows\syswow64\RPCRT4.dll
0x74910000 - 0x74970000 	C:\Windows\syswow64\SspiCli.dll
0x74900000 - 0x7490c000 	C:\Windows\syswow64\CRYPTBASE.dll
0x74cf0000 - 0x74df0000 	C:\Windows\syswow64\USER32.dll
0x766d0000 - 0x76760000 	C:\Windows\syswow64\GDI32.dll
0x75240000 - 0x7524a000 	C:\Windows\syswow64\LPK.dll
0x749d0000 - 0x74a6d000 	C:\Windows\syswow64\USP10.dll
0x729b0000 - 0x72b4e000 	C:\Windows\WinSxS\x86_microsoft.windows.common-controls_6595b64144ccf1df_6.0.7601.17514_none_41e6975e2bd6f2b2\COMCTL32.dll
0x75260000 - 0x752b7000 	C:\Windows\syswow64\SHLWAPI.dll
0x74970000 - 0x749d0000 	C:\Windows\system32\IMM32.DLL
0x74bf0000 - 0x74cbc000 	C:\Windows\syswow64\MSCTF.dll
0x5a900000 - 0x5a9be000 	C:\Program Files (x86)\Java\jdk1.7.0_15\jre\bin\msvcr100.dll
0x5a9c0000 - 0x5ad0c000 	C:\Program Files (x86)\Java\jdk1.7.0_15\jre\bin\client\jvm.dll
0x744c0000 - 0x744c7000 	C:\Windows\system32\WSOCK32.dll
0x74ac0000 - 0x74af5000 	C:\Windows\syswow64\WS2_32.dll
0x74f90000 - 0x74f96000 	C:\Windows\syswow64\NSI.dll
0x74450000 - 0x74482000 	C:\Windows\system32\WINMM.dll
0x76350000 - 0x76355000 	C:\Windows\syswow64\PSAPI.DLL
0x71ad0000 - 0x71adc000 	C:\Program Files (x86)\Java\jdk1.7.0_15\jre\bin\verify.dll
0x711e0000 - 0x71200000 	C:\Program Files (x86)\Java\jdk1.7.0_15\jre\bin\java.dll
0x71320000 - 0x71333000 	C:\Program Files (x86)\Java\jdk1.7.0_15\jre\bin\zip.dll
0x5a7b0000 - 0x5a8f2000 	C:\Program Files (x86)\Java\jdk1.7.0_15\jre\bin\awt.dll
0x752c0000 - 0x7534f000 	C:\Windows\syswow64\OLEAUT32.dll
0x76810000 - 0x7696c000 	C:\Windows\syswow64\ole32.dll
0x71ef0000 - 0x71f70000 	C:\Windows\system32\uxtheme.dll
0x72950000 - 0x72963000 	C:\Windows\system32\dwmapi.dll
0x753d0000 - 0x7601a000 	C:\Windows\syswow64\SHELL32.dll
0x6e470000 - 0x6e49a000 	C:\Program Files (x86)\Java\jdk1.7.0_15\jre\bin\fontmanager.dll
0x70d90000 - 0x70f53000 	C:\Windows\system32\d3d9.dll
0x74600000 - 0x74609000 	C:\Windows\system32\VERSION.dll
0x71b00000 - 0x71b06000 	C:\Windows\system32\d3d8thk.dll
0x6a270000 - 0x6a9cc000 	C:\Windows\system32\nvd3dum.dll
0x71120000 - 0x71145000 	C:\Windows\system32\powrprof.dll
0x74df0000 - 0x74f8d000 	C:\Windows\syswow64\SETUPAPI.dll
0x76280000 - 0x762a7000 	C:\Windows\syswow64\CFGMGR32.dll
0x75020000 - 0x75032000 	C:\Windows\syswow64\DEVOBJ.dll
0x6e930000 - 0x6e944000 	C:\Program Files (x86)\Java\jdk1.7.0_15\jre\bin\net.dll
0x740f0000 - 0x7412c000 	C:\Windows\system32\mswsock.dll
0x725a0000 - 0x725a6000 	C:\Windows\System32\wship6.dll
0x720c0000 - 0x720ce000 	C:\Program Files (x86)\Java\jdk1.7.0_15\jre\bin\nio.dll
0x6e3d0000 - 0x6e401000 	C:\Program Files (x86)\Java\jdk1.7.0_15\jre\bin\t2k.dll
0x76640000 - 0x766c3000 	C:\Windows\syswow64\CLBCatQ.DLL
0x5f800000 - 0x5f8fb000 	C:\Windows\system32\WindowsCodecs.dll
0x71a60000 - 0x71aac000 	C:\Windows\system32\apphelp.dll
0x73040000 - 0x73071000 	C:\Windows\system32\EhStorShell.dll
0x70ac0000 - 0x70bb5000 	C:\Windows\system32\PROPSYS.dll
0x6b930000 - 0x6bd36000 	C:\PROGRA~2\MICROS~2\Office14\GROOVEEX.DLL
0x74750000 - 0x747f3000 	C:\Windows\WinSxS\x86_microsoft.vc90.crt_1fc8b3b9a1e18e3b_9.0.30729.6161_none_50934f2ebcb7eb57\MSVCR90.dll
0x72e20000 - 0x72eae000 	C:\Windows\WinSxS\x86_microsoft.vc90.crt_1fc8b3b9a1e18e3b_9.0.30729.6161_none_50934f2ebcb7eb57\MSVCP90.dll
0x73360000 - 0x7338b000 	C:\Windows\WinSxS\x86_microsoft.vc90.atl_1fc8b3b9a1e18e3b_9.0.30729.6161_none_51cd0a7abbe4e19b\ATL90.DLL
0x68a20000 - 0x68e3a000 	C:\PROGRA~2\COMMON~1\MICROS~1\OFFICE14\Cultures\office.odf
0x57e20000 - 0x58685000 	C:\PROGRA~2\MICROS~2\Office14\1033\GrooveIntlResource.dll
0x6fc90000 - 0x6fd00000 	C:\Windows\system32\ntshrui.dll
0x725c0000 - 0x725d9000 	C:\Windows\system32\srvcli.dll
0x72510000 - 0x7251b000 	C:\Windows\system32\cscapi.dll
0x71390000 - 0x7139a000 	C:\Windows\system32\slc.dll
0x619e0000 - 0x61a08000 	C:\Windows\SysWOW64\pfmshx_640.dll
0x71010000 - 0x71020000 	C:\Windows\system32\NLAapi.dll
0x71000000 - 0x71010000 	C:\Windows\system32\napinsp.dll
0x70fe0000 - 0x70ff2000 	C:\Windows\system32\pnrpnsp.dll
0x73990000 - 0x739d4000 	C:\Windows\system32\DNSAPI.dll
0x70fd0000 - 0x70fd8000 	C:\Windows\System32\winrnr.dll
0x70fa0000 - 0x70fc1000 	C:\Program Files (x86)\Bonjour\mdnsNSP.dll
0x73d90000 - 0x73dac000 	C:\Windows\system32\Iphlpapi.DLL
0x73d80000 - 0x73d87000 	C:\Windows\system32\WINNSI.DLL
0x740e0000 - 0x740e5000 	C:\Windows\System32\wshtcpip.dll
0x73900000 - 0x73906000 	C:\Windows\system32\rasadhlp.dll
0x70f60000 - 0x70f98000 	C:\Windows\System32\fwpuclnt.dll
0x6e3a0000 - 0x6e3c4000 	C:\Program Files (x86)\Java\jdk1.7.0_15\jre\bin\dcpr.dll
0x739e0000 - 0x739f6000 	C:\Windows\system32\CRYPTSP.dll
0x73950000 - 0x7398b000 	C:\Windows\system32\rsaenh.dll
0x74190000 - 0x741a7000 	C:\Windows\system32\USERENV.dll
0x741f0000 - 0x741fb000 	C:\Windows\system32\profapi.dll
0x6bdf0000 - 0x6be15000 	C:\Program Files (x86)\Java\jdk1.7.0_15\jre\bin\jpeg.dll
0x10000000 - 0x1003d000 	C:\Users\credit.card\AppData\Local\Temp\jna-credit.card\jna3471511027363163922.dll
0x0a620000 - 0x0a83a000 	I:\Ted\Programs\Files\NetBeansProjects\QuickSave\libtesseract302.dll
0x59c00000 - 0x59d9c000 	I:\Ted\Programs\Files\NetBeansProjects\QuickSave\liblept168.dll
0x70bc0000 - 0x70cab000 	C:\Windows\system32\dbghelp.dll

VM Arguments:
jvm_args: -Dfile.encoding=UTF-8 
java_command: QuickSave.Main
Launcher Type: SUN_STANDARD

Environment Variables:
CLASSPATH=C:\Program Files\Java\jre7\bin
PATH=C:\oracle\product\11.2.0\client_1\bin;C:\app\Administrator\product\11.2.0\client_1;C:\Windows\system32;C:\Windows;C:\Windows\System32\Wbem;C:\Program Files (x86)\QuickTime\QTSystem\;C:\Program Files (x86)\Microsoft SQL Server\110\Tools\Binn\ManagementStudio\;C:\Program Files (x86)\Microsoft SQL Server\110\Tools\Binn\;C:\Program Files\Microsoft SQL Server\110\Tools\Binn\;C:\Program Files (x86)\Microsoft Visual Studio 10.0\Common7\IDE\PrivateAssemblies\;C:\Program Files (x86)\Microsoft SQL Server\110\DTS\Binn\;C:\Windows\System32\WindowsPowerShell\v1.0\;C:\Program Files (x86)\Java\jdk1.7.0_15\bin;C:\Windows\System32\WindowsPowerShell\v1.0\;C:\Tesseract;C:\Program Files\Java\jre7\bin
USERNAME=credit.card
OS=Windows_NT
PROCESSOR_IDENTIFIER=Intel64 Family 6 Model 15 Stepping 6, GenuineIntel



---------------  S Y S T E M  ---------------

OS: Windows 7 , 64 bit Build 7601 Service Pack 1

CPU:total 2 (2 cores per cpu, 1 threads per core) family 6 model 15 stepping 6, cmov, cx8, fxsr, mmx, sse, sse2, sse3, ssse3, tsc

Memory: 4k page, physical 8320628k(4350312k free), swap 16639396k(10136732k free)

vm_info: Java HotSpot(TM) Client VM (23.7-b01) for windows-x86 JRE (1.7.0_15-b03), built on Feb 15 2013 14:01:25 by "java_re" with unknown MS VC++:1600

time: Thu May 16 09:53:32 2013
elapsed time: 36 seconds

