#
# A fatal error has been detected by the Java Runtime Environment:
#
#  EXCEPTION_ACCESS_VIOLATION (0xc0000005) at pc=0x721d59dc, pid=3432, tid=4968
#
# JRE version: 7.0_15-b03
# Java VM: Java HotSpot(TM) Client VM (23.7-b01 mixed mode, sharing windows-x86 )
# Problematic frame:
# C  [libtesseract302.dll+0x59dc]  STRING::strdup+0x467c
#
# Failed to write core dump. Minidumps are not enabled by default on client versions of Windows
#
# If you would like to submit a bug report, please visit:
#   http://bugreport.sun.com/bugreport/crash.jsp
# The crash happened outside the Java Virtual Machine in native code.
# See problematic frame for where to report the bug.
#

---------------  T H R E A D  ---------------

Current thread (0x0846e800):  JavaThread "Thread-4" [_thread_in_native, id=4968, stack(0x09420000,0x09470000)]

siginfo: ExceptionCode=0xc0000005, reading address 0x00000000

Registers:
EAX=0x00000000, EBX=0x093b9424, ECX=0x00000000, EDX=0x09320048
ESP=0x0946dfa8, EBP=0x093a5668, ESI=0x093a71f8, EDI=0x093a56b8
EIP=0x721d59dc, EFLAGS=0x00010206

Top of Stack: (sp=0x0946dfa8)
0x0946dfa8:   00000000 058e0048 093a71f8 093a5668
0x0946dfb8:   093b9424 00000000 00000000 00000000
0x0946dfc8:   00000000 00000000 00000000 00000000
0x0946dfd8:   00000000 00000000 00000000 00000000
0x0946dfe8:   00000000 00000000 00000000 00000000
0x0946dff8:   00000000 00000000 00000000 00000000
0x0946e008:   00000000 00000000 00000000 00000000
0x0946e018:   00000000 00000000 00000000 00000000 

Instructions: (pc=0x721d59dc)
0x721d59bc:   86 b8 00 00 00 ff 86 b0 0f 00 00 57 50 e8 3a 6e
0x721d59cc:   10 00 8b 8e b8 00 00 00 8b f8 8b 86 94 06 00 00
0x721d59dc:   8b 00 83 c4 04 3b c8 89 7c 24 10 7c 02 8b c1 50
0x721d59ec:   e8 17 6e 10 00 8b 9c 24 34 08 00 00 8b 94 24 30 


Register to memory mapping:

EAX=0x00000000 is an unknown value
EBX=0x093b9424 is an unknown value
ECX=0x00000000 is an unknown value
EDX=0x09320048 is an unknown value
ESP=0x0946dfa8 is pointing into the stack for thread: 0x0846e800
EBP=0x093a5668 is an unknown value
ESI=0x093a71f8 is an unknown value
EDI=0x093a56b8 is an unknown value


Stack: [0x09420000,0x09470000],  sp=0x0946dfa8,  free space=311k
Native frames: (J=compiled Java code, j=interpreted, Vv=VM code, C=native code)
C  [libtesseract302.dll+0x59dc]  STRING::strdup+0x467c

Java frames: (J=compiled Java code, j=interpreted, Vv=VM code)
j  com.sun.jna.Native.invokePointer(JI[Ljava/lang/Object;)J+0
j  com.sun.jna.Function.invokePointer(I[Ljava/lang/Object;)Lcom/sun/jna/Pointer;+6
j  com.sun.jna.Function.invoke([Ljava/lang/Object;Ljava/lang/Class;Z)Ljava/lang/Object;+642
j  com.sun.jna.Function.invoke(Ljava/lang/Class;[Ljava/lang/Object;Ljava/util/Map;)Ljava/lang/Object;+214
j  com.sun.jna.Library$Handler.invoke(Ljava/lang/Object;Ljava/lang/reflect/Method;[Ljava/lang/Object;)Ljava/lang/Object;+341
j  com.sun.proxy.$Proxy0.TessBaseAPIGetUTF8Text(Lnet/sourceforge/tess4j/TessAPI$TessBaseAPI;)Lcom/sun/jna/Pointer;+16
j  net.sourceforge.tess4j.Tesseract.doOCR(IILjava/nio/ByteBuffer;Ljava/awt/Rectangle;I)Ljava/lang/String;+215
j  net.sourceforge.tess4j.Tesseract.doOCR(Ljava/util/List;Ljava/awt/Rectangle;)Ljava/lang/String;+95
j  net.sourceforge.tess4j.Tesseract.doOCR(Ljava/awt/image/BufferedImage;Ljava/awt/Rectangle;)Ljava/lang/String;+33
j  net.sourceforge.tess4j.Tesseract.doOCR(Ljava/awt/image/BufferedImage;)Ljava/lang/String;+3
j  QuickSave.MainGui.OCR(Ljava/awt/image/BufferedImage;Ljava/lang/String;)Ljava/lang/String;+11
j  QuickSave.MainGui.ReadCheck()V+84
j  QuickSave.MainGui.DisplayImage()V+108
j  QuickSave.MainGui.jSliderZoomStateChanged(Ljavax/swing/event/ChangeEvent;)V+22
j  QuickSave.MainGui.access$600(LQuickSave/MainGui;Ljavax/swing/event/ChangeEvent;)V+2
j  QuickSave.MainGui$7.stateChanged(Ljavax/swing/event/ChangeEvent;)V+5
j  javax.swing.JSlider.fireStateChanged()V+57
j  javax.swing.JSlider$ModelListener.stateChanged(Ljavax/swing/event/ChangeEvent;)V+4
j  javax.swing.DefaultBoundedRangeModel.fireStateChanged()V+57
j  javax.swing.DefaultBoundedRangeModel.setRangeProperties(IIIIZ)V+130
j  javax.swing.DefaultBoundedRangeModel.setValue(I)V+62
j  javax.swing.JSlider.setValue(I)V+20
j  QuickSave.MainGui.NewDoc()V+157
j  QuickSave.tempChecker.run()V+58
j  java.lang.Thread.run()V+11
v  ~StubRoutines::call_stub

---------------  P R O C E S S  ---------------

Java Threads: ( => current thread )
  0x00fab000 JavaThread "DestroyJavaVM" [_thread_blocked, id=1744, stack(0x00e40000,0x00e90000)]
  0x0847ac00 JavaThread "D3D Screen Updater" daemon [_thread_blocked, id=3192, stack(0x09ce0000,0x09d30000)]
  0x08471400 JavaThread "Thread-6" [_thread_blocked, id=2244, stack(0x097f0000,0x09840000)]
=>0x0846e800 JavaThread "Thread-4" [_thread_in_native, id=4968, stack(0x09420000,0x09470000)]
  0x083fa000 JavaThread "AWT-EventQueue-0" [_thread_blocked, id=2980, stack(0x04f60000,0x04fb0000)]
  0x04da6800 JavaThread "Image Fetcher 0" daemon [_thread_blocked, id=3704, stack(0x05ae0000,0x05b30000)]
  0x04cb2400 JavaThread "AWT-Windows" daemon [_thread_in_native, id=3476, stack(0x048b0000,0x04900000)]
  0x04cb1800 JavaThread "AWT-Shutdown" [_thread_blocked, id=3172, stack(0x04b70000,0x04bc0000)]
  0x04caec00 JavaThread "Java2D Disposer" daemon [_thread_blocked, id=3788, stack(0x04e80000,0x04ed0000)]
  0x004f5800 JavaThread "Service Thread" daemon [_thread_blocked, id=2380, stack(0x04a50000,0x04aa0000)]
  0x004f0400 JavaThread "C1 CompilerThread0" daemon [_thread_blocked, id=4772, stack(0x049a0000,0x049f0000)]
  0x004ef000 JavaThread "Attach Listener" daemon [_thread_blocked, id=3756, stack(0x047e0000,0x04830000)]
  0x004ee000 JavaThread "Signal Dispatcher" daemon [_thread_blocked, id=3632, stack(0x04760000,0x047b0000)]
  0x004d6c00 JavaThread "Finalizer" daemon [_thread_blocked, id=3792, stack(0x04710000,0x04760000)]
  0x004d5400 JavaThread "Reference Handler" daemon [_thread_blocked, id=3004, stack(0x00fd0000,0x01020000)]

Other Threads:
  0x004d4000 VMThread [stack: 0x01060000,0x010b0000] [id=4320]
  0x00507c00 WatcherThread [stack: 0x04c00000,0x04c50000] [id=4792]

VM state:not at safepoint (normal execution)

VM Mutex/Monitor currently owned by a thread: None

Heap
 def new generation   total 24640K, used 3706K [0x23f60000, 0x25a10000, 0x294b0000)
  eden space 21952K,  14% used [0x23f60000, 0x24274898, 0x254d0000)
  from space 2688K,  20% used [0x25770000, 0x257fa238, 0x25a10000)
  to   space 2688K,   0% used [0x254d0000, 0x254d0000, 0x25770000)
 tenured generation   total 54504K, used 47340K [0x294b0000, 0x2c9ea000, 0x33f60000)
   the space 54504K,  86% used [0x294b0000, 0x2c2eb160, 0x2c2eb200, 0x2c9ea000)
 compacting perm gen  total 12288K, used 4611K [0x33f60000, 0x34b60000, 0x37f60000)
   the space 12288K,  37% used [0x33f60000, 0x343e0d90, 0x343e0e00, 0x34b60000)
    ro space 10240K,  45% used [0x37f60000, 0x383e7290, 0x383e7400, 0x38960000)
    rw space 12288K,  54% used [0x38960000, 0x38feace8, 0x38feae00, 0x39560000)

Card table byte_map: [0x00e90000,0x00f40000] byte_map_base: 0x00d70500

Polling page: 0x00150000

Code Cache  [0x02680000, 0x027f0000, 0x04680000)
 total_blobs=756 nmethods=506 adapters=184 free_code_cache=31308Kb largest_free_block=32059136

Compilation events (10 events):
Event: 3.778 Thread 0x004f0400  502             java.io.DataOutputStream::writeShort (35 bytes)
Event: 3.778 Thread 0x004f0400 nmethod 502 0x027eb988 code [0x027ebaa0, 0x027ebb98]
Event: 3.788 Thread 0x004f0400  504             java.lang.String::<init> (15 bytes)
Event: 3.788 Thread 0x004f0400 nmethod 504 0x027ebe88 code [0x027ebf80, 0x027ec010]
Event: 3.789 Thread 0x004f0400  505   !         java.util.zip.ZipFile$ZipFileInputStream::close (110 bytes)
Event: 3.789 Thread 0x004f0400 nmethod 505 0x027ec048 code [0x027ec170, 0x027ec5f8]
Event: 3.790 Thread 0x004f0400  506             sun.misc.Hashing::randomHashSeed (103 bytes)
Event: 3.790 Thread 0x004f0400 nmethod 506 0x027ec848 code [0x027ec9a0, 0x027ecc18]
Event: 3.829 Thread 0x004f0400  507  s          java.util.Vector::size (5 bytes)
Event: 3.829 Thread 0x004f0400 nmethod 507 0x027ecdc8 code [0x027ecec0, 0x027ed080]

GC Heap History (10 events):
Event: 2.531 GC heap before
{Heap before GC invocations=6 (full 2):
 def new generation   total 14848K, used 10338K [0x23f60000, 0x24f70000, 0x294b0000)
  eden space 13248K,  77% used [0x23f60000, 0x24977258, 0x24c50000)
  from space 1600K,   0% used [0x24de0000, 0x24de1868, 0x24f70000)
  to   space 1600K,   0% used [0x24c50000, 0x24c50000, 0x24de0000)
 tenured generation   total 32744K, used 30663K [0x294b0000, 0x2b4aa000, 0x33f60000)
   the space 32744K,  93% used [0x294b0000, 0x2b2a1f88, 0x2b2a2000, 0x2b4aa000)
 compacting perm gen  total 12288K, used 3807K [0x33f60000, 0x34b60000, 0x37f60000)
   the space 12288K,  30% used [0x33f60000, 0x34317f68, 0x34318000, 0x34b60000)
    ro space 10240K,  45% used [0x37f60000, 0x383e7290, 0x383e7400, 0x38960000)
    rw space 12288K,  54% used [0x38960000, 0x38feace8, 0x38feae00, 0x39560000)
Event: 2.566 GC heap after
Heap after GC invocations=7 (full 3):
 def new generation   total 14848K, used 0K [0x23f60000, 0x24f70000, 0x294b0000)
  eden space 13248K,   0% used [0x23f60000, 0x23f60000, 0x24c50000)
  from space 1600K,   0% used [0x24c50000, 0x24c50000, 0x24de0000)
  to   space 1600K,   0% used [0x24de0000, 0x24de0000, 0x24f70000)
 tenured generation   total 32744K, used 18800K [0x294b0000, 0x2b4aa000, 0x33f60000)
   the space 32744K,  57% used [0x294b0000, 0x2a70c110, 0x2a70c200, 0x2b4aa000)
 compacting perm gen  total 12288K, used 3807K [0x33f60000, 0x34b60000, 0x37f60000)
   the space 12288K,  30% used [0x33f60000, 0x34317f68, 0x34318000, 0x34b60000)
    ro space 10240K,  45% used [0x37f60000, 0x383e7290, 0x383e7400, 0x38960000)
    rw space 12288K,  54% used [0x38960000, 0x38feace8, 0x38feae00, 0x39560000)
}
Event: 2.591 GC heap before
{Heap before GC invocations=7 (full 3):
 def new generation   total 14848K, used 13248K [0x23f60000, 0x24f70000, 0x294b0000)
  eden space 13248K, 100% used [0x23f60000, 0x24c50000, 0x24c50000)
  from space 1600K,   0% used [0x24c50000, 0x24c50000, 0x24de0000)
  to   space 1600K,   0% used [0x24de0000, 0x24de0000, 0x24f70000)
 tenured generation   total 47304K, used 33357K [0x294b0000, 0x2c2e2000, 0x33f60000)
   the space 47304K,  70% used [0x294b0000, 0x2b5434f8, 0x2b543600, 0x2c2e2000)
 compacting perm gen  total 12288K, used 3807K [0x33f60000, 0x34b60000, 0x37f60000)
   the space 12288K,  30% used [0x33f60000, 0x34317f88, 0x34318000, 0x34b60000)
    ro space 10240K,  45% used [0x37f60000, 0x383e7290, 0x383e7400, 0x38960000)
    rw space 12288K,  54% used [0x38960000, 0x38feace8, 0x38feae00, 0x39560000)
Event: 2.604 GC heap after
Heap after GC invocations=8 (full 3):
 def new generation   total 14848K, used 711K [0x23f60000, 0x24f70000, 0x294b0000)
  eden space 13248K,   0% used [0x23f60000, 0x23f60000, 0x24c50000)
  from space 1600K,  44% used [0x24de0000, 0x24e91c90, 0x24f70000)
  to   space 1600K,   0% used [0x24c50000, 0x24c50000, 0x24de0000)
 tenured generation   total 47304K, used 44274K [0x294b0000, 0x2c2e2000, 0x33f60000)
   the space 47304K,  93% used [0x294b0000, 0x2bfecbf0, 0x2bfecc00, 0x2c2e2000)
 compacting perm gen  total 12288K, used 3807K [0x33f60000, 0x34b60000, 0x37f60000)
   the space 12288K,  30% used [0x33f60000, 0x34317f88, 0x34318000, 0x34b60000)
    ro space 10240K,  45% used [0x37f60000, 0x383e7290, 0x383e7400, 0x38960000)
    rw space 12288K,  54% used [0x38960000, 0x38feace8, 0x38feae00, 0x39560000)
}
Event: 2.690 GC heap before
{Heap before GC invocations=8 (full 3):
 def new generation   total 14848K, used 13959K [0x23f60000, 0x24f70000, 0x294b0000)
  eden space 13248K, 100% used [0x23f60000, 0x24c50000, 0x24c50000)
  from space 1600K,  44% used [0x24de0000, 0x24e91c90, 0x24f70000)
  to   space 1600K,   0% used [0x24c50000, 0x24c50000, 0x24de0000)
 tenured generation   total 47304K, used 44274K [0x294b0000, 0x2c2e2000, 0x33f60000)
   the space 47304K,  93% used [0x294b0000, 0x2bfecbf0, 0x2bfecc00, 0x2c2e2000)
 compacting perm gen  total 12288K, used 3811K [0x33f60000, 0x34b60000, 0x37f60000)
   the space 12288K,  31% used [0x33f60000, 0x34318d78, 0x34318e00, 0x34b60000)
    ro space 10240K,  45% used [0x37f60000, 0x383e7290, 0x383e7400, 0x38960000)
    rw space 12288K,  54% used [0x38960000, 0x38feace8, 0x38feae00, 0x39560000)
Event: 2.692 GC heap after
Heap after GC invocations=9 (full 3):
 def new generation   total 14848K, used 1056K [0x23f60000, 0x24f70000, 0x294b0000)
  eden space 13248K,   0% used [0x23f60000, 0x23f60000, 0x24c50000)
  from space 1600K,  66% used [0x24c50000, 0x24d581b8, 0x24de0000)
  to   space 1600K,   0% used [0x24de0000, 0x24de0000, 0x24f70000)
 tenured generation   total 47304K, used 44274K [0x294b0000, 0x2c2e2000, 0x33f60000)
   the space 47304K,  93% used [0x294b0000, 0x2bfecbf0, 0x2bfecc00, 0x2c2e2000)
 compacting perm gen  total 12288K, used 3811K [0x33f60000, 0x34b60000, 0x37f60000)
   the space 12288K,  31% used [0x33f60000, 0x34318d78, 0x34318e00, 0x34b60000)
    ro space 10240K,  45% used [0x37f60000, 0x383e7290, 0x383e7400, 0x38960000)
    rw space 12288K,  54% used [0x38960000, 0x38feace8, 0x38feae00, 0x39560000)
}
Event: 2.727 GC heap before
{Heap before GC invocations=9 (full 3):
 def new generation   total 14848K, used 3351K [0x23f60000, 0x24f70000, 0x294b0000)
  eden space 13248K,  17% used [0x23f60000, 0x2419dab0, 0x24c50000)
  from space 1600K,  66% used [0x24c50000, 0x24d581b8, 0x24de0000)
  to   space 1600K,   0% used [0x24de0000, 0x24de0000, 0x24f70000)
 tenured generation   total 47304K, used 44274K [0x294b0000, 0x2c2e2000, 0x33f60000)
   the space 47304K,  93% used [0x294b0000, 0x2bfecbf0, 0x2bfecc00, 0x2c2e2000)
 compacting perm gen  total 12288K, used 3827K [0x33f60000, 0x34b60000, 0x37f60000)
   the space 12288K,  31% used [0x33f60000, 0x3431cd10, 0x3431ce00, 0x34b60000)
    ro space 10240K,  45% used [0x37f60000, 0x383e7290, 0x383e7400, 0x38960000)
    rw space 12288K,  54% used [0x38960000, 0x38feace8, 0x38feae00, 0x39560000)
Event: 2.781 GC heap after
Heap after GC invocations=10 (full 4):
 def new generation   total 24640K, used 0K [0x23f60000, 0x25a10000, 0x294b0000)
  eden space 21952K,   0% used [0x23f60000, 0x23f60000, 0x254d0000)
  from space 2688K,   0% used [0x254d0000, 0x254d0000, 0x25770000)
  to   space 2688K,   0% used [0x25770000, 0x25770000, 0x25a10000)
 tenured generation   total 54504K, used 32702K [0x294b0000, 0x2c9ea000, 0x33f60000)
   the space 54504K,  59% used [0x294b0000, 0x2b49f8d0, 0x2b49fa00, 0x2c9ea000)
 compacting perm gen  total 12288K, used 3825K [0x33f60000, 0x34b60000, 0x37f60000)
   the space 12288K,  31% used [0x33f60000, 0x3431c7d8, 0x3431c800, 0x34b60000)
    ro space 10240K,  45% used [0x37f60000, 0x383e7290, 0x383e7400, 0x38960000)
    rw space 12288K,  54% used [0x38960000, 0x38feace8, 0x38feae00, 0x39560000)
}
Event: 2.960 GC heap before
{Heap before GC invocations=10 (full 4):
 def new generation   total 24640K, used 21952K [0x23f60000, 0x25a10000, 0x294b0000)
  eden space 21952K, 100% used [0x23f60000, 0x254d0000, 0x254d0000)
  from space 2688K,   0% used [0x254d0000, 0x254d0000, 0x25770000)
  to   space 2688K,   0% used [0x25770000, 0x25770000, 0x25a10000)
 tenured generation   total 54504K, used 32702K [0x294b0000, 0x2c9ea000, 0x33f60000)
   the space 54504K,  59% used [0x294b0000, 0x2b49f8d0, 0x2b49fa00, 0x2c9ea000)
 compacting perm gen  total 12288K, used 4189K [0x33f60000, 0x34b60000, 0x37f60000)
   the space 12288K,  34% used [0x33f60000, 0x34377710, 0x34377800, 0x34b60000)
    ro space 10240K,  45% used [0x37f60000, 0x383e7290, 0x383e7400, 0x38960000)
    rw space 12288K,  54% used [0x38960000, 0x38feace8, 0x38feae00, 0x39560000)
Event: 2.972 GC heap after
Heap after GC invocations=11 (full 4):
 def new generation   total 24640K, used 552K [0x23f60000, 0x25a10000, 0x294b0000)
  eden space 21952K,   0% used [0x23f60000, 0x23f60000, 0x254d0000)
  from space 2688K,  20% used [0x25770000, 0x257fa238, 0x25a10000)
  to   space 2688K,   0% used [0x254d0000, 0x254d0000, 0x25770000)
 tenured generation   total 54504K, used 47340K [0x294b0000, 0x2c9ea000, 0x33f60000)
   the space 54504K,  86% used [0x294b0000, 0x2c2eb160, 0x2c2eb200, 0x2c9ea000)
 compacting perm gen  total 12288K, used 4189K [0x33f60000, 0x34b60000, 0x37f60000)
   the space 12288K,  34% used [0x33f60000, 0x34377710, 0x34377800, 0x34b60000)
    ro space 10240K,  45% used [0x37f60000, 0x383e7290, 0x383e7400, 0x38960000)
    rw space 12288K,  54% used [0x38960000, 0x38feace8, 0x38feae00, 0x39560000)
}

Deoptimization events (0 events):
No events

Internal exceptions (10 events):
Event: 3.787 Thread 0x0846e800 Threw 0x2424c5b8 at C:\jdk7u2_32P\jdk7u15\hotspot\src\share\vm\prims\jvm.cpp:1166
Event: 3.788 Thread 0x0846e800 Threw 0x2424dfb8 at C:\jdk7u2_32P\jdk7u15\hotspot\src\share\vm\prims\jvm.cpp:1166
Event: 3.788 Thread 0x0846e800 Threw 0x2424fe08 at C:\jdk7u2_32P\jdk7u15\hotspot\src\share\vm\prims\jvm.cpp:1166
Event: 3.789 Thread 0x0846e800 Threw 0x24251da0 at C:\jdk7u2_32P\jdk7u15\hotspot\src\share\vm\prims\jvm.cpp:1166
Event: 3.789 Thread 0x0846e800 Threw 0x24253c20 at C:\jdk7u2_32P\jdk7u15\hotspot\src\share\vm\prims\jvm.cpp:1166
Event: 3.791 Thread 0x0846e800 Threw 0x242580e8 at C:\jdk7u2_32P\jdk7u15\hotspot\src\share\vm\prims\jvm.cpp:1166
Event: 3.792 Thread 0x0846e800 Threw 0x2425b028 at C:\jdk7u2_32P\jdk7u15\hotspot\src\share\vm\prims\jvm.cpp:1166
Event: 3.792 Thread 0x0846e800 Threw 0x2425da68 at C:\jdk7u2_32P\jdk7u15\hotspot\src\share\vm\prims\jvm.cpp:1166
Event: 3.828 Thread 0x0846e800 Threw 0x24262068 at C:\jdk7u2_32P\jdk7u15\hotspot\src\share\vm\prims\jvm.cpp:1166
Event: 3.829 Thread 0x0846e800 Threw 0x24264418 at C:\jdk7u2_32P\jdk7u15\hotspot\src\share\vm\prims\jvm.cpp:1166

Events (10 events):
Event: 3.791 loading class 0x084ffca0
Event: 3.791 loading class 0x084ffca0 done
Event: 3.792 loading class 0x0850b0f0
Event: 3.792 loading class 0x0850b0f0 done
Event: 3.792 loading class 0x0850b048
Event: 3.792 loading class 0x0850b048 done
Event: 3.828 loading class 0x0859ae68
Event: 3.828 loading class 0x0859ae68 done
Event: 3.829 loading class 0x084fefb0
Event: 3.829 loading class 0x084fefb0 done


Dynamic libraries:
0x01250000 - 0x0127f000 	C:\Program Files (x86)\Java\jdk1.7.0_15\bin\java.exe
0x77910000 - 0x77a90000 	C:\Windows\SysWOW64\ntdll.dll
0x76b10000 - 0x76c20000 	C:\Windows\syswow64\kernel32.dll
0x76d40000 - 0x76d87000 	C:\Windows\syswow64\KERNELBASE.dll
0x76f30000 - 0x76fd0000 	C:\Windows\syswow64\ADVAPI32.dll
0x750f0000 - 0x7519c000 	C:\Windows\syswow64\msvcrt.dll
0x76070000 - 0x76089000 	C:\Windows\SysWOW64\sechost.dll
0x76760000 - 0x76850000 	C:\Windows\syswow64\RPCRT4.dll
0x74f70000 - 0x74fd0000 	C:\Windows\syswow64\SspiCli.dll
0x74f60000 - 0x74f6c000 	C:\Windows\syswow64\CRYPTBASE.dll
0x76660000 - 0x76760000 	C:\Windows\syswow64\USER32.dll
0x763d0000 - 0x76460000 	C:\Windows\syswow64\GDI32.dll
0x76f20000 - 0x76f2a000 	C:\Windows\syswow64\LPK.dll
0x74fd0000 - 0x7506d000 	C:\Windows\syswow64\USP10.dll
0x73a70000 - 0x73c0e000 	C:\Windows\WinSxS\x86_microsoft.windows.common-controls_6595b64144ccf1df_6.0.7601.17514_none_41e6975e2bd6f2b2\COMCTL32.dll
0x76d90000 - 0x76de7000 	C:\Windows\syswow64\SHLWAPI.dll
0x769b0000 - 0x76a10000 	C:\Windows\system32\IMM32.DLL
0x76a10000 - 0x76adc000 	C:\Windows\syswow64\MSCTF.dll
0x720f0000 - 0x721ae000 	C:\Program Files (x86)\Java\jdk1.7.0_15\jre\bin\msvcr100.dll
0x70780000 - 0x70acc000 	C:\Program Files (x86)\Java\jdk1.7.0_15\jre\bin\client\jvm.dll
0x74b20000 - 0x74b27000 	C:\Windows\system32\WSOCK32.dll
0x76030000 - 0x76065000 	C:\Windows\syswow64\WS2_32.dll
0x760b0000 - 0x760b6000 	C:\Windows\syswow64\NSI.dll
0x74ab0000 - 0x74ae2000 	C:\Windows\system32\WINMM.dll
0x753d0000 - 0x753d5000 	C:\Windows\syswow64\PSAPI.DLL
0x73630000 - 0x7363c000 	C:\Program Files (x86)\Java\jdk1.7.0_15\jre\bin\verify.dll
0x73030000 - 0x73050000 	C:\Program Files (x86)\Java\jdk1.7.0_15\jre\bin\java.dll
0x73010000 - 0x73023000 	C:\Program Files (x86)\Java\jdk1.7.0_15\jre\bin\zip.dll
0x71fa0000 - 0x720e2000 	C:\Program Files (x86)\Java\jdk1.7.0_15\jre\bin\awt.dll
0x76460000 - 0x764ef000 	C:\Windows\syswow64\OLEAUT32.dll
0x76850000 - 0x769ac000 	C:\Windows\syswow64\ole32.dll
0x73150000 - 0x731d0000 	C:\Windows\system32\uxtheme.dll
0x73780000 - 0x73793000 	C:\Windows\system32\dwmapi.dll
0x753e0000 - 0x7602a000 	C:\Windows\syswow64\SHELL32.dll
0x726b0000 - 0x726da000 	C:\Program Files (x86)\Java\jdk1.7.0_15\jre\bin\fontmanager.dll
0x6c370000 - 0x6c533000 	C:\Windows\system32\d3d9.dll
0x74c60000 - 0x74c69000 	C:\Windows\system32\VERSION.dll
0x729a0000 - 0x729a6000 	C:\Windows\system32\d3d8thk.dll
0x6ac00000 - 0x6b35c000 	C:\Windows\system32\nvd3dum.dll
0x72e50000 - 0x72e75000 	C:\Windows\system32\powrprof.dll
0x751a0000 - 0x7533d000 	C:\Windows\syswow64\SETUPAPI.dll
0x760f0000 - 0x76117000 	C:\Windows\syswow64\CFGMGR32.dll
0x76090000 - 0x760a2000 	C:\Windows\syswow64\DEVOBJ.dll
0x72ff0000 - 0x73004000 	C:\Program Files (x86)\Java\jdk1.7.0_15\jre\bin\net.dll
0x74750000 - 0x7478c000 	C:\Windows\system32\mswsock.dll
0x72ed0000 - 0x72ed6000 	C:\Windows\System32\wship6.dll
0x73640000 - 0x7364e000 	C:\Program Files (x86)\Java\jdk1.7.0_15\jre\bin\nio.dll
0x72670000 - 0x726a1000 	C:\Program Files (x86)\Java\jdk1.7.0_15\jre\bin\t2k.dll
0x75340000 - 0x753c3000 	C:\Windows\syswow64\CLBCatQ.DLL
0x70680000 - 0x7077b000 	C:\Windows\system32\WindowsCodecs.dll
0x73200000 - 0x7324c000 	C:\Windows\system32\apphelp.dll
0x71f60000 - 0x71f91000 	C:\Windows\system32\EhStorShell.dll
0x724c0000 - 0x725b5000 	C:\Windows\system32\PROPSYS.dll
0x69310000 - 0x69716000 	C:\PROGRA~2\MICROS~2\Office14\GROOVEEX.DLL
0x74db0000 - 0x74e53000 	C:\Windows\WinSxS\x86_microsoft.vc90.crt_1fc8b3b9a1e18e3b_9.0.30729.6161_none_50934f2ebcb7eb57\MSVCR90.dll
0x71ed0000 - 0x71f5e000 	C:\Windows\WinSxS\x86_microsoft.vc90.crt_1fc8b3b9a1e18e3b_9.0.30729.6161_none_50934f2ebcb7eb57\MSVCP90.dll
0x72490000 - 0x724bb000 	C:\Windows\WinSxS\x86_microsoft.vc90.atl_1fc8b3b9a1e18e3b_9.0.30729.6161_none_51cd0a7abbe4e19b\ATL90.DLL
0x6b4d0000 - 0x6b8ea000 	C:\PROGRA~2\COMMON~1\MICROS~1\OFFICE14\Cultures\office.odf
0x68aa0000 - 0x69305000 	C:\PROGRA~2\MICROS~2\Office14\1033\GrooveIntlResource.dll
0x72c70000 - 0x72ce0000 	C:\Windows\system32\ntshrui.dll
0x73a10000 - 0x73a29000 	C:\Windows\system32\srvcli.dll
0x73890000 - 0x7389b000 	C:\Windows\system32\cscapi.dll
0x72890000 - 0x7289a000 	C:\Windows\system32\slc.dll
0x619e0000 - 0x61a08000 	C:\Windows\SysWOW64\pfmshx_640.dll
0x71430000 - 0x71440000 	C:\Windows\system32\NLAapi.dll
0x71420000 - 0x71430000 	C:\Windows\system32\napinsp.dll
0x71400000 - 0x71412000 	C:\Windows\system32\pnrpnsp.dll
0x74000000 - 0x74044000 	C:\Windows\system32\DNSAPI.dll
0x713f0000 - 0x713f8000 	C:\Windows\System32\winrnr.dll
0x713c0000 - 0x713e1000 	C:\Program Files (x86)\Bonjour\mdnsNSP.dll
0x74260000 - 0x7427c000 	C:\Windows\system32\Iphlpapi.DLL
0x74250000 - 0x74257000 	C:\Windows\system32\WINNSI.DLL
0x74740000 - 0x74745000 	C:\Windows\System32\wshtcpip.dll
0x73f70000 - 0x73f76000 	C:\Windows\system32\rasadhlp.dll
0x71380000 - 0x713b8000 	C:\Windows\System32\fwpuclnt.dll
0x72460000 - 0x72484000 	C:\Program Files (x86)\Java\jdk1.7.0_15\jre\bin\dcpr.dll
0x74060000 - 0x74076000 	C:\Windows\system32\CRYPTSP.dll
0x73fc0000 - 0x73ffb000 	C:\Windows\system32\rsaenh.dll
0x747f0000 - 0x74807000 	C:\Windows\system32\USERENV.dll
0x74850000 - 0x7485b000 	C:\Windows\system32\profapi.dll
0x73920000 - 0x73945000 	C:\Program Files (x86)\Java\jdk1.7.0_15\jre\bin\jpeg.dll
0x10000000 - 0x1003d000 	C:\Users\credit.card\AppData\Local\Temp\jna-credit.card\jna5110127268272103610.dll
0x721d0000 - 0x723ea000 	I:\Ted\Programs\Files\NetBeansProjects\QuickSave\libtesseract302.dll
0x70f30000 - 0x710cc000 	I:\Ted\Programs\Files\NetBeansProjects\QuickSave\liblept168.dll
0x737a0000 - 0x7388b000 	C:\Windows\system32\dbghelp.dll

VM Arguments:
jvm_args: -Dfile.encoding=UTF-8 
java_command: QuickSave.Main
Launcher Type: SUN_STANDARD

Environment Variables:
CLASSPATH=C:\Program Files\Java\jre7\bin
PATH=C:\oracle\product\11.2.0\client_1\bin;C:\app\Administrator\product\11.2.0\client_1;C:\Windows\system32;C:\Windows;C:\Windows\System32\Wbem;C:\Program Files (x86)\QuickTime\QTSystem\;C:\Program Files (x86)\Microsoft SQL Server\110\Tools\Binn\ManagementStudio\;C:\Program Files (x86)\Microsoft SQL Server\110\Tools\Binn\;C:\Program Files\Microsoft SQL Server\110\Tools\Binn\;C:\Program Files (x86)\Microsoft Visual Studio 10.0\Common7\IDE\PrivateAssemblies\;C:\Program Files (x86)\Microsoft SQL Server\110\DTS\Binn\;C:\Windows\System32\WindowsPowerShell\v1.0\;C:\Program Files (x86)\Java\jdk1.7.0_15\bin;C:\Windows\System32\WindowsPowerShell\v1.0\;C:\Program Files\Java\jre7\bin
USERNAME=credit.card
OS=Windows_NT
PROCESSOR_IDENTIFIER=Intel64 Family 6 Model 15 Stepping 6, GenuineIntel



---------------  S Y S T E M  ---------------

OS: Windows 7 , 64 bit Build 7601 Service Pack 1

CPU:total 2 (2 cores per cpu, 1 threads per core) family 6 model 15 stepping 6, cmov, cx8, fxsr, mmx, sse, sse2, sse3, ssse3, tsc

Memory: 4k page, physical 8320628k(5491396k free), swap 16639396k(12778064k free)

vm_info: Java HotSpot(TM) Client VM (23.7-b01) for windows-x86 JRE (1.7.0_15-b03), built on Feb 15 2013 14:01:25 by "java_re" with unknown MS VC++:1600

time: Tue May 21 14:25:36 2013
elapsed time: 3 seconds

